{
  "C:\\Users\\manme\\CSC308\\ToDoList\\frontend\\src\\App.jsx": {
    "path": "C:\\Users\\manme\\CSC308\\ToDoList\\frontend\\src\\App.jsx",
    "statementMap": {
      "0": {
        "start": { "line": 28, "column": 2 },
        "end": { "line": 34, "column": 3 }
      },
      "1": {
        "start": { "line": 29, "column": 20 },
        "end": { "line": 29, "column": 39 }
      },
      "2": {
        "start": { "line": 30, "column": 27 },
        "end": { "line": 30, "column": 40 }
      },
      "3": {
        "start": { "line": 31, "column": 4 },
        "end": { "line": 31, "column": 38 }
      },
      "4": {
        "start": { "line": 33, "column": 4 },
        "end": { "line": 33, "column": 16 }
      },
      "5": {
        "start": { "line": 37, "column": 18 },
        "end": { "line": 37, "column": 57 }
      },
      "6": {
        "start": { "line": 38, "column": 0 },
        "end": { "line": 38, "column": 43 }
      },
      "7": {
        "start": { "line": 41, "column": 48 },
        "end": { "line": 41, "column": 63 }
      },
      "8": {
        "start": { "line": 42, "column": 46 },
        "end": { "line": 42, "column": 60 }
      },
      "9": {
        "start": { "line": 43, "column": 38 },
        "end": { "line": 43, "column": 52 }
      },
      "10": {
        "start": { "line": 44, "column": 2 },
        "end": { "line": 73, "column": 9 }
      },
      "11": {
        "start": { "line": 46, "column": 6 },
        "end": { "line": 46, "column": 70 }
      },
      "12": {
        "start": { "line": 48, "column": 4 },
        "end": { "line": 70, "column": 5 }
      },
      "13": {
        "start": { "line": 49, "column": 22 },
        "end": { "line": 49, "column": 38 }
      },
      "14": {
        "start": { "line": 50, "column": 6 },
        "end": { "line": 67, "column": 7 }
      },
      "15": {
        "start": { "line": 51, "column": 8 },
        "end": { "line": 51, "column": 33 }
      },
      "16": {
        "start": { "line": 53, "column": 8 },
        "end": { "line": 62, "column": 74 }
      },
      "17": {
        "start": { "line": 56, "column": 25 },
        "end": { "line": 56, "column": 35 }
      },
      "18": {
        "start": { "line": 58, "column": 12 },
        "end": { "line": 60, "column": 13 }
      },
      "19": {
        "start": { "line": 59, "column": 14 },
        "end": { "line": 59, "column": 45 }
      },
      "20": {
        "start": { "line": 62, "column": 26 },
        "end": { "line": 62, "column": 72 }
      },
      "21": {
        "start": { "line": 64, "column": 8 },
        "end": { "line": 64, "column": 41 }
      },
      "22": {
        "start": { "line": 65, "column": 8 },
        "end": { "line": 65, "column": 43 }
      },
      "23": {
        "start": { "line": 66, "column": 8 },
        "end": { "line": 66, "column": 34 }
      },
      "24": {
        "start": { "line": 69, "column": 6 },
        "end": { "line": 69, "column": 32 }
      },
      "25": {
        "start": { "line": 72, "column": 4 },
        "end": { "line": 72, "column": 29 }
      },
      "26": {
        "start": { "line": 75, "column": 2 },
        "end": { "line": 75, "column": 51 }
      },
      "27": {
        "start": { "line": 75, "column": 22 },
        "end": { "line": 75, "column": 51 }
      },
      "28": {
        "start": { "line": 77, "column": 29 },
        "end": { "line": 98, "column": 3 }
      },
      "29": {
        "start": { "line": 78, "column": 4 },
        "end": { "line": 78, "column": 29 }
      },
      "30": {
        "start": { "line": 81, "column": 6 },
        "end": { "line": 81, "column": 70 }
      },
      "31": {
        "start": { "line": 82, "column": 4 },
        "end": { "line": 82, "column": 23 }
      },
      "32": {
        "start": { "line": 82, "column": 16 },
        "end": { "line": 82, "column": 23 }
      },
      "33": {
        "start": { "line": 84, "column": 4 },
        "end": { "line": 97, "column": 5 }
      },
      "34": {
        "start": { "line": 85, "column": 18 },
        "end": { "line": 89, "column": 8 }
      },
      "35": {
        "start": { "line": 91, "column": 6 },
        "end": { "line": 91, "column": 62 }
      },
      "36": {
        "start": { "line": 91, "column": 19 },
        "end": { "line": 91, "column": 62 }
      },
      "37": {
        "start": { "line": 92, "column": 19 },
        "end": { "line": 92, "column": 35 }
      },
      "38": {
        "start": { "line": 94, "column": 6 },
        "end": { "line": 94, "column": 59 }
      },
      "39": {
        "start": { "line": 94, "column": 28 },
        "end": { "line": 94, "column": 59 }
      },
      "40": {
        "start": { "line": 96, "column": 6 },
        "end": { "line": 96, "column": 61 }
      },
      "41": {
        "start": { "line": 100, "column": 23 },
        "end": { "line": 105, "column": 3 }
      },
      "42": {
        "start": { "line": 101, "column": 4 },
        "end": { "line": 101, "column": 37 }
      },
      "43": {
        "start": { "line": 102, "column": 4 },
        "end": { "line": 102, "column": 39 }
      },
      "44": {
        "start": { "line": 103, "column": 4 },
        "end": { "line": 103, "column": 30 }
      },
      "45": {
        "start": { "line": 104, "column": 4 },
        "end": { "line": 104, "column": 36 }
      },
      "46": {
        "start": { "line": 107, "column": 2 },
        "end": { "line": 223, "column": 4 }
      }
    },
    "fnMap": {
      "0": {
        "name": "decodeJWT",
        "decl": {
          "start": { "line": 27, "column": 9 },
          "end": { "line": 27, "column": 18 }
        },
        "loc": {
          "start": { "line": 27, "column": 26 },
          "end": { "line": 35, "column": 1 }
        },
        "line": 27
      },
      "1": {
        "name": "App",
        "decl": {
          "start": { "line": 40, "column": 9 },
          "end": { "line": 40, "column": 12 }
        },
        "loc": {
          "start": { "line": 40, "column": 15 },
          "end": { "line": 224, "column": 1 }
        },
        "line": 40
      },
      "2": {
        "name": "(anonymous_2)",
        "decl": {
          "start": { "line": 44, "column": 12 },
          "end": { "line": 44, "column": 13 }
        },
        "loc": {
          "start": { "line": 44, "column": 18 },
          "end": { "line": 73, "column": 3 }
        },
        "line": 44
      },
      "3": {
        "name": "(anonymous_3)",
        "decl": {
          "start": { "line": 56, "column": 16 },
          "end": { "line": 56, "column": 17 }
        },
        "loc": {
          "start": { "line": 56, "column": 25 },
          "end": { "line": 56, "column": 35 }
        },
        "line": 56
      },
      "4": {
        "name": "(anonymous_4)",
        "decl": {
          "start": { "line": 57, "column": 16 },
          "end": { "line": 57, "column": 17 }
        },
        "loc": {
          "start": { "line": 57, "column": 26 },
          "end": { "line": 61, "column": 11 }
        },
        "line": 57
      },
      "5": {
        "name": "(anonymous_5)",
        "decl": {
          "start": { "line": 62, "column": 17 },
          "end": { "line": 62, "column": 18 }
        },
        "loc": {
          "start": { "line": 62, "column": 26 },
          "end": { "line": 62, "column": 72 }
        },
        "line": 62
      },
      "6": {
        "name": "(anonymous_6)",
        "decl": {
          "start": { "line": 77, "column": 29 },
          "end": { "line": 77, "column": 30 }
        },
        "loc": {
          "start": { "line": 77, "column": 41 },
          "end": { "line": 98, "column": 3 }
        },
        "line": 77
      },
      "7": {
        "name": "(anonymous_7)",
        "decl": {
          "start": { "line": 100, "column": 23 },
          "end": { "line": 100, "column": 24 }
        },
        "loc": {
          "start": { "line": 100, "column": 29 },
          "end": { "line": 105, "column": 3 }
        },
        "line": 100
      }
    },
    "branchMap": {
      "0": {
        "loc": {
          "start": { "line": 37, "column": 18 },
          "end": { "line": 37, "column": 57 }
        },
        "type": "binary-expr",
        "locations": [
          {
            "start": { "line": 37, "column": 18 },
            "end": { "line": 37, "column": 46 }
          },
          {
            "start": { "line": 37, "column": 50 },
            "end": { "line": 37, "column": 57 }
          }
        ],
        "line": 37
      },
      "1": {
        "loc": {
          "start": { "line": 46, "column": 6 },
          "end": { "line": 46, "column": 70 }
        },
        "type": "binary-expr",
        "locations": [
          {
            "start": { "line": 46, "column": 6 },
            "end": { "line": 46, "column": 35 }
          },
          {
            "start": { "line": 46, "column": 39 },
            "end": { "line": 46, "column": 70 }
          }
        ],
        "line": 46
      },
      "2": {
        "loc": {
          "start": { "line": 48, "column": 4 },
          "end": { "line": 70, "column": 5 }
        },
        "type": "if",
        "locations": [
          {
            "start": { "line": 48, "column": 4 },
            "end": { "line": 70, "column": 5 }
          },
          {
            "start": { "line": 68, "column": 11 },
            "end": { "line": 70, "column": 5 }
          }
        ],
        "line": 48
      },
      "3": {
        "loc": {
          "start": { "line": 50, "column": 6 },
          "end": { "line": 67, "column": 7 }
        },
        "type": "if",
        "locations": [
          {
            "start": { "line": 50, "column": 6 },
            "end": { "line": 67, "column": 7 }
          },
          {
            "start": { "line": 63, "column": 13 },
            "end": { "line": 67, "column": 7 }
          }
        ],
        "line": 50
      },
      "4": {
        "loc": {
          "start": { "line": 50, "column": 10 },
          "end": { "line": 50, "column": 52 }
        },
        "type": "binary-expr",
        "locations": [
          {
            "start": { "line": 50, "column": 10 },
            "end": { "line": 50, "column": 17 }
          },
          {
            "start": { "line": 50, "column": 21 },
            "end": { "line": 50, "column": 52 }
          }
        ],
        "line": 50
      },
      "5": {
        "loc": {
          "start": { "line": 58, "column": 12 },
          "end": { "line": 60, "column": 13 }
        },
        "type": "if",
        "locations": [
          {
            "start": { "line": 58, "column": 12 },
            "end": { "line": 60, "column": 13 }
          },
          { "start": {}, "end": {} }
        ],
        "line": 58
      },
      "6": {
        "loc": {
          "start": { "line": 75, "column": 2 },
          "end": { "line": 75, "column": 51 }
        },
        "type": "if",
        "locations": [
          {
            "start": { "line": 75, "column": 2 },
            "end": { "line": 75, "column": 51 }
          },
          { "start": {}, "end": {} }
        ],
        "line": 75
      },
      "7": {
        "loc": {
          "start": { "line": 81, "column": 6 },
          "end": { "line": 81, "column": 70 }
        },
        "type": "binary-expr",
        "locations": [
          {
            "start": { "line": 81, "column": 6 },
            "end": { "line": 81, "column": 35 }
          },
          {
            "start": { "line": 81, "column": 39 },
            "end": { "line": 81, "column": 70 }
          }
        ],
        "line": 81
      },
      "8": {
        "loc": {
          "start": { "line": 82, "column": 4 },
          "end": { "line": 82, "column": 23 }
        },
        "type": "if",
        "locations": [
          {
            "start": { "line": 82, "column": 4 },
            "end": { "line": 82, "column": 23 }
          },
          { "start": {}, "end": {} }
        ],
        "line": 82
      },
      "9": {
        "loc": {
          "start": { "line": 91, "column": 6 },
          "end": { "line": 91, "column": 62 }
        },
        "type": "if",
        "locations": [
          {
            "start": { "line": 91, "column": 6 },
            "end": { "line": 91, "column": 62 }
          },
          { "start": {}, "end": {} }
        ],
        "line": 91
      },
      "10": {
        "loc": {
          "start": { "line": 94, "column": 6 },
          "end": { "line": 94, "column": 59 }
        },
        "type": "if",
        "locations": [
          {
            "start": { "line": 94, "column": 6 },
            "end": { "line": 94, "column": 59 }
          },
          { "start": {}, "end": {} }
        ],
        "line": 94
      },
      "11": {
        "loc": {
          "start": { "line": 109, "column": 7 },
          "end": { "line": 109, "column": 36 }
        },
        "type": "binary-expr",
        "locations": [
          {
            "start": { "line": 109, "column": 7 },
            "end": { "line": 109, "column": 22 }
          },
          {
            "start": { "line": 109, "column": 26 },
            "end": { "line": 109, "column": 36 }
          }
        ],
        "line": 109
      },
      "12": {
        "loc": {
          "start": { "line": 110, "column": 7 },
          "end": { "line": 114, "column": 7 }
        },
        "type": "binary-expr",
        "locations": [
          {
            "start": { "line": 110, "column": 7 },
            "end": { "line": 110, "column": 22 }
          },
          {
            "start": { "line": 110, "column": 26 },
            "end": { "line": 110, "column": 36 }
          },
          {
            "start": { "line": 111, "column": 8 },
            "end": { "line": 113, "column": 15 }
          }
        ],
        "line": 110
      },
      "13": {
        "loc": {
          "start": { "line": 117, "column": 9 },
          "end": { "line": 163, "column": 9 }
        },
        "type": "binary-expr",
        "locations": [
          {
            "start": { "line": 117, "column": 9 },
            "end": { "line": 117, "column": 24 }
          },
          {
            "start": { "line": 118, "column": 10 },
            "end": { "line": 162, "column": 16 }
          }
        ],
        "line": 117
      },
      "14": {
        "loc": {
          "start": { "line": 171, "column": 22 },
          "end": { "line": 171, "column": 62 }
        },
        "type": "cond-expr",
        "locations": [
          {
            "start": { "line": 171, "column": 40 },
            "end": { "line": 171, "column": 51 }
          },
          {
            "start": { "line": 171, "column": 54 },
            "end": { "line": 171, "column": 62 }
          }
        ],
        "line": 171
      },
      "15": {
        "loc": {
          "start": { "line": 179, "column": 16 },
          "end": { "line": 183, "column": 17 }
        },
        "type": "cond-expr",
        "locations": [
          {
            "start": { "line": 180, "column": 18 },
            "end": { "line": 180, "column": 45 }
          },
          {
            "start": { "line": 182, "column": 18 },
            "end": { "line": 182, "column": 63 }
          }
        ],
        "line": 179
      },
      "16": {
        "loc": {
          "start": { "line": 190, "column": 16 },
          "end": { "line": 194, "column": 17 }
        },
        "type": "cond-expr",
        "locations": [
          {
            "start": { "line": 191, "column": 18 },
            "end": { "line": 191, "column": 39 }
          },
          {
            "start": { "line": 193, "column": 18 },
            "end": { "line": 193, "column": 42 }
          }
        ],
        "line": 190
      },
      "17": {
        "loc": {
          "start": { "line": 199, "column": 23 },
          "end": { "line": 199, "column": 77 }
        },
        "type": "cond-expr",
        "locations": [
          {
            "start": { "line": 199, "column": 41 },
            "end": { "line": 199, "column": 50 }
          },
          {
            "start": { "line": 199, "column": 53 },
            "end": { "line": 199, "column": 77 }
          }
        ],
        "line": 199
      },
      "18": {
        "loc": {
          "start": { "line": 204, "column": 16 },
          "end": { "line": 208, "column": 17 }
        },
        "type": "cond-expr",
        "locations": [
          {
            "start": { "line": 205, "column": 18 },
            "end": { "line": 205, "column": 57 }
          },
          {
            "start": { "line": 207, "column": 18 },
            "end": { "line": 207, "column": 42 }
          }
        ],
        "line": 204
      },
      "19": {
        "loc": {
          "start": { "line": 214, "column": 16 },
          "end": { "line": 214, "column": 73 }
        },
        "type": "cond-expr",
        "locations": [
          {
            "start": { "line": 214, "column": 34 },
            "end": { "line": 214, "column": 46 }
          },
          {
            "start": { "line": 214, "column": 49 },
            "end": { "line": 214, "column": 73 }
          }
        ],
        "line": 214
      }
    },
    "s": {
      "0": 1,
      "1": 1,
      "2": 1,
      "3": 1,
      "4": 0,
      "5": 1,
      "6": 1,
      "7": 10,
      "8": 10,
      "9": 10,
      "10": 10,
      "11": 4,
      "12": 4,
      "13": 1,
      "14": 1,
      "15": 1,
      "16": 1,
      "17": 0,
      "18": 0,
      "19": 0,
      "20": 0,
      "21": 0,
      "22": 0,
      "23": 0,
      "24": 3,
      "25": 4,
      "26": 10,
      "27": 4,
      "28": 6,
      "29": 2,
      "30": 2,
      "31": 2,
      "32": 2,
      "33": 0,
      "34": 0,
      "35": 0,
      "36": 0,
      "37": 0,
      "38": 0,
      "39": 0,
      "40": 0,
      "41": 6,
      "42": 0,
      "43": 0,
      "44": 0,
      "45": 0,
      "46": 6
    },
    "f": { "0": 1, "1": 10, "2": 4, "3": 0, "4": 0, "5": 0, "6": 2, "7": 0 },
    "b": {
      "0": [1, 1],
      "1": [4, 3],
      "2": [1, 3],
      "3": [1, 0],
      "4": [1, 1],
      "5": [0, 0],
      "6": [4, 6],
      "7": [2, 2],
      "8": [2, 0],
      "9": [0, 0],
      "10": [0, 0],
      "11": [6, 3],
      "12": [6, 3, 0],
      "13": [6, 3],
      "14": [3, 3],
      "15": [3, 3],
      "16": [3, 3],
      "17": [3, 3],
      "18": [3, 3],
      "19": [3, 3]
    },
    "_coverageSchema": "1a1c01bbd47fc00a2c39e90264f33305004495a9",
    "hash": "4052b888195ac1ba1fe68f87bcacd4a6b8893deb"
  },
  "C:\\Users\\manme\\CSC308\\ToDoList\\frontend\\src\\api\\tasks.js": {
    "path": "C:\\Users\\manme\\CSC308\\ToDoList\\frontend\\src\\api\\tasks.js",
    "statementMap": {
      "0": {
        "start": { "line": 1, "column": 17 },
        "end": { "line": 1, "column": 50 }
      },
      "1": {
        "start": { "line": 3, "column": 19 },
        "end": { "line": 5, "column": 1 }
      },
      "2": {
        "start": { "line": 4, "column": 2 },
        "end": { "line": 4, "column": 42 }
      },
      "3": {
        "start": { "line": 7, "column": 17 },
        "end": { "line": 20, "column": 1 }
      },
      "4": {
        "start": { "line": 8, "column": 2 },
        "end": { "line": 19, "column": 3 }
      },
      "5": {
        "start": { "line": 9, "column": 16 },
        "end": { "line": 13, "column": 6 }
      },
      "6": {
        "start": { "line": 14, "column": 4 },
        "end": { "line": 14, "column": 70 }
      },
      "7": {
        "start": { "line": 14, "column": 17 },
        "end": { "line": 14, "column": 70 }
      },
      "8": {
        "start": { "line": 15, "column": 4 },
        "end": { "line": 15, "column": 28 }
      },
      "9": {
        "start": { "line": 17, "column": 4 },
        "end": { "line": 17, "column": 50 }
      },
      "10": {
        "start": { "line": 18, "column": 4 },
        "end": { "line": 18, "column": 16 }
      },
      "11": {
        "start": { "line": 22, "column": 35 },
        "end": { "line": 37, "column": 1 }
      },
      "12": {
        "start": { "line": 23, "column": 2 },
        "end": { "line": 36, "column": 3 }
      },
      "13": {
        "start": { "line": 24, "column": 20 },
        "end": { "line": 24, "column": 36 }
      },
      "14": {
        "start": { "line": 25, "column": 16 },
        "end": { "line": 29, "column": 6 }
      },
      "15": {
        "start": { "line": 31, "column": 4 },
        "end": { "line": 31, "column": 70 }
      },
      "16": {
        "start": { "line": 31, "column": 17 },
        "end": { "line": 31, "column": 70 }
      },
      "17": {
        "start": { "line": 32, "column": 4 },
        "end": { "line": 32, "column": 28 }
      },
      "18": {
        "start": { "line": 34, "column": 4 },
        "end": { "line": 34, "column": 58 }
      },
      "19": {
        "start": { "line": 35, "column": 4 },
        "end": { "line": 35, "column": 16 }
      },
      "20": {
        "start": { "line": 39, "column": 25 },
        "end": { "line": 58, "column": 1 }
      },
      "21": {
        "start": { "line": 40, "column": 2 },
        "end": { "line": 57, "column": 3 }
      },
      "22": {
        "start": { "line": 41, "column": 21 },
        "end": { "line": 41, "column": 42 }
      },
      "23": {
        "start": { "line": 42, "column": 19 },
        "end": { "line": 42, "column": 38 }
      },
      "24": {
        "start": { "line": 43, "column": 16 },
        "end": { "line": 50, "column": 5 }
      },
      "25": {
        "start": { "line": 52, "column": 4 },
        "end": { "line": 52, "column": 70 }
      },
      "26": {
        "start": { "line": 52, "column": 17 },
        "end": { "line": 52, "column": 70 }
      },
      "27": {
        "start": { "line": 53, "column": 4 },
        "end": { "line": 53, "column": 28 }
      },
      "28": {
        "start": { "line": 55, "column": 4 },
        "end": { "line": 55, "column": 56 }
      },
      "29": {
        "start": { "line": 56, "column": 4 },
        "end": { "line": 56, "column": 16 }
      },
      "30": {
        "start": { "line": 60, "column": 16 },
        "end": { "line": 78, "column": 1 }
      },
      "31": {
        "start": { "line": 61, "column": 2 },
        "end": { "line": 77, "column": 3 }
      },
      "32": {
        "start": { "line": 62, "column": 16 },
        "end": { "line": 70, "column": 6 }
      },
      "33": {
        "start": { "line": 72, "column": 4 },
        "end": { "line": 72, "column": 74 }
      },
      "34": {
        "start": { "line": 72, "column": 17 },
        "end": { "line": 72, "column": 74 }
      },
      "35": {
        "start": { "line": 73, "column": 4 },
        "end": { "line": 73, "column": 28 }
      },
      "36": {
        "start": { "line": 75, "column": 4 },
        "end": { "line": 75, "column": 47 }
      },
      "37": {
        "start": { "line": 76, "column": 4 },
        "end": { "line": 76, "column": 16 }
      },
      "38": {
        "start": { "line": 80, "column": 19 },
        "end": { "line": 96, "column": 1 }
      },
      "39": {
        "start": { "line": 81, "column": 2 },
        "end": { "line": 95, "column": 3 }
      },
      "40": {
        "start": { "line": 82, "column": 16 },
        "end": { "line": 89, "column": 6 }
      },
      "41": {
        "start": { "line": 90, "column": 4 },
        "end": { "line": 90, "column": 70 }
      },
      "42": {
        "start": { "line": 90, "column": 17 },
        "end": { "line": 90, "column": 70 }
      },
      "43": {
        "start": { "line": 91, "column": 4 },
        "end": { "line": 91, "column": 16 }
      },
      "44": {
        "start": { "line": 93, "column": 4 },
        "end": { "line": 93, "column": 59 }
      },
      "45": {
        "start": { "line": 94, "column": 4 },
        "end": { "line": 94, "column": 17 }
      },
      "46": {
        "start": { "line": 98, "column": 26 },
        "end": { "line": 119, "column": 1 }
      },
      "47": {
        "start": { "line": 99, "column": 2 },
        "end": { "line": 118, "column": 3 }
      },
      "48": {
        "start": { "line": 100, "column": 16 },
        "end": { "line": 107, "column": 6 }
      },
      "49": {
        "start": { "line": 109, "column": 4 },
        "end": { "line": 112, "column": 5 }
      },
      "50": {
        "start": { "line": 110, "column": 27 },
        "end": { "line": 110, "column": 43 }
      },
      "51": {
        "start": { "line": 111, "column": 6 },
        "end": { "line": 111, "column": 75 }
      },
      "52": {
        "start": { "line": 114, "column": 4 },
        "end": { "line": 114, "column": 28 }
      },
      "53": {
        "start": { "line": 116, "column": 4 },
        "end": { "line": 116, "column": 67 }
      },
      "54": {
        "start": { "line": 117, "column": 4 },
        "end": { "line": 117, "column": 16 }
      },
      "55": {
        "start": { "line": 121, "column": 32 },
        "end": { "line": 135, "column": 1 }
      },
      "56": {
        "start": { "line": 122, "column": 2 },
        "end": { "line": 134, "column": 3 }
      },
      "57": {
        "start": { "line": 123, "column": 16 },
        "end": { "line": 128, "column": 5 }
      },
      "58": {
        "start": { "line": 129, "column": 4 },
        "end": { "line": 129, "column": 75 }
      },
      "59": {
        "start": { "line": 129, "column": 17 },
        "end": { "line": 129, "column": 75 }
      },
      "60": {
        "start": { "line": 130, "column": 4 },
        "end": { "line": 130, "column": 28 }
      },
      "61": {
        "start": { "line": 132, "column": 4 },
        "end": { "line": 132, "column": 67 }
      },
      "62": {
        "start": { "line": 133, "column": 4 },
        "end": { "line": 133, "column": 14 }
      },
      "63": {
        "start": { "line": 137, "column": 23 },
        "end": { "line": 143, "column": 1 }
      },
      "64": {
        "start": { "line": 138, "column": 14 },
        "end": { "line": 140, "column": 4 }
      },
      "65": {
        "start": { "line": 141, "column": 2 },
        "end": { "line": 141, "column": 63 }
      },
      "66": {
        "start": { "line": 141, "column": 15 },
        "end": { "line": 141, "column": 63 }
      },
      "67": {
        "start": { "line": 142, "column": 2 },
        "end": { "line": 142, "column": 20 }
      }
    },
    "fnMap": {
      "0": {
        "name": "(anonymous_0)",
        "decl": {
          "start": { "line": 3, "column": 19 },
          "end": { "line": 3, "column": 20 }
        },
        "loc": {
          "start": { "line": 3, "column": 29 },
          "end": { "line": 5, "column": 1 }
        },
        "line": 3
      },
      "1": {
        "name": "(anonymous_1)",
        "decl": {
          "start": { "line": 7, "column": 17 },
          "end": { "line": 7, "column": 18 }
        },
        "loc": {
          "start": { "line": 7, "column": 34 },
          "end": { "line": 20, "column": 1 }
        },
        "line": 7
      },
      "2": {
        "name": "(anonymous_2)",
        "decl": {
          "start": { "line": 22, "column": 35 },
          "end": { "line": 22, "column": 36 }
        },
        "loc": {
          "start": { "line": 22, "column": 58 },
          "end": { "line": 37, "column": 1 }
        },
        "line": 22
      },
      "3": {
        "name": "(anonymous_3)",
        "decl": {
          "start": { "line": 39, "column": 25 },
          "end": { "line": 39, "column": 26 }
        },
        "loc": {
          "start": { "line": 39, "column": 62 },
          "end": { "line": 58, "column": 1 }
        },
        "line": 39
      },
      "4": {
        "name": "(anonymous_4)",
        "decl": {
          "start": { "line": 60, "column": 16 },
          "end": { "line": 60, "column": 17 }
        },
        "loc": {
          "start": { "line": 60, "column": 39 },
          "end": { "line": 78, "column": 1 }
        },
        "line": 60
      },
      "5": {
        "name": "(anonymous_5)",
        "decl": {
          "start": { "line": 80, "column": 19 },
          "end": { "line": 80, "column": 20 }
        },
        "loc": {
          "start": { "line": 80, "column": 44 },
          "end": { "line": 96, "column": 1 }
        },
        "line": 80
      },
      "6": {
        "name": "(anonymous_6)",
        "decl": {
          "start": { "line": 98, "column": 26 },
          "end": { "line": 98, "column": 27 }
        },
        "loc": {
          "start": { "line": 98, "column": 60 },
          "end": { "line": 119, "column": 1 }
        },
        "line": 98
      },
      "7": {
        "name": "(anonymous_7)",
        "decl": {
          "start": { "line": 121, "column": 32 },
          "end": { "line": 121, "column": 33 }
        },
        "loc": {
          "start": { "line": 121, "column": 44 },
          "end": { "line": 135, "column": 1 }
        },
        "line": 121
      },
      "8": {
        "name": "(anonymous_8)",
        "decl": {
          "start": { "line": 137, "column": 23 },
          "end": { "line": 137, "column": 24 }
        },
        "loc": {
          "start": { "line": 137, "column": 35 },
          "end": { "line": 143, "column": 1 }
        },
        "line": 137
      }
    },
    "branchMap": {
      "0": {
        "loc": {
          "start": { "line": 14, "column": 4 },
          "end": { "line": 14, "column": 70 }
        },
        "type": "if",
        "locations": [
          {
            "start": { "line": 14, "column": 4 },
            "end": { "line": 14, "column": 70 }
          },
          { "start": {}, "end": {} }
        ],
        "line": 14
      },
      "1": {
        "loc": {
          "start": { "line": 31, "column": 4 },
          "end": { "line": 31, "column": 70 }
        },
        "type": "if",
        "locations": [
          {
            "start": { "line": 31, "column": 4 },
            "end": { "line": 31, "column": 70 }
          },
          { "start": {}, "end": {} }
        ],
        "line": 31
      },
      "2": {
        "loc": {
          "start": { "line": 52, "column": 4 },
          "end": { "line": 52, "column": 70 }
        },
        "type": "if",
        "locations": [
          {
            "start": { "line": 52, "column": 4 },
            "end": { "line": 52, "column": 70 }
          },
          { "start": {}, "end": {} }
        ],
        "line": 52
      },
      "3": {
        "loc": {
          "start": { "line": 72, "column": 4 },
          "end": { "line": 72, "column": 74 }
        },
        "type": "if",
        "locations": [
          {
            "start": { "line": 72, "column": 4 },
            "end": { "line": 72, "column": 74 }
          },
          { "start": {}, "end": {} }
        ],
        "line": 72
      },
      "4": {
        "loc": {
          "start": { "line": 90, "column": 4 },
          "end": { "line": 90, "column": 70 }
        },
        "type": "if",
        "locations": [
          {
            "start": { "line": 90, "column": 4 },
            "end": { "line": 90, "column": 70 }
          },
          { "start": {}, "end": {} }
        ],
        "line": 90
      },
      "5": {
        "loc": {
          "start": { "line": 109, "column": 4 },
          "end": { "line": 112, "column": 5 }
        },
        "type": "if",
        "locations": [
          {
            "start": { "line": 109, "column": 4 },
            "end": { "line": 112, "column": 5 }
          },
          { "start": {}, "end": {} }
        ],
        "line": 109
      },
      "6": {
        "loc": {
          "start": { "line": 111, "column": 22 },
          "end": { "line": 111, "column": 73 }
        },
        "type": "binary-expr",
        "locations": [
          {
            "start": { "line": 111, "column": 22 },
            "end": { "line": 111, "column": 34 }
          },
          {
            "start": { "line": 111, "column": 38 },
            "end": { "line": 111, "column": 73 }
          }
        ],
        "line": 111
      },
      "7": {
        "loc": {
          "start": { "line": 129, "column": 4 },
          "end": { "line": 129, "column": 75 }
        },
        "type": "if",
        "locations": [
          {
            "start": { "line": 129, "column": 4 },
            "end": { "line": 129, "column": 75 }
          },
          { "start": {}, "end": {} }
        ],
        "line": 129
      },
      "8": {
        "loc": {
          "start": { "line": 141, "column": 2 },
          "end": { "line": 141, "column": 63 }
        },
        "type": "if",
        "locations": [
          {
            "start": { "line": 141, "column": 2 },
            "end": { "line": 141, "column": 63 }
          },
          { "start": {}, "end": {} }
        ],
        "line": 141
      }
    },
    "s": {
      "0": 1,
      "1": 1,
      "2": 6,
      "3": 1,
      "4": 2,
      "5": 2,
      "6": 2,
      "7": 1,
      "8": 1,
      "9": 1,
      "10": 1,
      "11": 1,
      "12": 2,
      "13": 2,
      "14": 2,
      "15": 2,
      "16": 1,
      "17": 1,
      "18": 1,
      "19": 1,
      "20": 1,
      "21": 2,
      "22": 2,
      "23": 2,
      "24": 2,
      "25": 2,
      "26": 1,
      "27": 1,
      "28": 1,
      "29": 1,
      "30": 1,
      "31": 2,
      "32": 2,
      "33": 2,
      "34": 1,
      "35": 1,
      "36": 1,
      "37": 1,
      "38": 1,
      "39": 2,
      "40": 2,
      "41": 2,
      "42": 1,
      "43": 1,
      "44": 1,
      "45": 1,
      "46": 1,
      "47": 2,
      "48": 2,
      "49": 2,
      "50": 1,
      "51": 1,
      "52": 1,
      "53": 1,
      "54": 1,
      "55": 1,
      "56": 2,
      "57": 2,
      "58": 2,
      "59": 1,
      "60": 1,
      "61": 1,
      "62": 1,
      "63": 1,
      "64": 2,
      "65": 2,
      "66": 1,
      "67": 1
    },
    "f": {
      "0": 6,
      "1": 2,
      "2": 2,
      "3": 2,
      "4": 2,
      "5": 2,
      "6": 2,
      "7": 2,
      "8": 2
    },
    "b": {
      "0": [1, 1],
      "1": [1, 1],
      "2": [1, 1],
      "3": [1, 1],
      "4": [1, 1],
      "5": [1, 1],
      "6": [1, 0],
      "7": [1, 1],
      "8": [1, 1]
    },
    "_coverageSchema": "1a1c01bbd47fc00a2c39e90264f33305004495a9",
    "hash": "74cb8f2216525a20168b6aeb00885d7cdeab5d1f"
  },
  "C:\\Users\\manme\\CSC308\\ToDoList\\frontend\\src\\api\\users.js": {
    "path": "C:\\Users\\manme\\CSC308\\ToDoList\\frontend\\src\\api\\users.js",
    "statementMap": {
      "0": {
        "start": { "line": 1, "column": 16 },
        "end": { "line": 1, "column": 49 }
      },
      "1": {
        "start": { "line": 3, "column": 24 },
        "end": { "line": 22, "column": 1 }
      },
      "2": {
        "start": { "line": 4, "column": 2 },
        "end": { "line": 21, "column": 3 }
      },
      "3": {
        "start": { "line": 5, "column": 16 },
        "end": { "line": 10, "column": 6 }
      },
      "4": {
        "start": { "line": 12, "column": 4 },
        "end": { "line": 14, "column": 5 }
      },
      "5": {
        "start": { "line": 13, "column": 6 },
        "end": { "line": 13, "column": 59 }
      },
      "6": {
        "start": { "line": 16, "column": 18 },
        "end": { "line": 16, "column": 34 }
      },
      "7": {
        "start": { "line": 17, "column": 4 },
        "end": { "line": 17, "column": 23 }
      },
      "8": {
        "start": { "line": 18, "column": 4 },
        "end": { "line": 18, "column": 17 }
      },
      "9": {
        "start": { "line": 20, "column": 4 },
        "end": { "line": 20, "column": 35 }
      }
    },
    "fnMap": {
      "0": {
        "name": "(anonymous_0)",
        "decl": {
          "start": { "line": 3, "column": 24 },
          "end": { "line": 3, "column": 25 }
        },
        "loc": {
          "start": { "line": 3, "column": 36 },
          "end": { "line": 22, "column": 1 }
        },
        "line": 3
      }
    },
    "branchMap": {
      "0": {
        "loc": {
          "start": { "line": 12, "column": 4 },
          "end": { "line": 14, "column": 5 }
        },
        "type": "if",
        "locations": [
          {
            "start": { "line": 12, "column": 4 },
            "end": { "line": 14, "column": 5 }
          },
          { "start": {}, "end": {} }
        ],
        "line": 12
      }
    },
    "s": {
      "0": 1,
      "1": 1,
      "2": 3,
      "3": 3,
      "4": 2,
      "5": 1,
      "6": 1,
      "7": 1,
      "8": 1,
      "9": 2
    },
    "f": { "0": 3 },
    "b": { "0": [1, 1] },
    "_coverageSchema": "1a1c01bbd47fc00a2c39e90264f33305004495a9",
    "hash": "68af19d80aeb0de24a925f1d0ab78037e59fc639"
  },
  "C:\\Users\\manme\\CSC308\\ToDoList\\frontend\\src\\components\\Calendar\\page.jsx": {
    "path": "C:\\Users\\manme\\CSC308\\ToDoList\\frontend\\src\\components\\Calendar\\page.jsx",
    "statementMap": {
      "0": {
        "start": { "line": 19, "column": 16 },
        "end": { "line": 19, "column": 33 }
      },
      "1": {
        "start": { "line": 21, "column": 18 },
        "end": { "line": 27, "column": 2 }
      },
      "2": {
        "start": { "line": 24, "column": 21 },
        "end": { "line": 24, "column": 65 }
      },
      "3": {
        "start": { "line": 29, "column": 19 },
        "end": { "line": 33, "column": 1 }
      },
      "4": {
        "start": { "line": 30, "column": 2 },
        "end": { "line": 32, "column": 8 }
      },
      "5": {
        "start": { "line": 35, "column": 0 },
        "end": { "line": 39, "column": 2 }
      },
      "6": {
        "start": { "line": 41, "column": 24 },
        "end": { "line": 176, "column": 1 }
      },
      "7": {
        "start": { "line": 50, "column": 2 },
        "end": { "line": 74, "column": 43 }
      },
      "8": {
        "start": { "line": 51, "column": 28 },
        "end": { "line": 51, "column": 65 }
      },
      "9": {
        "start": { "line": 53, "column": 4 },
        "end": { "line": 73, "column": 5 }
      },
      "10": {
        "start": { "line": 54, "column": 25 },
        "end": { "line": 54, "column": 46 }
      },
      "11": {
        "start": { "line": 55, "column": 25 },
        "end": { "line": 59, "column": 7 }
      },
      "12": {
        "start": { "line": 60, "column": 29 },
        "end": { "line": 64, "column": 17 }
      },
      "13": {
        "start": { "line": 66, "column": 6 },
        "end": { "line": 68, "column": 7 }
      },
      "14": {
        "start": { "line": 67, "column": 8 },
        "end": { "line": 67, "column": 43 }
      },
      "15": {
        "start": { "line": 70, "column": 6 },
        "end": { "line": 72, "column": 7 }
      },
      "16": {
        "start": { "line": 71, "column": 8 },
        "end": { "line": 71, "column": 35 }
      },
      "17": {
        "start": { "line": 76, "column": 27 },
        "end": { "line": 80, "column": 3 }
      },
      "18": {
        "start": { "line": 77, "column": 4 },
        "end": { "line": 77, "column": 25 }
      },
      "19": {
        "start": { "line": 78, "column": 4 },
        "end": { "line": 78, "column": 22 }
      },
      "20": {
        "start": { "line": 79, "column": 4 },
        "end": { "line": 79, "column": 29 }
      },
      "21": {
        "start": { "line": 82, "column": 27 },
        "end": { "line": 87, "column": 3 }
      },
      "22": {
        "start": { "line": 83, "column": 18 },
        "end": { "line": 83, "column": 28 }
      },
      "23": {
        "start": { "line": 84, "column": 4 },
        "end": { "line": 84, "column": 26 }
      },
      "24": {
        "start": { "line": 85, "column": 4 },
        "end": { "line": 85, "column": 23 }
      },
      "25": {
        "start": { "line": 86, "column": 4 },
        "end": { "line": 86, "column": 31 }
      },
      "26": {
        "start": { "line": 89, "column": 25 },
        "end": { "line": 91, "column": 3 }
      },
      "27": {
        "start": { "line": 90, "column": 4 },
        "end": { "line": 90, "column": 23 }
      },
      "28": {
        "start": { "line": 93, "column": 2 },
        "end": { "line": 175, "column": 4 }
      },
      "29": {
        "start": { "line": 104, "column": 31 },
        "end": { "line": 104, "column": 53 }
      },
      "30": {
        "start": { "line": 106, "column": 31 },
        "end": { "line": 106, "column": 53 }
      },
      "31": {
        "start": { "line": 118, "column": 28 },
        "end": { "line": 118, "column": 46 }
      },
      "32": {
        "start": { "line": 119, "column": 26 },
        "end": { "line": 119, "column": 41 }
      },
      "33": {
        "start": { "line": 141, "column": 14 },
        "end": { "line": 142, "column": 65 }
      },
      "34": {
        "start": { "line": 151, "column": 12 },
        "end": { "line": 151, "column": 28 }
      },
      "35": {
        "start": { "line": 152, "column": 12 },
        "end": { "line": 152, "column": 44 }
      },
      "36": {
        "start": { "line": 159, "column": 12 },
        "end": { "line": 159, "column": 27 }
      },
      "37": {
        "start": { "line": 160, "column": 12 },
        "end": { "line": 160, "column": 44 }
      },
      "38": {
        "start": { "line": 167, "column": 12 },
        "end": { "line": 167, "column": 26 }
      },
      "39": {
        "start": { "line": 168, "column": 12 },
        "end": { "line": 168, "column": 44 }
      },
      "40": {
        "start": { "line": 178, "column": 0 },
        "end": { "line": 186, "column": 2 }
      },
      "41": {
        "start": { "line": 188, "column": 26 },
        "end": { "line": 540, "column": 1 }
      },
      "42": {
        "start": { "line": 189, "column": 28 },
        "end": { "line": 189, "column": 40 }
      },
      "43": {
        "start": { "line": 190, "column": 46 },
        "end": { "line": 190, "column": 58 }
      },
      "44": {
        "start": { "line": 191, "column": 40 },
        "end": { "line": 191, "column": 60 }
      },
      "45": {
        "start": { "line": 192, "column": 26 },
        "end": { "line": 192, "column": 43 }
      },
      "46": {
        "start": { "line": 193, "column": 54 },
        "end": { "line": 193, "column": 69 }
      },
      "47": {
        "start": { "line": 194, "column": 34 },
        "end": { "line": 194, "column": 54 }
      },
      "48": {
        "start": { "line": 195, "column": 38 },
        "end": { "line": 195, "column": 50 }
      },
      "49": {
        "start": { "line": 196, "column": 36 },
        "end": { "line": 196, "column": 51 }
      },
      "50": {
        "start": { "line": 197, "column": 42 },
        "end": { "line": 197, "column": 56 }
      },
      "51": {
        "start": { "line": 198, "column": 50 },
        "end": { "line": 198, "column": 64 }
      },
      "52": {
        "start": { "line": 199, "column": 52 },
        "end": { "line": 199, "column": 67 }
      },
      "53": {
        "start": { "line": 201, "column": 23 },
        "end": { "line": 201, "column": 52 }
      },
      "54": {
        "start": { "line": 203, "column": 25 },
        "end": { "line": 207, "column": 18 }
      },
      "55": {
        "start": { "line": 205, "column": 19 },
        "end": { "line": 205, "column": 64 }
      },
      "56": {
        "start": { "line": 209, "column": 2 },
        "end": { "line": 338, "column": 26 }
      },
      "57": {
        "start": { "line": 210, "column": 23 },
        "end": { "line": 335, "column": 5 }
      },
      "58": {
        "start": { "line": 212, "column": 8 },
        "end": { "line": 212, "column": 72 }
      },
      "59": {
        "start": { "line": 213, "column": 6 },
        "end": { "line": 213, "column": 25 }
      },
      "60": {
        "start": { "line": 214, "column": 6 },
        "end": { "line": 334, "column": 7 }
      },
      "61": {
        "start": { "line": 215, "column": 29 },
        "end": { "line": 219, "column": 9 }
      },
      "62": {
        "start": { "line": 220, "column": 27 },
        "end": { "line": 224, "column": 9 }
      },
      "63": {
        "start": { "line": 225, "column": 22 },
        "end": { "line": 225, "column": 77 }
      },
      "64": {
        "start": { "line": 227, "column": 26 },
        "end": { "line": 232, "column": 9 }
      },
      "65": {
        "start": { "line": 234, "column": 27 },
        "end": { "line": 234, "column": 49 }
      },
      "66": {
        "start": { "line": 235, "column": 8 },
        "end": { "line": 235, "column": 51 }
      },
      "67": {
        "start": { "line": 237, "column": 27 },
        "end": { "line": 237, "column": 29 }
      },
      "68": {
        "start": { "line": 238, "column": 8 },
        "end": { "line": 240, "column": 9 }
      },
      "69": {
        "start": { "line": 239, "column": 10 },
        "end": { "line": 239, "column": 57 }
      },
      "70": {
        "start": { "line": 242, "column": 26 },
        "end": { "line": 242, "column": 28 }
      },
      "71": {
        "start": { "line": 243, "column": 8 },
        "end": { "line": 245, "column": 9 }
      },
      "72": {
        "start": { "line": 244, "column": 10 },
        "end": { "line": 244, "column": 47 }
      },
      "73": {
        "start": { "line": 247, "column": 25 },
        "end": { "line": 247, "column": 27 }
      },
      "74": {
        "start": { "line": 248, "column": 26 },
        "end": { "line": 248, "column": 28 }
      },
      "75": {
        "start": { "line": 249, "column": 8 },
        "end": { "line": 265, "column": 9 }
      },
      "76": {
        "start": { "line": 250, "column": 10 },
        "end": { "line": 264, "column": 13 }
      },
      "77": {
        "start": { "line": 251, "column": 33 },
        "end": { "line": 257, "column": 13 }
      },
      "78": {
        "start": { "line": 259, "column": 12 },
        "end": { "line": 263, "column": 13 }
      },
      "79": {
        "start": { "line": 260, "column": 14 },
        "end": { "line": 260, "column": 43 }
      },
      "80": {
        "start": { "line": 262, "column": 14 },
        "end": { "line": 262, "column": 42 }
      },
      "81": {
        "start": { "line": 267, "column": 32 },
        "end": { "line": 277, "column": 11 }
      },
      "82": {
        "start": { "line": 267, "column": 62 },
        "end": { "line": 277, "column": 9 }
      },
      "83": {
        "start": { "line": 279, "column": 37 },
        "end": { "line": 297, "column": 26 }
      },
      "84": {
        "start": { "line": 281, "column": 26 },
        "end": { "line": 281, "column": 64 }
      },
      "85": {
        "start": { "line": 282, "column": 12 },
        "end": { "line": 282, "column": 36 }
      },
      "86": {
        "start": { "line": 282, "column": 24 },
        "end": { "line": 282, "column": 36 }
      },
      "87": {
        "start": { "line": 284, "column": 24 },
        "end": { "line": 284, "column": 49 }
      },
      "88": {
        "start": { "line": 285, "column": 12 },
        "end": { "line": 295, "column": 14 }
      },
      "89": {
        "start": { "line": 299, "column": 8 },
        "end": { "line": 299, "column": 27 }
      },
      "90": {
        "start": { "line": 300, "column": 8 },
        "end": { "line": 304, "column": 11 }
      },
      "91": {
        "start": { "line": 306, "column": 27 },
        "end": { "line": 306, "column": 79 }
      },
      "92": {
        "start": { "line": 307, "column": 33 },
        "end": { "line": 309, "column": 9 }
      },
      "93": {
        "start": { "line": 308, "column": 10 },
        "end": { "line": 308, "column": 44 }
      },
      "94": {
        "start": { "line": 310, "column": 34 },
        "end": { "line": 312, "column": 9 }
      },
      "95": {
        "start": { "line": 311, "column": 10 },
        "end": { "line": 311, "column": 45 }
      },
      "96": {
        "start": { "line": 314, "column": 35 },
        "end": { "line": 320, "column": 10 }
      },
      "97": {
        "start": { "line": 314, "column": 46 },
        "end": { "line": 320, "column": 9 }
      },
      "98": {
        "start": { "line": 322, "column": 41 },
        "end": { "line": 323, "column": 67 }
      },
      "99": {
        "start": { "line": 323, "column": 10 },
        "end": { "line": 323, "column": 67 }
      },
      "100": {
        "start": { "line": 325, "column": 8 },
        "end": { "line": 329, "column": 11 }
      },
      "101": {
        "start": { "line": 331, "column": 8 },
        "end": { "line": 331, "column": 61 }
      },
      "102": {
        "start": { "line": 333, "column": 8 },
        "end": { "line": 333, "column": 28 }
      },
      "103": {
        "start": { "line": 337, "column": 4 },
        "end": { "line": 337, "column": 17 }
      },
      "104": {
        "start": { "line": 340, "column": 26 },
        "end": { "line": 343, "column": 3 }
      },
      "105": {
        "start": { "line": 341, "column": 4 },
        "end": { "line": 341, "column": 25 }
      },
      "106": {
        "start": { "line": 342, "column": 4 },
        "end": { "line": 342, "column": 33 }
      },
      "107": {
        "start": { "line": 345, "column": 27 },
        "end": { "line": 359, "column": 3 }
      },
      "108": {
        "start": { "line": 346, "column": 4 },
        "end": { "line": 358, "column": 5 }
      },
      "109": {
        "start": { "line": 347, "column": 6 },
        "end": { "line": 347, "column": 33 }
      },
      "110": {
        "start": { "line": 348, "column": 6 },
        "end": { "line": 348, "column": 28 }
      },
      "111": {
        "start": { "line": 349, "column": 6 },
        "end": { "line": 349, "column": 25 }
      },
      "112": {
        "start": { "line": 350, "column": 6 },
        "end": { "line": 350, "column": 34 }
      },
      "113": {
        "start": { "line": 351, "column": 6 },
        "end": { "line": 351, "column": 28 }
      },
      "114": {
        "start": { "line": 353, "column": 22 },
        "end": { "line": 356, "column": 13 }
      },
      "115": {
        "start": { "line": 354, "column": 8 },
        "end": { "line": 354, "column": 31 }
      },
      "116": {
        "start": { "line": 355, "column": 8 },
        "end": { "line": 355, "column": 30 }
      },
      "117": {
        "start": { "line": 357, "column": 6 },
        "end": { "line": 357, "column": 31 }
      },
      "118": {
        "start": { "line": 361, "column": 27 },
        "end": { "line": 363, "column": 3 }
      },
      "119": {
        "start": { "line": 362, "column": 4 },
        "end": { "line": 362, "column": 18 }
      },
      "120": {
        "start": { "line": 365, "column": 26 },
        "end": { "line": 385, "column": 3 }
      },
      "121": {
        "start": { "line": 366, "column": 21 },
        "end": { "line": 372, "column": 5 }
      },
      "122": {
        "start": { "line": 374, "column": 4 },
        "end": { "line": 378, "column": 5 }
      },
      "123": {
        "start": { "line": 375, "column": 6 },
        "end": { "line": 375, "column": 55 }
      },
      "124": {
        "start": { "line": 375, "column": 34 },
        "end": { "line": 375, "column": 53 }
      },
      "125": {
        "start": { "line": 377, "column": 6 },
        "end": { "line": 377, "column": 46 }
      },
      "126": {
        "start": { "line": 377, "column": 25 },
        "end": { "line": 377, "column": 44 }
      },
      "127": {
        "start": { "line": 380, "column": 4 },
        "end": { "line": 382, "column": 5 }
      },
      "128": {
        "start": { "line": 381, "column": 6 },
        "end": { "line": 381, "column": 51 }
      },
      "129": {
        "start": { "line": 381, "column": 30 },
        "end": { "line": 381, "column": 49 }
      },
      "130": {
        "start": { "line": 384, "column": 4 },
        "end": { "line": 384, "column": 33 }
      },
      "131": {
        "start": { "line": 426, "column": 2 },
        "end": { "line": 539, "column": 4 }
      },
      "132": {
        "start": { "line": 439, "column": 14 },
        "end": { "line": 446, "column": 16 }
      },
      "133": {
        "start": { "line": 459, "column": 12 },
        "end": { "line": 459, "column": 47 }
      },
      "134": {
        "start": { "line": 459, "column": 32 },
        "end": { "line": 459, "column": 47 }
      },
      "135": {
        "start": { "line": 462, "column": 12 },
        "end": { "line": 462, "column": 33 }
      },
      "136": {
        "start": { "line": 467, "column": 28 },
        "end": { "line": 467, "column": 61 }
      },
      "137": {
        "start": { "line": 468, "column": 12 },
        "end": { "line": 472, "column": 14 }
      },
      "138": {
        "start": { "line": 483, "column": 29 },
        "end": { "line": 483, "column": 57 }
      },
      "139": {
        "start": { "line": 495, "column": 35 },
        "end": { "line": 495, "column": 55 }
      },
      "140": {
        "start": { "line": 496, "column": 34 },
        "end": { "line": 496, "column": 60 }
      },
      "141": {
        "start": { "line": 498, "column": 18 },
        "end": { "line": 529, "column": 20 }
      }
    },
    "fnMap": {
      "0": {
        "name": "(anonymous_0)",
        "decl": {
          "start": { "line": 24, "column": 15 },
          "end": { "line": 24, "column": 16 }
        },
        "loc": {
          "start": { "line": 24, "column": 21 },
          "end": { "line": 24, "column": 65 }
        },
        "line": 24
      },
      "1": {
        "name": "(anonymous_1)",
        "decl": {
          "start": { "line": 29, "column": 19 },
          "end": { "line": 29, "column": 20 }
        },
        "loc": {
          "start": { "line": 30, "column": 2 },
          "end": { "line": 32, "column": 8 }
        },
        "line": 30
      },
      "2": {
        "name": "(anonymous_2)",
        "decl": {
          "start": { "line": 41, "column": 24 },
          "end": { "line": 41, "column": 25 }
        },
        "loc": {
          "start": { "line": 49, "column": 6 },
          "end": { "line": 176, "column": 1 }
        },
        "line": 49
      },
      "3": {
        "name": "(anonymous_3)",
        "decl": {
          "start": { "line": 50, "column": 12 },
          "end": { "line": 50, "column": 13 }
        },
        "loc": {
          "start": { "line": 50, "column": 18 },
          "end": { "line": 74, "column": 3 }
        },
        "line": 50
      },
      "4": {
        "name": "(anonymous_4)",
        "decl": {
          "start": { "line": 76, "column": 27 },
          "end": { "line": 76, "column": 28 }
        },
        "loc": {
          "start": { "line": 76, "column": 37 },
          "end": { "line": 80, "column": 3 }
        },
        "line": 76
      },
      "5": {
        "name": "(anonymous_5)",
        "decl": {
          "start": { "line": 82, "column": 27 },
          "end": { "line": 82, "column": 28 }
        },
        "loc": {
          "start": { "line": 82, "column": 33 },
          "end": { "line": 87, "column": 3 }
        },
        "line": 82
      },
      "6": {
        "name": "(anonymous_6)",
        "decl": {
          "start": { "line": 89, "column": 25 },
          "end": { "line": 89, "column": 26 }
        },
        "loc": {
          "start": { "line": 89, "column": 37 },
          "end": { "line": 91, "column": 3 }
        },
        "line": 89
      },
      "7": {
        "name": "(anonymous_7)",
        "decl": {
          "start": { "line": 104, "column": 25 },
          "end": { "line": 104, "column": 26 }
        },
        "loc": {
          "start": { "line": 104, "column": 31 },
          "end": { "line": 104, "column": 53 }
        },
        "line": 104
      },
      "8": {
        "name": "(anonymous_8)",
        "decl": {
          "start": { "line": 106, "column": 25 },
          "end": { "line": 106, "column": 26 }
        },
        "loc": {
          "start": { "line": 106, "column": 31 },
          "end": { "line": 106, "column": 53 }
        },
        "line": 106
      },
      "9": {
        "name": "(anonymous_9)",
        "decl": {
          "start": { "line": 118, "column": 21 },
          "end": { "line": 118, "column": 22 }
        },
        "loc": {
          "start": { "line": 118, "column": 28 },
          "end": { "line": 118, "column": 46 }
        },
        "line": 118
      },
      "10": {
        "name": "(anonymous_10)",
        "decl": {
          "start": { "line": 119, "column": 19 },
          "end": { "line": 119, "column": 20 }
        },
        "loc": {
          "start": { "line": 119, "column": 26 },
          "end": { "line": 119, "column": 41 }
        },
        "line": 119
      },
      "11": {
        "name": "(anonymous_11)",
        "decl": {
          "start": { "line": 140, "column": 21 },
          "end": { "line": 140, "column": 22 }
        },
        "loc": {
          "start": { "line": 140, "column": 27 },
          "end": { "line": 143, "column": 13 }
        },
        "line": 140
      },
      "12": {
        "name": "(anonymous_12)",
        "decl": {
          "start": { "line": 150, "column": 19 },
          "end": { "line": 150, "column": 20 }
        },
        "loc": {
          "start": { "line": 150, "column": 25 },
          "end": { "line": 153, "column": 11 }
        },
        "line": 150
      },
      "13": {
        "name": "(anonymous_13)",
        "decl": {
          "start": { "line": 158, "column": 19 },
          "end": { "line": 158, "column": 20 }
        },
        "loc": {
          "start": { "line": 158, "column": 25 },
          "end": { "line": 161, "column": 11 }
        },
        "line": 158
      },
      "14": {
        "name": "(anonymous_14)",
        "decl": {
          "start": { "line": 166, "column": 19 },
          "end": { "line": 166, "column": 20 }
        },
        "loc": {
          "start": { "line": 166, "column": 25 },
          "end": { "line": 169, "column": 11 }
        },
        "line": 166
      },
      "15": {
        "name": "(anonymous_15)",
        "decl": {
          "start": { "line": 188, "column": 26 },
          "end": { "line": 188, "column": 27 }
        },
        "loc": {
          "start": { "line": 188, "column": 32 },
          "end": { "line": 540, "column": 1 }
        },
        "line": 188
      },
      "16": {
        "name": "(anonymous_16)",
        "decl": {
          "start": { "line": 205, "column": 8 },
          "end": { "line": 205, "column": 9 }
        },
        "loc": {
          "start": { "line": 205, "column": 19 },
          "end": { "line": 205, "column": 64 }
        },
        "line": 205
      },
      "17": {
        "name": "(anonymous_17)",
        "decl": {
          "start": { "line": 209, "column": 12 },
          "end": { "line": 209, "column": 13 }
        },
        "loc": {
          "start": { "line": 209, "column": 18 },
          "end": { "line": 338, "column": 3 }
        },
        "line": 209
      },
      "18": {
        "name": "(anonymous_18)",
        "decl": {
          "start": { "line": 210, "column": 23 },
          "end": { "line": 210, "column": 24 }
        },
        "loc": {
          "start": { "line": 210, "column": 35 },
          "end": { "line": 335, "column": 5 }
        },
        "line": 210
      },
      "19": {
        "name": "(anonymous_19)",
        "decl": {
          "start": { "line": 250, "column": 24 },
          "end": { "line": 250, "column": 25 }
        },
        "loc": {
          "start": { "line": 250, "column": 34 },
          "end": { "line": 264, "column": 11 }
        },
        "line": 250
      },
      "20": {
        "name": "(anonymous_20)",
        "decl": {
          "start": { "line": 267, "column": 49 },
          "end": { "line": 267, "column": 50 }
        },
        "loc": {
          "start": { "line": 267, "column": 62 },
          "end": { "line": 277, "column": 9 }
        },
        "line": 267
      },
      "21": {
        "name": "(anonymous_21)",
        "decl": {
          "start": { "line": 280, "column": 15 },
          "end": { "line": 280, "column": 16 }
        },
        "loc": {
          "start": { "line": 280, "column": 26 },
          "end": { "line": 296, "column": 11 }
        },
        "line": 280
      },
      "22": {
        "name": "(anonymous_22)",
        "decl": {
          "start": { "line": 307, "column": 61 },
          "end": { "line": 307, "column": 62 }
        },
        "loc": {
          "start": { "line": 308, "column": 10 },
          "end": { "line": 308, "column": 44 }
        },
        "line": 308
      },
      "23": {
        "name": "(anonymous_23)",
        "decl": {
          "start": { "line": 310, "column": 57 },
          "end": { "line": 310, "column": 58 }
        },
        "loc": {
          "start": { "line": 311, "column": 10 },
          "end": { "line": 311, "column": 45 }
        },
        "line": 311
      },
      "24": {
        "name": "(anonymous_24)",
        "decl": {
          "start": { "line": 314, "column": 35 },
          "end": { "line": 314, "column": 36 }
        },
        "loc": {
          "start": { "line": 314, "column": 46 },
          "end": { "line": 320, "column": 9 }
        },
        "line": 314
      },
      "25": {
        "name": "(anonymous_25)",
        "decl": {
          "start": { "line": 322, "column": 41 },
          "end": { "line": 322, "column": 42 }
        },
        "loc": {
          "start": { "line": 323, "column": 10 },
          "end": { "line": 323, "column": 67 }
        },
        "line": 323
      },
      "26": {
        "name": "(anonymous_26)",
        "decl": {
          "start": { "line": 340, "column": 26 },
          "end": { "line": 340, "column": 27 }
        },
        "loc": {
          "start": { "line": 340, "column": 36 },
          "end": { "line": 343, "column": 3 }
        },
        "line": 340
      },
      "27": {
        "name": "(anonymous_27)",
        "decl": {
          "start": { "line": 345, "column": 27 },
          "end": { "line": 345, "column": 28 }
        },
        "loc": {
          "start": { "line": 345, "column": 42 },
          "end": { "line": 359, "column": 3 }
        },
        "line": 345
      },
      "28": {
        "name": "(anonymous_28)",
        "decl": {
          "start": { "line": 353, "column": 33 },
          "end": { "line": 353, "column": 34 }
        },
        "loc": {
          "start": { "line": 353, "column": 39 },
          "end": { "line": 356, "column": 7 }
        },
        "line": 353
      },
      "29": {
        "name": "(anonymous_29)",
        "decl": {
          "start": { "line": 361, "column": 27 },
          "end": { "line": 361, "column": 28 }
        },
        "loc": {
          "start": { "line": 361, "column": 37 },
          "end": { "line": 363, "column": 3 }
        },
        "line": 361
      },
      "30": {
        "name": "(anonymous_30)",
        "decl": {
          "start": { "line": 365, "column": 26 },
          "end": { "line": 365, "column": 27 }
        },
        "loc": {
          "start": { "line": 365, "column": 39 },
          "end": { "line": 385, "column": 3 }
        },
        "line": 365
      },
      "31": {
        "name": "(anonymous_31)",
        "decl": {
          "start": { "line": 375, "column": 24 },
          "end": { "line": 375, "column": 25 }
        },
        "loc": {
          "start": { "line": 375, "column": 34 },
          "end": { "line": 375, "column": 53 }
        },
        "line": 375
      },
      "32": {
        "name": "(anonymous_32)",
        "decl": {
          "start": { "line": 377, "column": 15 },
          "end": { "line": 377, "column": 16 }
        },
        "loc": {
          "start": { "line": 377, "column": 25 },
          "end": { "line": 377, "column": 44 }
        },
        "line": 377
      },
      "33": {
        "name": "(anonymous_33)",
        "decl": {
          "start": { "line": 381, "column": 20 },
          "end": { "line": 381, "column": 21 }
        },
        "loc": {
          "start": { "line": 381, "column": 30 },
          "end": { "line": 381, "column": 49 }
        },
        "line": 381
      },
      "34": {
        "name": "(anonymous_34)",
        "decl": {
          "start": { "line": 438, "column": 21 },
          "end": { "line": 438, "column": 22 }
        },
        "loc": {
          "start": { "line": 439, "column": 14 },
          "end": { "line": 446, "column": 16 }
        },
        "line": 439
      },
      "35": {
        "name": "(anonymous_35)",
        "decl": {
          "start": { "line": 458, "column": 25 },
          "end": { "line": 458, "column": 26 }
        },
        "loc": {
          "start": { "line": 458, "column": 31 },
          "end": { "line": 460, "column": 11 }
        },
        "line": 458
      },
      "36": {
        "name": "(anonymous_36)",
        "decl": {
          "start": { "line": 461, "column": 22 },
          "end": { "line": 461, "column": 23 }
        },
        "loc": {
          "start": { "line": 461, "column": 32 },
          "end": { "line": 463, "column": 11 }
        },
        "line": 461
      },
      "37": {
        "name": "(anonymous_37)",
        "decl": {
          "start": { "line": 466, "column": 27 },
          "end": { "line": 466, "column": 28 }
        },
        "loc": {
          "start": { "line": 466, "column": 38 },
          "end": { "line": 473, "column": 11 }
        },
        "line": 466
      },
      "38": {
        "name": "(anonymous_38)",
        "decl": {
          "start": { "line": 483, "column": 23 },
          "end": { "line": 483, "column": 24 }
        },
        "loc": {
          "start": { "line": 483, "column": 29 },
          "end": { "line": 483, "column": 57 }
        },
        "line": 483
      },
      "39": {
        "name": "(anonymous_39)",
        "decl": {
          "start": { "line": 494, "column": 32 },
          "end": { "line": 494, "column": 33 }
        },
        "loc": {
          "start": { "line": 494, "column": 43 },
          "end": { "line": 530, "column": 17 }
        },
        "line": 494
      }
    },
    "branchMap": {
      "0": {
        "loc": {
          "start": { "line": 53, "column": 4 },
          "end": { "line": 73, "column": 5 }
        },
        "type": "if",
        "locations": [
          {
            "start": { "line": 53, "column": 4 },
            "end": { "line": 73, "column": 5 }
          },
          { "start": {}, "end": {} }
        ],
        "line": 53
      },
      "1": {
        "loc": {
          "start": { "line": 66, "column": 6 },
          "end": { "line": 68, "column": 7 }
        },
        "type": "if",
        "locations": [
          {
            "start": { "line": 66, "column": 6 },
            "end": { "line": 68, "column": 7 }
          },
          { "start": {}, "end": {} }
        ],
        "line": 66
      },
      "2": {
        "loc": {
          "start": { "line": 70, "column": 6 },
          "end": { "line": 72, "column": 7 }
        },
        "type": "if",
        "locations": [
          {
            "start": { "line": 70, "column": 6 },
            "end": { "line": 72, "column": 7 }
          },
          { "start": {}, "end": {} }
        ],
        "line": 70
      },
      "3": {
        "loc": {
          "start": { "line": 138, "column": 9 },
          "end": { "line": 148, "column": 9 }
        },
        "type": "binary-expr",
        "locations": [
          {
            "start": { "line": 138, "column": 9 },
            "end": { "line": 138, "column": 27 }
          },
          {
            "start": { "line": 139, "column": 10 },
            "end": { "line": 147, "column": 19 }
          }
        ],
        "line": 138
      },
      "4": {
        "loc": {
          "start": { "line": 203, "column": 25 },
          "end": { "line": 207, "column": 18 }
        },
        "type": "cond-expr",
        "locations": [
          {
            "start": { "line": 204, "column": 6 },
            "end": { "line": 206, "column": 7 }
          },
          {
            "start": { "line": 207, "column": 6 },
            "end": { "line": 207, "column": 18 }
          }
        ],
        "line": 203
      },
      "5": {
        "loc": {
          "start": { "line": 212, "column": 8 },
          "end": { "line": 212, "column": 72 }
        },
        "type": "binary-expr",
        "locations": [
          {
            "start": { "line": 212, "column": 8 },
            "end": { "line": 212, "column": 37 }
          },
          {
            "start": { "line": 212, "column": 41 },
            "end": { "line": 212, "column": 72 }
          }
        ],
        "line": 212
      },
      "6": {
        "loc": {
          "start": { "line": 238, "column": 8 },
          "end": { "line": 240, "column": 9 }
        },
        "type": "if",
        "locations": [
          {
            "start": { "line": 238, "column": 8 },
            "end": { "line": 240, "column": 9 }
          },
          { "start": {}, "end": {} }
        ],
        "line": 238
      },
      "7": {
        "loc": {
          "start": { "line": 243, "column": 8 },
          "end": { "line": 245, "column": 9 }
        },
        "type": "if",
        "locations": [
          {
            "start": { "line": 243, "column": 8 },
            "end": { "line": 245, "column": 9 }
          },
          { "start": {}, "end": {} }
        ],
        "line": 243
      },
      "8": {
        "loc": {
          "start": { "line": 249, "column": 8 },
          "end": { "line": 265, "column": 9 }
        },
        "type": "if",
        "locations": [
          {
            "start": { "line": 249, "column": 8 },
            "end": { "line": 265, "column": 9 }
          },
          { "start": {}, "end": {} }
        ],
        "line": 249
      },
      "9": {
        "loc": {
          "start": { "line": 259, "column": 12 },
          "end": { "line": 263, "column": 13 }
        },
        "type": "if",
        "locations": [
          {
            "start": { "line": 259, "column": 12 },
            "end": { "line": 263, "column": 13 }
          },
          {
            "start": { "line": 261, "column": 19 },
            "end": { "line": 263, "column": 13 }
          }
        ],
        "line": 259
      },
      "10": {
        "loc": {
          "start": { "line": 274, "column": 25 },
          "end": { "line": 274, "column": 49 }
        },
        "type": "binary-expr",
        "locations": [
          {
            "start": { "line": 274, "column": 25 },
            "end": { "line": 274, "column": 43 }
          },
          {
            "start": { "line": 274, "column": 47 },
            "end": { "line": 274, "column": 49 }
          }
        ],
        "line": 274
      },
      "11": {
        "loc": {
          "start": { "line": 281, "column": 26 },
          "end": { "line": 281, "column": 64 }
        },
        "type": "cond-expr",
        "locations": [
          {
            "start": { "line": 281, "column": 38 },
            "end": { "line": 281, "column": 57 }
          },
          {
            "start": { "line": 281, "column": 60 },
            "end": { "line": 281, "column": 64 }
          }
        ],
        "line": 281
      },
      "12": {
        "loc": {
          "start": { "line": 282, "column": 12 },
          "end": { "line": 282, "column": 36 }
        },
        "type": "if",
        "locations": [
          {
            "start": { "line": 282, "column": 12 },
            "end": { "line": 282, "column": 36 }
          },
          { "start": {}, "end": {} }
        ],
        "line": 282
      },
      "13": {
        "loc": {
          "start": { "line": 292, "column": 29 },
          "end": { "line": 292, "column": 46 }
        },
        "type": "binary-expr",
        "locations": [
          {
            "start": { "line": 292, "column": 29 },
            "end": { "line": 292, "column": 40 }
          },
          {
            "start": { "line": 292, "column": 44 },
            "end": { "line": 292, "column": 46 }
          }
        ],
        "line": 292
      },
      "14": {
        "loc": {
          "start": { "line": 323, "column": 10 },
          "end": { "line": 323, "column": 67 }
        },
        "type": "cond-expr",
        "locations": [
          {
            "start": { "line": 323, "column": 33 },
            "end": { "line": 323, "column": 62 }
          },
          {
            "start": { "line": 323, "column": 65 },
            "end": { "line": 323, "column": 67 }
          }
        ],
        "line": 323
      },
      "15": {
        "loc": {
          "start": { "line": 346, "column": 4 },
          "end": { "line": 358, "column": 5 }
        },
        "type": "if",
        "locations": [
          {
            "start": { "line": 346, "column": 4 },
            "end": { "line": 358, "column": 5 }
          },
          {
            "start": { "line": 352, "column": 11 },
            "end": { "line": 358, "column": 5 }
          }
        ],
        "line": 346
      },
      "16": {
        "loc": {
          "start": { "line": 374, "column": 4 },
          "end": { "line": 378, "column": 5 }
        },
        "type": "if",
        "locations": [
          {
            "start": { "line": 374, "column": 4 },
            "end": { "line": 378, "column": 5 }
          },
          {
            "start": { "line": 376, "column": 11 },
            "end": { "line": 378, "column": 5 }
          }
        ],
        "line": 374
      },
      "17": {
        "loc": {
          "start": { "line": 380, "column": 4 },
          "end": { "line": 382, "column": 5 }
        },
        "type": "if",
        "locations": [
          {
            "start": { "line": 380, "column": 4 },
            "end": { "line": 382, "column": 5 }
          },
          { "start": {}, "end": {} }
        ],
        "line": 380
      },
      "18": {
        "loc": {
          "start": { "line": 445, "column": 35 },
          "end": { "line": 445, "column": 61 }
        },
        "type": "binary-expr",
        "locations": [
          {
            "start": { "line": 445, "column": 35 },
            "end": { "line": 445, "column": 52 }
          },
          {
            "start": { "line": 445, "column": 56 },
            "end": { "line": 445, "column": 61 }
          }
        ],
        "line": 445
      },
      "19": {
        "loc": {
          "start": { "line": 459, "column": 12 },
          "end": { "line": 459, "column": 47 }
        },
        "type": "if",
        "locations": [
          {
            "start": { "line": 459, "column": 12 },
            "end": { "line": 459, "column": 47 }
          },
          { "start": {}, "end": {} }
        ],
        "line": 459
      },
      "20": {
        "loc": {
          "start": { "line": 469, "column": 25 },
          "end": { "line": 471, "column": 84 }
        },
        "type": "cond-expr",
        "locations": [
          {
            "start": { "line": 470, "column": 18 },
            "end": { "line": 470, "column": 35 }
          },
          {
            "start": { "line": 471, "column": 18 },
            "end": { "line": 471, "column": 84 }
          }
        ],
        "line": 469
      },
      "21": {
        "loc": {
          "start": { "line": 471, "column": 31 },
          "end": { "line": 471, "column": 82 }
        },
        "type": "binary-expr",
        "locations": [
          {
            "start": { "line": 471, "column": 31 },
            "end": { "line": 471, "column": 70 }
          },
          {
            "start": { "line": 471, "column": 74 },
            "end": { "line": 471, "column": 82 }
          }
        ],
        "line": 471
      },
      "22": {
        "loc": {
          "start": { "line": 478, "column": 9 },
          "end": { "line": 536, "column": 9 }
        },
        "type": "cond-expr",
        "locations": [
          {
            "start": { "line": 479, "column": 10 },
            "end": { "line": 486, "column": 16 }
          },
          {
            "start": { "line": 488, "column": 10 },
            "end": { "line": 535, "column": 16 }
          }
        ],
        "line": 478
      },
      "23": {
        "loc": {
          "start": { "line": 490, "column": 13 },
          "end": { "line": 534, "column": 13 }
        },
        "type": "cond-expr",
        "locations": [
          {
            "start": { "line": 491, "column": 14 },
            "end": { "line": 491, "column": 37 }
          },
          {
            "start": { "line": 492, "column": 16 },
            "end": { "line": 534, "column": 13 }
          }
        ],
        "line": 490
      },
      "24": {
        "loc": {
          "start": { "line": 492, "column": 16 },
          "end": { "line": 534, "column": 13 }
        },
        "type": "cond-expr",
        "locations": [
          {
            "start": { "line": 493, "column": 14 },
            "end": { "line": 531, "column": 19 }
          },
          {
            "start": { "line": 533, "column": 14 },
            "end": { "line": 533, "column": 64 }
          }
        ],
        "line": 492
      },
      "25": {
        "loc": {
          "start": { "line": 495, "column": 35 },
          "end": { "line": 495, "column": 55 }
        },
        "type": "binary-expr",
        "locations": [
          {
            "start": { "line": 495, "column": 35 },
            "end": { "line": 495, "column": 49 }
          },
          {
            "start": { "line": 495, "column": 53 },
            "end": { "line": 495, "column": 55 }
          }
        ],
        "line": 495
      },
      "26": {
        "loc": {
          "start": { "line": 501, "column": 46 },
          "end": { "line": 501, "column": 85 }
        },
        "type": "binary-expr",
        "locations": [
          {
            "start": { "line": 501, "column": 46 },
            "end": { "line": 501, "column": 75 }
          },
          {
            "start": { "line": 501, "column": 79 },
            "end": { "line": 501, "column": 85 }
          }
        ],
        "line": 501
      },
      "27": {
        "loc": {
          "start": { "line": 506, "column": 29 },
          "end": { "line": 506, "column": 75 }
        },
        "type": "binary-expr",
        "locations": [
          {
            "start": { "line": 506, "column": 29 },
            "end": { "line": 506, "column": 43 }
          },
          {
            "start": { "line": 506, "column": 48 },
            "end": { "line": 506, "column": 74 }
          }
        ],
        "line": 506
      },
      "28": {
        "loc": {
          "start": { "line": 506, "column": 48 },
          "end": { "line": 506, "column": 74 }
        },
        "type": "cond-expr",
        "locations": [
          {
            "start": { "line": 506, "column": 58 },
            "end": { "line": 506, "column": 65 }
          },
          {
            "start": { "line": 506, "column": 68 },
            "end": { "line": 506, "column": 74 }
          }
        ],
        "line": 506
      },
      "29": {
        "loc": {
          "start": { "line": 508, "column": 27 },
          "end": { "line": 514, "column": 27 }
        },
        "type": "binary-expr",
        "locations": [
          {
            "start": { "line": 508, "column": 27 },
            "end": { "line": 508, "column": 35 }
          },
          {
            "start": { "line": 509, "column": 28 },
            "end": { "line": 513, "column": 35 }
          }
        ],
        "line": 508
      },
[...]
          "end": { "line": 61, "column": 7 }
        },
        "type": "if",
        "locations": [
          {
            "start": { "line": 56, "column": 6 },
            "end": { "line": 61, "column": 7 }
          },
          {
            "start": { "line": 59, "column": 13 },
            "end": { "line": 61, "column": 7 }
          }
        ],
        "line": 56
      },
      "4": {
        "loc": {
          "start": { "line": 60, "column": 19 },
          "end": { "line": 60, "column": 54 }
        },
        "type": "binary-expr",
        "locations": [
          {
            "start": { "line": 60, "column": 19 },
            "end": { "line": 60, "column": 28 }
          },
          {
            "start": { "line": 60, "column": 32 },
            "end": { "line": 60, "column": 54 }
          }
        ],
        "line": 60
      },
      "5": {
        "loc": {
          "start": { "line": 81, "column": 6 },
          "end": { "line": 85, "column": 7 }
        },
        "type": "if",
        "locations": [
          {
            "start": { "line": 81, "column": 6 },
            "end": { "line": 85, "column": 7 }
          },
          {
            "start": { "line": 83, "column": 13 },
            "end": { "line": 85, "column": 7 }
          }
        ],
        "line": 81
      },
      "6": {
        "loc": {
          "start": { "line": 84, "column": 19 },
          "end": { "line": 84, "column": 64 }
        },
        "type": "binary-expr",
        "locations": [
          {
            "start": { "line": 84, "column": 19 },
            "end": { "line": 84, "column": 34 }
          },
          {
            "start": { "line": 84, "column": 38 },
            "end": { "line": 84, "column": 64 }
          }
        ],
        "line": 84
      },
      "7": {
        "loc": {
          "start": { "line": 96, "column": 4 },
          "end": { "line": 96, "column": 27 }
        },
        "type": "if",
        "locations": [
          {
            "start": { "line": 96, "column": 4 },
            "end": { "line": 96, "column": 27 }
          },
          { "start": {}, "end": {} }
        ],
        "line": 96
      },
      "8": {
        "loc": {
          "start": { "line": 106, "column": 6 },
          "end": { "line": 113, "column": 7 }
        },
        "type": "if",
        "locations": [
          {
            "start": { "line": 106, "column": 6 },
            "end": { "line": 113, "column": 7 }
          },
          {
            "start": { "line": 110, "column": 13 },
            "end": { "line": 113, "column": 7 }
          }
        ],
        "line": 106
      },
      "9": {
        "loc": {
          "start": { "line": 112, "column": 19 },
          "end": { "line": 112, "column": 61 }
        },
        "type": "binary-expr",
        "locations": [
          {
            "start": { "line": 112, "column": 19 },
            "end": { "line": 112, "column": 30 }
          },
          {
            "start": { "line": 112, "column": 34 },
            "end": { "line": 112, "column": 61 }
          }
        ],
        "line": 112
      },
      "10": {
        "loc": {
          "start": { "line": 131, "column": 13 },
          "end": { "line": 135, "column": 13 }
        },
        "type": "cond-expr",
        "locations": [
          {
            "start": { "line": 132, "column": 14 },
            "end": { "line": 132, "column": 80 }
          },
          {
            "start": { "line": 134, "column": 14 },
            "end": { "line": 134, "column": 58 }
          }
        ],
        "line": 131
      },
      "11": {
        "loc": {
          "start": { "line": 176, "column": 9 },
          "end": { "line": 176, "column": 66 }
        },
        "type": "binary-expr",
        "locations": [
          {
            "start": { "line": 176, "column": 9 },
            "end": { "line": 176, "column": 16 }
          },
          {
            "start": { "line": 176, "column": 20 },
            "end": { "line": 176, "column": 66 }
          }
        ],
        "line": 176
      }
    },
    "s": {
      "0": 2,
      "1": 27,
      "2": 27,
      "3": 27,
      "4": 27,
      "5": 27,
      "6": 27,
      "7": 27,
      "8": 27,
      "9": 10,
      "10": 10,
      "11": 10,
      "12": 9,
      "13": 0,
      "14": 9,
      "15": 9,
      "16": 9,
      "17": 9,
      "18": 9,
      "19": 1,
      "20": 1,
      "21": 10,
      "22": 27,
      "23": 1,
      "24": 1,
      "25": 0,
      "26": 1,
      "27": 1,
      "28": 1,
      "29": 1,
      "30": 1,
      "31": 0,
      "32": 0,
      "33": 0,
      "34": 0,
      "35": 1,
      "36": 1,
      "37": 27,
      "38": 2,
      "39": 2,
      "40": 2,
      "41": 2,
      "42": 2,
      "43": 1,
      "44": 1,
      "45": 0,
      "46": 0,
      "47": 27,
      "48": 2,
      "49": 2,
      "50": 0,
      "51": 2,
      "52": 2,
      "53": 2,
      "54": 1,
      "55": 1,
      "56": 1,
      "57": 1,
      "58": 0,
      "59": 1,
      "60": 1,
      "61": 27,
      "62": 1,
      "63": 1,
      "64": 27,
      "65": 1,
      "66": 0,
      "67": 0,
      "68": 0,
      "69": 2
    },
    "f": {
      "0": 27,
      "1": 10,
      "2": 10,
      "3": 1,
      "4": 2,
      "5": 2,
      "6": 1,
      "7": 1,
      "8": 0,
      "9": 0,
      "10": 0
    },
    "b": {
      "0": [27, 27],
      "1": [0, 9],
      "2": [0, 1],
      "3": [0, 0],
      "4": [0, 0],
      "5": [1, 1],
      "6": [1, 0],
      "7": [0, 2],
      "8": [1, 1],
      "9": [0, 0],
      "10": [16, 11],
      "11": [27, 5]
    },
    "_coverageSchema": "1a1c01bbd47fc00a2c39e90264f33305004495a9",
    "hash": "eaf4799322a2feb455b1e28c6c2c846a88c000f5"
  },
  "C:\\Users\\manme\\CSC308\\ToDoList\\frontend\\src\\components\\todolist\\addTask.jsx": {
    "path": "C:\\Users\\manme\\CSC308\\ToDoList\\frontend\\src\\components\\todolist\\addTask.jsx",
    "statementMap": {
      "0": {
        "start": { "line": 6, "column": 16 },
        "end": { "line": 166, "column": 1 }
      },
      "1": {
        "start": { "line": 7, "column": 34 },
        "end": { "line": 15, "column": 4 }
      },
      "2": {
        "start": { "line": 17, "column": 2 },
        "end": { "line": 24, "column": 17 }
      },
      "3": {
        "start": { "line": 18, "column": 4 },
        "end": { "line": 23, "column": 5 }
      },
      "4": {
        "start": { "line": 19, "column": 6 },
        "end": { "line": 22, "column": 10 }
      },
      "5": {
        "start": { "line": 19, "column": 29 },
        "end": { "line": 22, "column": 7 }
      },
      "6": {
        "start": { "line": 26, "column": 23 },
        "end": { "line": 29, "column": 3 }
      },
      "7": {
        "start": { "line": 27, "column": 28 },
        "end": { "line": 27, "column": 36 }
      },
      "8": {
        "start": { "line": 28, "column": 4 },
        "end": { "line": 28, "column": 56 }
      },
      "9": {
        "start": { "line": 28, "column": 27 },
        "end": { "line": 28, "column": 53 }
      },
      "10": {
        "start": { "line": 31, "column": 23 },
        "end": { "line": 67, "column": 3 }
      },
      "11": {
        "start": { "line": 32, "column": 4 },
        "end": { "line": 32, "column": 23 }
      },
      "12": {
        "start": { "line": 34, "column": 6 },
        "end": { "line": 34, "column": 14 }
      },
      "13": {
        "start": { "line": 36, "column": 4 },
        "end": { "line": 39, "column": 5 }
      },
      "14": {
        "start": { "line": 37, "column": 6 },
        "end": { "line": 37, "column": 47 }
      },
      "15": {
        "start": { "line": 38, "column": 6 },
        "end": { "line": 38, "column": 13 }
      },
      "16": {
        "start": { "line": 42, "column": 6 },
        "end": { "line": 42, "column": 77 }
      },
      "17": {
        "start": { "line": 44, "column": 24 },
        "end": { "line": 44, "column": 47 }
      },
      "18": {
        "start": { "line": 46, "column": 4 },
        "end": { "line": 66, "column": 5 }
      },
      "19": {
        "start": { "line": 48, "column": 8 },
        "end": { "line": 48, "column": 72 }
      },
      "20": {
        "start": { "line": 50, "column": 22 },
        "end": { "line": 57, "column": 7 }
      },
      "21": {
        "start": { "line": 59, "column": 22 },
        "end": { "line": 59, "column": 51 }
      },
      "22": {
        "start": { "line": 60, "column": 6 },
        "end": { "line": 63, "column": 7 }
      },
      "23": {
        "start": { "line": 61, "column": 8 },
        "end": { "line": 61, "column": 64 }
      },
      "24": {
        "start": { "line": 62, "column": 8 },
        "end": { "line": 62, "column": 18 }
      },
      "25": {
        "start": { "line": 65, "column": 6 },
        "end": { "line": 65, "column": 49 }
      },
      "26": {
        "start": { "line": 69, "column": 2 },
        "end": { "line": 165, "column": 4 }
      },
      "27": {
        "start": { "line": 83, "column": 12 },
        "end": { "line": 90, "column": 21 }
      },
      "28": {
        "start": { "line": 87, "column": 29 },
        "end": { "line": 87, "column": 78 }
      },
      "29": {
        "start": { "line": 87, "column": 52 },
        "end": { "line": 87, "column": 76 }
      },
      "30": {
        "start": { "line": 145, "column": 12 },
        "end": { "line": 147, "column": 21 }
      },
      "31": {
        "start": { "line": 168, "column": 0 },
        "end": { "line": 173, "column": 2 }
      }
    },
    "fnMap": {
      "0": {
        "name": "(anonymous_0)",
        "decl": {
          "start": { "line": 6, "column": 16 },
          "end": { "line": 6, "column": 17 }
        },
        "loc": {
          "start": { "line": 6, "column": 75 },
          "end": { "line": 166, "column": 1 }
        },
        "line": 6
      },
      "1": {
        "name": "(anonymous_1)",
        "decl": {
          "start": { "line": 17, "column": 12 },
          "end": { "line": 17, "column": 13 }
        },
        "loc": {
          "start": { "line": 17, "column": 18 },
          "end": { "line": 24, "column": 3 }
        },
        "line": 17
      },
      "2": {
        "name": "(anonymous_2)",
        "decl": {
          "start": { "line": 19, "column": 18 },
          "end": { "line": 19, "column": 19 }
        },
        "loc": {
          "start": { "line": 19, "column": 29 },
          "end": { "line": 22, "column": 7 }
        },
        "line": 19
      },
      "3": {
        "name": "(anonymous_3)",
        "decl": {
          "start": { "line": 26, "column": 23 },
          "end": { "line": 26, "column": 24 }
        },
        "loc": {
          "start": { "line": 26, "column": 30 },
          "end": { "line": 29, "column": 3 }
        },
        "line": 26
      },
      "4": {
        "name": "(anonymous_4)",
        "decl": {
          "start": { "line": 28, "column": 16 },
          "end": { "line": 28, "column": 17 }
        },
        "loc": {
          "start": { "line": 28, "column": 27 },
          "end": { "line": 28, "column": 53 }
        },
        "line": 28
      },
      "5": {
        "name": "(anonymous_5)",
        "decl": {
          "start": { "line": 31, "column": 23 },
          "end": { "line": 31, "column": 24 }
        },
        "loc": {
          "start": { "line": 31, "column": 36 },
          "end": { "line": 67, "column": 3 }
        },
        "line": 31
      },
      "6": {
        "name": "(anonymous_6)",
        "decl": {
          "start": { "line": 82, "column": 33 },
          "end": { "line": 82, "column": 34 }
        },
        "loc": {
          "start": { "line": 83, "column": 12 },
          "end": { "line": 90, "column": 21 }
        },
        "line": 83
      },
      "7": {
        "name": "(anonymous_7)",
        "decl": {
          "start": { "line": 87, "column": 23 },
          "end": { "line": 87, "column": 24 }
        },
        "loc": {
          "start": { "line": 87, "column": 29 },
          "end": { "line": 87, "column": 78 }
        },
        "line": 87
      },
      "8": {
        "name": "(anonymous_8)",
        "decl": {
          "start": { "line": 87, "column": 41 },
          "end": { "line": 87, "column": 42 }
        },
        "loc": {
          "start": { "line": 87, "column": 52 },
          "end": { "line": 87, "column": 76 }
        },
        "line": 87
      },
      "9": {
        "name": "(anonymous_9)",
        "decl": {
          "start": { "line": 144, "column": 41 },
          "end": { "line": 144, "column": 42 }
        },
        "loc": {
          "start": { "line": 145, "column": 12 },
          "end": { "line": 147, "column": 21 }
        },
        "line": 145
      }
    },
    "branchMap": {
      "0": {
        "loc": {
          "start": { "line": 6, "column": 51 },
          "end": { "line": 6, "column": 68 }
        },
        "type": "default-arg",
        "locations": [
          {
            "start": { "line": 6, "column": 63 },
            "end": { "line": 6, "column": 68 }
          }
        ],
        "line": 6
      },
      "1": {
        "loc": {
          "start": { "line": 18, "column": 4 },
          "end": { "line": 23, "column": 5 }
        },
        "type": "if",
        "locations": [
          {
            "start": { "line": 18, "column": 4 },
            "end": { "line": 23, "column": 5 }
          },
          { "start": {}, "end": {} }
        ],
        "line": 18
      },
      "2": {
        "loc": {
          "start": { "line": 36, "column": 4 },
          "end": { "line": 39, "column": 5 }
        },
        "type": "if",
        "locations": [
          {
            "start": { "line": 36, "column": 4 },
            "end": { "line": 39, "column": 5 }
          },
          { "start": {}, "end": {} }
        ],
        "line": 36
      },
      "3": {
        "loc": {
          "start": { "line": 36, "column": 8 },
          "end": { "line": 36, "column": 51 }
        },
        "type": "binary-expr",
        "locations": [
          {
            "start": { "line": 36, "column": 8 },
            "end": { "line": 36, "column": 14 }
          },
          {
            "start": { "line": 36, "column": 18 },
            "end": { "line": 36, "column": 23 }
          },
          {
            "start": { "line": 36, "column": 27 },
            "end": { "line": 36, "column": 35 }
          },
          {
            "start": { "line": 36, "column": 39 },
            "end": { "line": 36, "column": 51 }
          }
        ],
        "line": 36
      },
      "4": {
        "loc": {
          "start": { "line": 42, "column": 6 },
          "end": { "line": 42, "column": 77 }
        },
        "type": "cond-expr",
        "locations": [
          {
            "start": { "line": 42, "column": 26 },
            "end": { "line": 42, "column": 51 }
          },
          {
            "start": { "line": 42, "column": 54 },
            "end": { "line": 42, "column": 77 }
          }
        ],
        "line": 42
      },
      "5": {
        "loc": {
          "start": { "line": 48, "column": 8 },
          "end": { "line": 48, "column": 72 }
        },
        "type": "binary-expr",
        "locations": [
          {
            "start": { "line": 48, "column": 8 },
            "end": { "line": 48, "column": 37 }
          },
          {
            "start": { "line": 48, "column": 41 },
            "end": { "line": 48, "column": 72 }
          }
        ],
        "line": 48
      },
      "6": {
        "loc": {
          "start": { "line": 60, "column": 6 },
          "end": { "line": 63, "column": 7 }
        },
        "type": "if",
        "locations": [
          {
            "start": { "line": 60, "column": 6 },
            "end": { "line": 63, "column": 7 }
          },
          { "start": {}, "end": {} }
        ],
        "line": 60
      },
      "7": {
        "loc": {
          "start": { "line": 71, "column": 34 },
          "end": { "line": 71, "column": 68 }
        },
        "type": "cond-expr",
        "locations": [
          {
            "start": { "line": 71, "column": 46 },
            "end": { "line": 71, "column": 63 }
          },
          {
            "start": { "line": 71, "column": 66 },
            "end": { "line": 71, "column": 68 }
          }
        ],
        "line": 71
      },
      "8": {
        "loc": {
          "start": { "line": 86, "column": 50 },
          "end": { "line": 86, "column": 93 }
        },
        "type": "cond-expr",
        "locations": [
          {
            "start": { "line": 86, "column": 76 },
            "end": { "line": 86, "column": 88 }
          },
          {
            "start": { "line": 86, "column": 91 },
            "end": { "line": 86, "column": 93 }
          }
        ],
        "line": 86
      },
      "9": {
        "loc": {
          "start": { "line": 114, "column": 7 },
          "end": { "line": 123, "column": 7 }
        },
        "type": "binary-expr",
        "locations": [
          {
            "start": { "line": 114, "column": 7 },
            "end": { "line": 114, "column": 33 }
          },
          {
            "start": { "line": 115, "column": 8 },
            "end": { "line": 122, "column": 10 }
          }
        ],
        "line": 114
      },
      "10": {
        "loc": {
          "start": { "line": 132, "column": 21 },
          "end": { "line": 132, "column": 69 }
        },
        "type": "cond-expr",
        "locations": [
          {
            "start": { "line": 132, "column": 50 },
            "end": { "line": 132, "column": 60 }
          },
          {
            "start": { "line": 132, "column": 63 },
            "end": { "line": 132, "column": 69 }
          }
        ],
        "line": 132
      }
    },
    "s": {
      "0": 2,
      "1": 10,
      "2": 10,
      "3": 5,
      "4": 1,
      "5": 1,
      "6": 10,
      "7": 2,
      "8": 2,
      "9": 2,
      "10": 10,
      "11": 0,
      "12": 0,
      "13": 0,
      "14": 0,
      "15": 0,
      "16": 0,
      "17": 0,
      "18": 0,
      "19": 0,
      "20": 0,
      "21": 0,
      "22": 0,
      "23": 0,
      "24": 0,
      "25": 0,
      "26": 10,
      "27": 20,
      "28": 2,
      "29": 2,
      "30": 30,
      "31": 2
    },
    "f": {
      "0": 10,
      "1": 5,
      "2": 1,
      "3": 2,
      "4": 2,
      "5": 0,
      "6": 20,
      "7": 2,
      "8": 2,
      "9": 30
    },
    "b": {
      "0": [10],
      "1": [1, 4],
      "2": [0, 0],
      "3": [0, 0, 0, 0],
      "4": [0, 0],
      "5": [0, 0],
      "6": [0, 0],
      "7": [0, 10],
      "8": [10, 10],
      "9": [10, 1],
      "10": [1, 9]
    },
    "_coverageSchema": "1a1c01bbd47fc00a2c39e90264f33305004495a9",
    "hash": "5896f8d8c09402fbcba8754f3794a3891f382842"
  },
  "C:\\Users\\manme\\CSC308\\ToDoList\\frontend\\src\\navbar\\Navbar.jsx": {
    "path": "C:\\Users\\manme\\CSC308\\ToDoList\\frontend\\src\\navbar\\Navbar.jsx",
    "statementMap": {
      "0": {
        "start": { "line": 5, "column": 15 },
        "end": { "line": 15, "column": 1 }
      },
      "1": {
        "start": { "line": 6, "column": 2 },
        "end": { "line": 14, "column": 4 }
      },
      "2": {
        "start": { "line": 17, "column": 0 },
        "end": { "line": 19, "column": 2 }
      }
    },
    "fnMap": {
      "0": {
        "name": "(anonymous_0)",
        "decl": {
          "start": { "line": 5, "column": 15 },
          "end": { "line": 5, "column": 16 }
        },
        "loc": {
          "start": { "line": 5, "column": 35 },
          "end": { "line": 15, "column": 1 }
        },
        "line": 5
      }
    },
    "branchMap": {},
    "s": { "0": 1, "1": 3, "2": 1 },
    "f": { "0": 3 },
    "b": {},
    "_coverageSchema": "1a1c01bbd47fc00a2c39e90264f33305004495a9",
    "hash": "0f69c8ed82f862274786348b67bba056875ff7b1"
  }
}
