TN:
SF:src\App.jsx
FN:27,decodeJWT
FN:40,App
FN:44,(anonymous_2)
FN:56,(anonymous_3)
FN:57,(anonymous_4)
FN:62,(anonymous_5)
FN:77,(anonymous_6)
FN:100,(anonymous_7)
FNF:8
FNH:4
FNDA:1,decodeJWT
FNDA:10,App
FNDA:4,(anonymous_2)
FNDA:0,(anonymous_3)
FNDA:0,(anonymous_4)
FNDA:0,(anonymous_5)
FNDA:2,(anonymous_6)
FNDA:0,(anonymous_7)
DA:28,1
DA:29,1
DA:30,1
DA:31,1
DA:33,0
DA:37,1
DA:38,1
DA:41,10
DA:42,10
DA:43,10
DA:44,10
DA:46,4
DA:48,4
DA:49,1
DA:50,1
DA:51,1
DA:53,1
DA:56,0
DA:58,0
DA:59,0
DA:62,0
DA:64,0
DA:65,0
DA:66,0
DA:69,3
DA:72,4
DA:75,10
DA:77,6
DA:78,2
DA:81,2
DA:82,2
DA:84,0
DA:85,0
DA:91,0
DA:92,0
DA:94,0
DA:96,0
DA:100,6
DA:101,0
DA:102,0
DA:103,0
DA:104,0
DA:107,6
LF:43
LH:25
BRDA:37,0,0,1
BRDA:37,0,1,1
BRDA:46,1,0,4
BRDA:46,1,1,3
BRDA:48,2,0,1
BRDA:48,2,1,3
BRDA:50,3,0,1
BRDA:50,3,1,0
BRDA:50,4,0,1
BRDA:50,4,1,1
BRDA:58,5,0,0
BRDA:58,5,1,0
BRDA:75,6,0,4
BRDA:75,6,1,6
BRDA:81,7,0,2
BRDA:81,7,1,2
BRDA:82,8,0,2
BRDA:82,8,1,0
BRDA:91,9,0,0
BRDA:91,9,1,0
BRDA:94,10,0,0
BRDA:94,10,1,0
BRDA:109,11,0,6
BRDA:109,11,1,3
BRDA:110,12,0,6
BRDA:110,12,1,3
BRDA:110,12,2,0
BRDA:117,13,0,6
BRDA:117,13,1,3
BRDA:171,14,0,3
BRDA:171,14,1,3
BRDA:179,15,0,3
BRDA:179,15,1,3
BRDA:190,16,0,3
BRDA:190,16,1,3
BRDA:199,17,0,3
BRDA:199,17,1,3
BRDA:204,18,0,3
BRDA:204,18,1,3
BRDA:214,19,0,3
BRDA:214,19,1,3
BRF:41
BRH:32
end_of_record
TN:
SF:src\api\tasks.js
FN:3,(anonymous_0)
FN:7,(anonymous_1)
FN:22,(anonymous_2)
FN:39,(anonymous_3)
FN:60,(anonymous_4)
FN:80,(anonymous_5)
FN:98,(anonymous_6)
FN:121,(anonymous_7)
FN:137,(anonymous_8)
FNF:9
FNH:9
FNDA:6,(anonymous_0)
FNDA:2,(anonymous_1)
FNDA:2,(anonymous_2)
FNDA:2,(anonymous_3)
FNDA:2,(anonymous_4)
FNDA:2,(anonymous_5)
FNDA:2,(anonymous_6)
FNDA:2,(anonymous_7)
FNDA:2,(anonymous_8)
DA:1,1
DA:3,1
DA:4,6
DA:7,1
DA:8,2
DA:9,2
DA:14,2
DA:15,1
DA:17,1
DA:18,1
DA:22,1
DA:23,2
DA:24,2
DA:25,2
DA:31,2
DA:32,1
DA:34,1
DA:35,1
DA:39,1
DA:40,2
DA:41,2
DA:42,2
DA:43,2
DA:52,2
DA:53,1
DA:55,1
DA:56,1
DA:60,1
DA:61,2
DA:62,2
DA:72,2
DA:73,1
DA:75,1
DA:76,1
DA:80,1
DA:81,2
DA:82,2
DA:90,2
DA:91,1
DA:93,1
DA:94,1
DA:98,1
DA:99,2
DA:100,2
DA:109,2
DA:110,1
DA:111,1
DA:114,1
DA:116,1
DA:117,1
DA:121,1
DA:122,2
DA:123,2
DA:129,2
DA:130,1
DA:132,1
DA:133,1
DA:137,1
DA:138,2
DA:141,2
DA:142,1
LF:61
LH:61
BRDA:14,0,0,1
BRDA:14,0,1,1
BRDA:31,1,0,1
BRDA:31,1,1,1
BRDA:52,2,0,1
BRDA:52,2,1,1
BRDA:72,3,0,1
BRDA:72,3,1,1
BRDA:90,4,0,1
BRDA:90,4,1,1
BRDA:109,5,0,1
BRDA:109,5,1,1
BRDA:111,6,0,1
BRDA:111,6,1,0
BRDA:129,7,0,1
BRDA:129,7,1,1
BRDA:141,8,0,1
BRDA:141,8,1,1
BRF:18
BRH:17
end_of_record
TN:
SF:src\api\users.js
FN:3,(anonymous_0)
FNF:1
FNH:1
FNDA:3,(anonymous_0)
DA:1,1
DA:3,1
DA:4,3
DA:5,3
DA:12,2
DA:13,1
DA:16,1
DA:17,1
DA:18,1
DA:20,2
LF:10
LH:10
BRDA:12,0,0,1
BRDA:12,0,1,1
BRF:2
BRH:2
end_of_record
TN:
SF:src\components\Calendar\page.jsx
FN:24,(anonymous_0)
FN:29,(anonymous_1)
FN:41,(anonymous_2)
FN:50,(anonymous_3)
FN:76,(anonymous_4)
FN:82,(anonymous_5)
FN:89,(anonymous_6)
FN:104,(anonymous_7)
FN:106,(anonymous_8)
FN:118,(anonymous_9)
FN:119,(anonymous_10)
FN:140,(anonymous_11)
FN:150,(anonymous_12)
FN:158,(anonymous_13)
FN:166,(anonymous_14)
FN:188,(anonymous_15)
FN:205,(anonymous_16)
FN:209,(anonymous_17)
FN:210,(anonymous_18)
FN:250,(anonymous_19)
FN:267,(anonymous_20)
FN:280,(anonymous_21)
FN:307,(anonymous_22)
FN:310,(anonymous_23)
FN:314,(anonymous_24)
FN:322,(anonymous_25)
FN:340,(anonymous_26)
FN:345,(anonymous_27)
FN:353,(anonymous_28)
FN:361,(anonymous_29)
FN:365,(anonymous_30)
FN:375,(anonymous_31)
FN:377,(anonymous_32)
FN:381,(anonymous_33)
FN:438,(anonymous_34)
FN:458,(anonymous_35)
FN:461,(anonymous_36)
FN:466,(anonymous_37)
FN:483,(anonymous_38)
FN:494,(anonymous_39)
FNF:40
FNH:24
FNDA:218,(anonymous_0)
FNDA:14,(anonymous_1)
FNDA:85,(anonymous_2)
FNDA:84,(anonymous_3)
FNDA:0,(anonymous_4)
FNDA:1,(anonymous_5)
FNDA:2,(anonymous_6)
FNDA:1,(anonymous_7)
FNDA:1,(anonymous_8)
FNDA:0,(anonymous_9)
FNDA:0,(anonymous_10)
FNDA:0,(anonymous_11)
FNDA:1,(anonymous_12)
FNDA:2,(anonymous_13)
FNDA:0,(anonymous_14)
FNDA:85,(anonymous_15)
FNDA:0,(anonymous_16)
FNDA:27,(anonymous_17)
FNDA:27,(anonymous_18)
FNDA:12,(anonymous_19)
FNDA:2,(anonymous_20)
FNDA:2,(anonymous_21)
FNDA:1,(anonymous_22)
FNDA:2,(anonymous_23)
FNDA:0,(anonymous_24)
FNDA:27,(anonymous_25)
FNDA:0,(anonymous_26)
FNDA:0,(anonymous_27)
FNDA:0,(anonymous_28)
FNDA:3,(anonymous_29)
FNDA:0,(anonymous_30)
FNDA:0,(anonymous_31)
FNDA:0,(anonymous_32)
FNDA:0,(anonymous_33)
FNDA:85,(anonymous_34)
FNDA:0,(anonymous_35)
FNDA:6,(anonymous_36)
FNDA:17,(anonymous_37)
FNDA:0,(anonymous_38)
FNDA:3,(anonymous_39)
DA:19,1
DA:21,1
DA:24,218
DA:29,1
DA:30,14
DA:35,1
DA:41,1
DA:50,85
DA:51,84
DA:53,84
DA:54,79
DA:55,79
DA:60,79
DA:66,79
DA:67,0
DA:70,79
DA:71,0
DA:76,85
DA:77,0
DA:78,0
DA:79,0
DA:82,85
DA:83,1
DA:84,1
DA:85,1
DA:86,1
DA:89,85
DA:90,2
DA:93,85
DA:104,1
DA:106,1
DA:118,0
DA:119,0
DA:141,0
DA:151,1
DA:152,1
DA:159,2
DA:160,2
DA:167,0
DA:168,0
DA:178,1
DA:188,1
DA:189,85
DA:190,84
DA:191,84
DA:192,84
DA:193,84
DA:194,84
DA:195,84
DA:196,84
DA:197,84
DA:198,84
DA:199,84
DA:201,84
DA:203,84
DA:205,0
DA:209,84
DA:210,27
DA:212,27
DA:213,27
DA:214,27
DA:215,27
DA:220,27
DA:225,27
DA:227,27
DA:234,27
DA:235,27
DA:237,27
DA:238,27
DA:239,2
DA:242,27
DA:243,27
DA:244,2
DA:247,27
DA:248,27
DA:249,27
DA:250,27
DA:251,12
DA:259,12
DA:260,0
DA:262,12
DA:267,27
DA:279,27
DA:281,2
DA:282,2
DA:284,1
DA:285,1
DA:299,27
DA:300,27
DA:306,27
DA:307,27
DA:308,1
DA:310,27
DA:311,2
DA:314,27
DA:322,27
DA:323,27
DA:325,27
DA:331,0
DA:333,27
DA:337,27
DA:340,84
DA:341,0
DA:342,0
DA:345,84
DA:346,0
DA:347,0
DA:348,0
DA:349,0
DA:350,0
DA:351,0
DA:353,0
DA:354,0
DA:355,0
DA:357,0
DA:361,84
DA:362,3
DA:365,84
DA:366,0
DA:374,0
DA:375,0
DA:377,0
DA:380,0
DA:381,0
DA:384,0
DA:426,84
DA:439,85
DA:459,0
DA:462,6
DA:467,17
DA:468,17
DA:483,0
DA:495,3
DA:496,3
DA:498,3
LF:135
LH:101
BRDA:53,0,0,79
BRDA:53,0,1,5
BRDA:66,1,0,0
BRDA:66,1,1,79
BRDA:70,2,0,0
BRDA:70,2,1,79
BRDA:138,3,0,85
BRDA:138,3,1,83
BRDA:203,4,0,4
BRDA:203,4,1,80
BRDA:212,5,0,27
BRDA:212,5,1,27
BRDA:238,6,0,2
BRDA:238,6,1,25
BRDA:243,7,0,2
BRDA:243,7,1,25
BRDA:249,8,0,27
BRDA:249,8,1,0
BRDA:259,9,0,0
BRDA:259,9,1,12
BRDA:274,10,0,2
BRDA:274,10,1,2
BRDA:281,11,0,1
BRDA:281,11,1,1
BRDA:282,12,0,1
BRDA:282,12,1,1
BRDA:292,13,0,1
BRDA:292,13,1,0
BRDA:323,14,0,27
BRDA:323,14,1,0
BRDA:346,15,0,0
BRDA:346,15,1,0
BRDA:374,16,0,0
BRDA:374,16,1,0
BRDA:380,17,0,0
BRDA:380,17,1,0
BRDA:445,18,0,85
BRDA:445,18,1,38
BRDA:459,19,0,0
BRDA:459,19,1,0
BRDA:469,20,0,2
BRDA:469,20,1,15
BRDA:471,21,0,15
BRDA:471,21,1,1
BRDA:478,22,0,0
BRDA:478,22,1,84
BRDA:490,23,0,27
BRDA:490,23,1,57
BRDA:492,24,0,2
BRDA:492,24,1,55
BRDA:495,25,0,3
BRDA:495,25,1,0
BRDA:501,26,0,3
BRDA:501,26,1,0
BRDA:506,27,0,3
BRDA:506,27,1,0
BRDA:506,28,0,0
BRDA:506,28,1,0
BRDA:508,29,0,3
BRDA:508,29,1,1
BRDA:510,30,0,1
BRDA:510,30,1,1
BRDA:512,31,0,1
BRDA:512,31,1,1
BRDA:516,32,0,2
BRDA:516,32,1,1
BRDA:522,33,0,3
BRDA:522,33,1,1
BRF:68
BRH:48
end_of_record
TN:
SF:src\components\CreateAccount\page.jsx
FN:5,(anonymous_0)
FN:26,(anonymous_1)
FN:28,(anonymous_2)
FN:34,(anonymous_3)
FN:41,(anonymous_4)
FN:91,(anonymous_5)
FN:136,(anonymous_6)
FN:138,(anonymous_7)
FNF:8
FNH:7
FNDA:44,(anonymous_0)
FNDA:23,(anonymous_1)
FNDA:23,(anonymous_2)
FNDA:1,(anonymous_3)
FNDA:8,(anonymous_4)
FNDA:8,(anonymous_5)
FNDA:0,(anonymous_6)
FNDA:1,(anonymous_7)
DA:5,1
DA:6,44
DA:14,44
DA:23,44
DA:24,44
DA:26,44
DA:27,23
DA:28,23
DA:33,23
DA:34,1
DA:41,44
DA:42,8
DA:51,8
DA:53,8
DA:54,4
DA:55,4
DA:58,8
DA:59,4
DA:60,4
DA:63,8
DA:64,4
DA:65,4
DA:68,8
DA:69,3
DA:70,3
DA:72,5
DA:73,5
DA:74,1
DA:75,1
DA:79,8
DA:80,3
DA:81,3
DA:82,5
DA:83,1
DA:84,1
DA:87,8
DA:88,8
DA:91,44
DA:92,8
DA:93,8
DA:95,8
DA:97,4
DA:98,4
DA:107,4
DA:108,4
DA:121,4
DA:123,4
DA:124,1
DA:127,3
DA:128,3
DA:136,3
DA:138,1
DA:143,4
DA:147,44
LF:54
LH:54
BRDA:33,0,0,1
BRDA:33,0,1,22
BRDA:53,1,0,4
BRDA:53,1,1,4
BRDA:58,2,0,4
BRDA:58,2,1,4
BRDA:63,3,0,4
BRDA:63,3,1,4
BRDA:68,4,0,3
BRDA:68,4,1,5
BRDA:73,5,0,1
BRDA:73,5,1,4
BRDA:79,6,0,3
BRDA:79,6,1,5
BRDA:82,7,0,1
BRDA:82,7,1,4
BRDA:95,8,0,4
BRDA:95,8,1,4
BRDA:123,9,0,1
BRDA:123,9,1,3
BRDA:124,10,0,1
BRDA:124,10,1,0
BRDA:127,11,0,3
BRDA:127,11,1,0
BRDA:150,12,0,44
BRDA:150,12,1,1
BRDA:151,13,0,44
BRDA:151,13,1,3
BRDA:210,14,0,4
BRDA:210,14,1,40
BRF:30
BRH:28
end_of_record
TN:
SF:src\components\Login\page.jsx
FN:7,(anonymous_0)
FN:15,(anonymous_1)
FN:72,(anonymous_2)
FN:82,(anonymous_3)
FNF:4
FNH:4
FNDA:25,(anonymous_0)
FNDA:6,(anonymous_1)
FNDA:4,(anonymous_2)
FNDA:3,(anonymous_3)
DA:7,1
DA:8,25
DA:9,25
DA:10,25
DA:11,25
DA:12,25
DA:13,25
DA:15,25
DA:16,6
DA:17,6
DA:18,6
DA:19,6
DA:21,6
DA:22,6
DA:30,5
DA:32,5
DA:33,4
DA:34,1
DA:35,3
DA:36,1
DA:37,2
DA:38,1
DA:39,1
DA:41,1
DA:43,4
DA:46,1
DA:48,1
DA:49,1
DA:51,0
DA:54,1
DA:56,1
DA:58,1
DA:59,1
DA:63,25
DA:72,4
DA:82,3
DA:99,1
LF:37
LH:36
BRDA:32,0,0,4
BRDA:32,0,1,1
BRDA:33,1,0,1
BRDA:33,1,1,3
BRDA:35,2,0,1
BRDA:35,2,1,2
BRDA:37,3,0,1
BRDA:37,3,1,1
BRDA:41,4,0,1
BRDA:41,4,1,0
BRDA:48,5,0,1
BRDA:48,5,1,0
BRDA:54,6,0,1
BRDA:54,6,1,0
BRDA:59,7,0,1
BRDA:59,7,1,0
BRDA:66,8,0,25
BRDA:66,8,1,2
BRDA:75,9,0,25
BRDA:75,9,1,4
BRDA:85,10,0,25
BRDA:85,10,1,3
BRF:22
BRH:18
end_of_record
TN:
SF:src\components\PriorityFilterSidebar\page.jsx
FN:5,(anonymous_0)
FN:16,(anonymous_1)
FN:22,(anonymous_2)
FN:28,(anonymous_3)
FNF:4
FNH:3
FNDA:84,(anonymous_0)
FNDA:0,(anonymous_1)
FNDA:252,(anonymous_2)
FNDA:4,(anonymous_3)
DA:3,1
DA:5,1
DA:6,84
DA:16,0
DA:23,252
DA:28,4
DA:41,1
LF:7
LH:6
BRDA:14,0,0,80
BRDA:14,0,1,4
BRDA:26,1,0,4
BRDA:26,1,1,248
BRF:4
BRH:4
end_of_record
TN:
SF:src\components\Settings\page.jsx
FN:4,(anonymous_0)
FN:11,(anonymous_1)
FN:26,(anonymous_2)
FN:33,(anonymous_3)
FN:40,(anonymous_4)
FN:59,(anonymous_5)
FN:71,(anonymous_6)
FN:82,(anonymous_7)
FNF:8
FNH:0
FNDA:0,(anonymous_0)
FNDA:0,(anonymous_1)
FNDA:0,(anonymous_2)
FNDA:0,(anonymous_3)
FNDA:0,(anonymous_4)
FNDA:0,(anonymous_5)
FNDA:0,(anonymous_6)
FNDA:0,(anonymous_7)
DA:4,1
DA:5,0
DA:6,0
DA:7,0
DA:8,0
DA:9,0
DA:11,0
DA:12,0
DA:14,0
DA:21,0
DA:22,0
DA:26,0
DA:27,0
DA:28,0
DA:29,0
DA:30,0
DA:33,0
DA:34,0
DA:35,0
DA:36,0
DA:37,0
DA:40,0
DA:42,0
DA:44,0
DA:45,0
DA:54,0
DA:56,0
DA:57,0
DA:58,0
DA:59,0
DA:61,0
DA:62,0
DA:65,0
DA:66,0
DA:67,0
DA:71,0
DA:72,0
DA:73,0
DA:75,0
DA:76,0
DA:77,0
DA:78,0
DA:80,0
DA:82,0
DA:83,0
DA:84,0
DA:90,0
DA:91,0
DA:93,0
DA:94,0
DA:97,0
DA:99,0
DA:103,0
DA:106,0
DA:108,0
LF:55
LH:1
BRDA:21,0,0,0
BRDA:21,0,1,0
BRDA:42,1,0,0
BRDA:42,1,1,0
BRDA:56,2,0,0
BRDA:56,2,1,0
BRDA:61,3,0,0
BRDA:61,3,1,0
BRDA:72,4,0,0
BRDA:72,4,1,0
BRDA:73,5,0,0
BRDA:73,5,1,0
BRDA:80,6,0,0
BRDA:80,6,1,0
BRDA:91,7,0,0
BRDA:91,7,1,0
BRDA:93,8,0,0
BRDA:93,8,1,0
BRDA:94,9,0,0
BRDA:94,9,1,0
BRDA:106,10,0,0
BRDA:106,10,1,0
BRDA:136,11,0,0
BRDA:136,11,1,0
BRDA:137,12,0,0
BRDA:137,12,1,0
BRF:26
BRH:0
end_of_record
TN:
SF:src\components\SplitScreen\LeftToDo.jsx
FNF:0
FNH:0
LF:0
LH:0
BRF:0
BRH:0
end_of_record
TN:
SF:src\components\SplitScreen\page.jsx
FN:3,(anonymous_0)
FNF:1
FNH:0
FNDA:0,(anonymous_0)
DA:3,1
DA:4,0
LF:2
LH:1
BRF:0
BRH:0
end_of_record
TN:
SF:src\components\Table\page.jsx
FN:3,(anonymous_0)
FN:18,TableBody
FN:19,(anonymous_2)
FN:27,(anonymous_3)
FN:30,(anonymous_4)
FN:46,(anonymous_5)
FNF:6
FNH:6
FNDA:7,(anonymous_0)
FNDA:6,TableBody
FNDA:12,(anonymous_2)
FNDA:2,(anonymous_3)
FNDA:2,(anonymous_4)
FNDA:6,(anonymous_5)
DA:3,1
DA:4,7
DA:19,6
DA:20,12
DA:27,2
DA:30,2
DA:36,6
DA:39,1
DA:46,1
DA:47,6
DA:59,1
LF:11
LH:11
BRDA:19,0,0,6
BRDA:19,0,1,0
BRDA:28,1,0,6
BRDA:28,1,1,6
BRF:4
BRH:3
end_of_record
TN:
SF:src\components\UserProfile\page.jsx
FN:6,(anonymous_0)
FN:17,(anonymous_1)
FN:18,(anonymous_2)
FN:39,(anonymous_3)
FN:68,(anonymous_4)
FN:92,(anonymous_5)
FN:120,(anonymous_6)
FN:151,(anonymous_7)
FN:156,(anonymous_8)
FN:160,(anonymous_9)
FN:172,(anonymous_10)
FNF:11
FNH:8
FNDA:27,(anonymous_0)
FNDA:10,(anonymous_1)
FNDA:10,(anonymous_2)
FNDA:1,(anonymous_3)
FNDA:2,(anonymous_4)
FNDA:2,(anonymous_5)
FNDA:1,(anonymous_6)
FNDA:1,(anonymous_7)
FNDA:0,(anonymous_8)
FNDA:0,(anonymous_9)
FNDA:0,(anonymous_10)
DA:6,2
DA:7,27
DA:8,27
DA:9,27
DA:10,27
DA:11,27
DA:12,27
DA:15,27
DA:17,27
DA:18,10
DA:19,10
DA:20,10
DA:25,9
DA:26,9
DA:27,9
DA:28,9
DA:29,9
DA:30,9
DA:32,1
DA:33,1
DA:36,10
DA:39,27
DA:40,1
DA:41,1
DA:43,1
DA:44,1
DA:46,1
DA:47,1
DA:55,1
DA:56,0
DA:57,0
DA:58,0
DA:60,0
DA:63,1
DA:64,1
DA:68,27
DA:69,2
DA:70,2
DA:71,2
DA:80,2
DA:81,2
DA:82,1
DA:84,1
DA:87,0
DA:88,0
DA:92,27
DA:93,2
DA:96,2
DA:98,2
DA:99,2
DA:106,2
DA:107,1
DA:108,1
DA:109,1
DA:111,1
DA:112,0
DA:115,1
DA:116,1
DA:120,27
DA:121,1
DA:122,1
DA:125,27
DA:151,1
DA:156,0
DA:160,0
DA:172,0
DA:182,2
LF:67
LH:57
BRDA:15,0,0,27
BRDA:15,0,1,27
BRDA:25,1,0,0
BRDA:25,1,1,9
BRDA:41,2,0,0
BRDA:41,2,1,1
BRDA:56,3,0,0
BRDA:56,3,1,0
BRDA:60,4,0,0
BRDA:60,4,1,0
BRDA:81,5,0,1
BRDA:81,5,1,1
BRDA:84,6,0,1
BRDA:84,6,1,0
BRDA:96,7,0,0
BRDA:96,7,1,2
BRDA:106,8,0,1
BRDA:106,8,1,1
BRDA:112,9,0,0
BRDA:112,9,1,0
BRDA:131,10,0,16
BRDA:131,10,1,11
BRDA:176,11,0,27
BRDA:176,11,1,5
BRF:24
BRH:14
end_of_record
TN:
SF:src\components\todolist\addTask.jsx
FN:6,(anonymous_0)
FN:17,(anonymous_1)
FN:19,(anonymous_2)
FN:26,(anonymous_3)
FN:28,(anonymous_4)
FN:31,(anonymous_5)
FN:82,(anonymous_6)
FN:87,(anonymous_7)
FN:87,(anonymous_8)
FN:144,(anonymous_9)
FNF:10
FNH:9
FNDA:10,(anonymous_0)
FNDA:5,(anonymous_1)
FNDA:1,(anonymous_2)
FNDA:2,(anonymous_3)
FNDA:2,(anonymous_4)
FNDA:0,(anonymous_5)
FNDA:20,(anonymous_6)
FNDA:2,(anonymous_7)
FNDA:2,(anonymous_8)
FNDA:30,(anonymous_9)
DA:6,2
DA:7,10
DA:17,10
DA:18,5
DA:19,1
DA:26,10
DA:27,2
DA:28,2
DA:31,10
DA:32,0
DA:34,0
DA:36,0
DA:37,0
DA:38,0
DA:42,0
DA:44,0
DA:46,0
DA:48,0
DA:50,0
DA:59,0
DA:60,0
DA:61,0
DA:62,0
DA:65,0
DA:69,10
DA:83,20
DA:87,2
DA:145,30
DA:168,2
LF:29
LH:14
BRDA:6,0,0,10
BRDA:18,1,0,1
BRDA:18,1,1,4
BRDA:36,2,0,0
BRDA:36,2,1,0
BRDA:36,3,0,0
BRDA:36,3,1,0
BRDA:36,3,2,0
BRDA:36,3,3,0
BRDA:42,4,0,0
BRDA:42,4,1,0
BRDA:48,5,0,0
BRDA:48,5,1,0
BRDA:60,6,0,0
BRDA:60,6,1,0
BRDA:71,7,0,0
BRDA:71,7,1,10
BRDA:86,8,0,10
BRDA:86,8,1,10
BRDA:114,9,0,10
BRDA:114,9,1,1
BRDA:132,10,0,1
BRDA:132,10,1,9
BRF:23
BRH:10
end_of_record
TN:
SF:src\navbar\Navbar.jsx
FN:5,(anonymous_0)
FNF:1
FNH:1
FNDA:3,(anonymous_0)
DA:5,1
DA:6,3
DA:17,1
LF:3
LH:3
BRF:0
BRH:0
end_of_record
