TN:
SF:src/App.jsx
FN:28,decodeJWT
FN:38,App
FN:43,(anonymous_2)
FN:50,(anonymous_3)
FN:65,(anonymous_4)
FN:66,(anonymous_5)
FN:71,(anonymous_6)
FN:86,(anonymous_7)
FN:90,(anonymous_8)
FNF:9
FNH:5
FNDA:1,decodeJWT
FNDA:10,App
FNDA:4,(anonymous_2)
FNDA:4,(anonymous_3)
FNDA:0,(anonymous_4)
FNDA:0,(anonymous_5)
FNDA:0,(anonymous_6)
FNDA:2,(anonymous_7)
FNDA:0,(anonymous_8)
DA:29,1
DA:30,1
DA:31,1
DA:32,1
DA:34,0
DA:39,10
DA:40,10
DA:41,10
DA:43,10
DA:44,4
DA:45,4
DA:46,4
DA:47,4
DA:50,10
DA:52,4
DA:54,4
DA:55,1
DA:56,1
DA:57,1
DA:60,1
DA:65,0
DA:67,0
DA:68,0
DA:71,0
DA:73,0
DA:74,0
DA:75,0
DA:78,3
DA:81,4
DA:84,10
DA:86,6
DA:87,2
DA:90,6
DA:91,0
DA:92,0
DA:93,0
DA:94,0
DA:97,6
LF:38
LH:26
BRDA:44,0,0,4
BRDA:44,0,1,4
BRDA:45,1,0,4
BRDA:45,1,1,4
BRDA:52,2,0,4
BRDA:52,2,1,3
BRDA:54,3,0,1
BRDA:54,3,1,3
BRDA:56,4,0,1
BRDA:56,4,1,0
BRDA:56,5,0,1
BRDA:56,5,1,1
BRDA:67,6,0,0
BRDA:67,6,1,0
BRDA:84,7,0,4
BRDA:84,7,1,6
BRDA:108,8,0,3
BRDA:108,8,1,3
BRDA:160,9,0,3
BRDA:160,9,1,3
BRDA:171,10,0,3
BRDA:171,10,1,3
BRDA:176,11,0,3
BRDA:176,11,1,3
BRDA:181,12,0,3
BRDA:181,12,1,3
BRDA:190,13,0,3
BRDA:190,13,1,3
BRF:28
BRH:25
end_of_record
TN:
SF:src/api/tasks.js
FN:3,(anonymous_0)
FN:7,(anonymous_1)
FN:22,(anonymous_2)
FN:39,(anonymous_3)
FN:60,(anonymous_4)
FN:80,(anonymous_5)
FN:98,(anonymous_6)
FN:121,(anonymous_7)
FN:137,(anonymous_8)
FNF:9
FNH:3
FNDA:0,(anonymous_0)
FNDA:2,(anonymous_1)
FNDA:0,(anonymous_2)
FNDA:0,(anonymous_3)
FNDA:2,(anonymous_4)
FNDA:2,(anonymous_5)
FNDA:0,(anonymous_6)
FNDA:0,(anonymous_7)
FNDA:0,(anonymous_8)
DA:1,2
DA:3,2
DA:4,0
DA:7,2
DA:8,2
DA:9,2
DA:14,2
DA:15,1
DA:17,1
DA:18,1
DA:22,2
DA:23,0
DA:24,0
DA:25,0
DA:31,0
DA:32,0
DA:34,0
DA:35,0
DA:39,2
DA:40,0
DA:41,0
DA:42,0
DA:43,0
DA:52,0
DA:53,0
DA:55,0
DA:56,0
DA:60,2
DA:61,2
DA:62,2
DA:72,2
DA:73,1
DA:75,1
DA:76,1
DA:80,2
DA:81,2
DA:82,2
DA:90,2
DA:91,1
DA:93,1
DA:94,1
DA:98,2
DA:99,0
DA:100,0
DA:109,0
DA:110,0
DA:111,0
DA:114,0
DA:116,0
DA:117,0
DA:121,2
DA:122,0
DA:123,0
DA:129,0
DA:130,0
DA:132,0
DA:133,0
DA:137,2
DA:138,0
DA:141,0
DA:142,0
LF:61
LH:28
BRDA:14,0,0,1
BRDA:14,0,1,1
BRDA:31,1,0,0
BRDA:31,1,1,0
BRDA:52,2,0,0
BRDA:52,2,1,0
BRDA:72,3,0,1
BRDA:72,3,1,1
BRDA:90,4,0,1
BRDA:90,4,1,1
BRDA:109,5,0,0
BRDA:109,5,1,0
BRDA:111,6,0,0
BRDA:111,6,1,0
BRDA:129,7,0,0
BRDA:129,7,1,0
BRDA:141,8,0,0
BRDA:141,8,1,0
BRF:18
BRH:6
end_of_record
TN:
SF:src/api/users.js
FN:3,(anonymous_0)
FNF:1
FNH:1
FNDA:3,(anonymous_0)
DA:1,1
DA:3,1
DA:4,3
DA:5,3
DA:12,2
DA:13,1
DA:16,1
DA:17,1
DA:18,1
DA:20,2
LF:10
LH:10
BRDA:12,0,0,1
BRDA:12,0,1,1
BRF:2
BRH:2
end_of_record
TN:
SF:src/components/Calendar/page.jsx
FN:24,(anonymous_0)
FN:29,(anonymous_1)
FN:41,(anonymous_2)
FN:50,(anonymous_3)
FN:76,(anonymous_4)
FN:82,(anonymous_5)
FN:89,(anonymous_6)
FN:104,(anonymous_7)
FN:106,(anonymous_8)
FN:118,(anonymous_9)
FN:119,(anonymous_10)
FN:140,(anonymous_11)
FN:150,(anonymous_12)
FN:158,(anonymous_13)
FN:166,(anonymous_14)
FN:188,(anonymous_15)
FN:205,(anonymous_16)
FN:209,(anonymous_17)
FN:210,(anonymous_18)
FN:250,(anonymous_19)
FN:267,(anonymous_20)
FN:280,(anonymous_21)
FN:307,(anonymous_22)
FN:310,(anonymous_23)
FN:314,(anonymous_24)
FN:322,(anonymous_25)
FN:340,(anonymous_26)
FN:345,(anonymous_27)
FN:353,(anonymous_28)
FN:361,(anonymous_29)
FN:365,(anonymous_30)
FN:375,(anonymous_31)
FN:377,(anonymous_32)
FN:381,(anonymous_33)
FN:399,(anonymous_34)
FN:419,(anonymous_35)
FN:422,(anonymous_36)
FN:427,(anonymous_37)
FN:444,(anonymous_38)
FN:454,(anonymous_39)
FNF:40
FNH:16
FNDA:116,(anonymous_0)
FNDA:0,(anonymous_1)
FNDA:46,(anonymous_2)
FNDA:45,(anonymous_3)
FNDA:0,(anonymous_4)
FNDA:1,(anonymous_5)
FNDA:2,(anonymous_6)
FNDA:1,(anonymous_7)
FNDA:1,(anonymous_8)
FNDA:0,(anonymous_9)
FNDA:0,(anonymous_10)
FNDA:0,(anonymous_11)
FNDA:1,(anonymous_12)
FNDA:1,(anonymous_13)
FNDA:0,(anonymous_14)
FNDA:45,(anonymous_15)
FNDA:0,(anonymous_16)
FNDA:14,(anonymous_17)
FNDA:14,(anonymous_18)
FNDA:0,(anonymous_19)
FNDA:0,(anonymous_20)
FNDA:0,(anonymous_21)
FNDA:0,(anonymous_22)
FNDA:0,(anonymous_23)
FNDA:0,(anonymous_24)
FNDA:14,(anonymous_25)
FNDA:0,(anonymous_26)
FNDA:0,(anonymous_27)
FNDA:0,(anonymous_28)
FNDA:2,(anonymous_29)
FNDA:0,(anonymous_30)
FNDA:0,(anonymous_31)
FNDA:0,(anonymous_32)
FNDA:0,(anonymous_33)
FNDA:46,(anonymous_34)
FNDA:0,(anonymous_35)
FNDA:5,(anonymous_36)
FNDA:0,(anonymous_37)
FNDA:0,(anonymous_38)
FNDA:0,(anonymous_39)
DA:19,1
DA:21,1
DA:24,116
DA:29,1
DA:30,0
DA:35,1
DA:41,1
DA:50,46
DA:51,45
DA:53,45
DA:54,42
DA:55,42
DA:60,42
DA:66,42
DA:67,0
DA:70,42
DA:71,0
DA:76,46
DA:77,0
DA:78,0
DA:79,0
DA:82,46
DA:83,1
DA:84,1
DA:85,1
DA:86,1
DA:89,46
DA:90,2
DA:93,46
DA:104,1
DA:106,1
DA:118,0
DA:119,0
DA:141,0
DA:151,1
DA:152,1
DA:159,1
DA:160,1
DA:167,0
DA:168,0
DA:178,1
DA:188,1
DA:189,45
DA:190,45
DA:191,45
DA:192,45
DA:193,45
DA:194,45
DA:195,45
DA:196,45
DA:197,45
DA:198,45
DA:199,45
DA:201,45
DA:203,45
DA:205,0
DA:209,45
DA:210,14
DA:212,14
DA:213,14
DA:214,14
DA:215,14
DA:220,14
DA:225,14
DA:227,14
DA:234,14
DA:235,14
DA:237,14
DA:238,14
DA:239,0
DA:242,14
DA:243,14
DA:244,0
DA:247,14
DA:248,14
DA:249,14
DA:250,14
DA:251,0
DA:259,0
DA:260,0
DA:262,0
DA:267,14
DA:279,14
DA:281,0
DA:282,0
DA:284,0
DA:285,0
DA:299,14
DA:300,14
DA:306,14
DA:307,14
DA:308,0
DA:310,14
DA:311,0
DA:314,14
DA:322,14
DA:323,14
DA:325,14
DA:331,0
DA:333,14
DA:337,14
DA:340,45
DA:341,0
DA:342,0
DA:345,45
DA:346,0
DA:347,0
DA:348,0
DA:349,0
DA:350,0
DA:351,0
DA:353,0
DA:354,0
DA:355,0
DA:357,0
DA:361,45
DA:362,2
DA:365,45
DA:366,0
DA:374,0
DA:375,0
DA:377,0
DA:380,0
DA:381,0
DA:384,0
DA:387,45
DA:400,46
DA:420,0
DA:423,5
DA:428,0
DA:429,0
DA:444,0
DA:455,0
DA:456,0
DA:458,0
LF:135
LH:84
BRDA:53,0,0,42
BRDA:53,0,1,3
BRDA:66,1,0,0
BRDA:66,1,1,42
BRDA:70,2,0,0
BRDA:70,2,1,42
BRDA:138,3,0,46
BRDA:138,3,1,46
BRDA:203,4,0,3
BRDA:203,4,1,42
BRDA:212,5,0,14
BRDA:212,5,1,14
BRDA:238,6,0,0
BRDA:238,6,1,14
BRDA:243,7,0,0
BRDA:243,7,1,14
BRDA:249,8,0,14
BRDA:249,8,1,0
BRDA:259,9,0,0
BRDA:259,9,1,0
BRDA:274,10,0,0
BRDA:274,10,1,0
BRDA:281,11,0,0
BRDA:281,11,1,0
BRDA:282,12,0,0
BRDA:282,12,1,0
BRDA:292,13,0,0
BRDA:292,13,1,0
BRDA:323,14,0,14
BRDA:323,14,1,0
BRDA:346,15,0,0
BRDA:346,15,1,0
BRDA:374,16,0,0
BRDA:374,16,1,0
BRDA:380,17,0,0
BRDA:380,17,1,0
BRDA:406,18,0,46
BRDA:406,18,1,26
BRDA:420,19,0,0
BRDA:420,19,1,0
BRDA:430,20,0,0
BRDA:430,20,1,0
BRDA:432,21,0,0
BRDA:432,21,1,0
BRDA:439,22,0,0
BRDA:439,22,1,45
BRDA:450,23,0,14
BRDA:450,23,1,31
BRDA:452,24,0,0
BRDA:452,24,1,31
BRDA:455,25,0,0
BRDA:455,25,1,0
BRDA:461,26,0,0
BRDA:461,26,1,0
BRDA:466,27,0,0
BRDA:466,27,1,0
BRDA:466,28,0,0
BRDA:466,28,1,0
BRDA:468,29,0,0
BRDA:468,29,1,0
BRDA:470,30,0,0
BRDA:470,30,1,0
BRDA:472,31,0,0
BRDA:472,31,1,0
BRDA:476,32,0,0
BRDA:476,32,1,0
BRDA:482,33,0,0
BRDA:482,33,1,0
BRF:68
BRH:20
end_of_record
TN:
SF:src/components/CreateAccount/page.jsx
FN:5,(anonymous_0)
FN:26,(anonymous_1)
FN:28,(anonymous_2)
FN:34,(anonymous_3)
FN:41,(anonymous_4)
FN:91,(anonymous_5)
FN:136,(anonymous_6)
FN:138,(anonymous_7)
FNF:8
FNH:7
FNDA:44,(anonymous_0)
FNDA:23,(anonymous_1)
FNDA:23,(anonymous_2)
FNDA:1,(anonymous_3)
FNDA:8,(anonymous_4)
FNDA:8,(anonymous_5)
FNDA:0,(anonymous_6)
FNDA:1,(anonymous_7)
DA:5,1
DA:6,44
DA:14,44
DA:23,44
DA:24,44
DA:26,44
DA:27,23
DA:28,23
DA:33,23
DA:34,1
DA:41,44
DA:42,8
DA:51,8
DA:53,8
DA:54,4
DA:55,4
DA:58,8
DA:59,4
DA:60,4
DA:63,8
DA:64,4
DA:65,4
DA:68,8
DA:69,3
DA:70,3
DA:72,5
DA:73,5
DA:74,1
DA:75,1
DA:79,8
DA:80,3
DA:81,3
DA:82,5
DA:83,1
DA:84,1
DA:87,8
DA:88,8
DA:91,44
DA:92,8
DA:93,8
DA:95,8
DA:97,4
DA:98,4
DA:107,4
DA:108,4
DA:121,4
DA:123,4
DA:124,1
DA:127,3
DA:128,3
DA:136,3
DA:138,1
DA:143,4
DA:147,44
LF:54
LH:54
BRDA:33,0,0,1
BRDA:33,0,1,22
BRDA:53,1,0,4
BRDA:53,1,1,4
BRDA:58,2,0,4
BRDA:58,2,1,4
BRDA:63,3,0,4
BRDA:63,3,1,4
BRDA:68,4,0,3
BRDA:68,4,1,5
BRDA:73,5,0,1
BRDA:73,5,1,4
BRDA:79,6,0,3
BRDA:79,6,1,5
BRDA:82,7,0,1
BRDA:82,7,1,4
BRDA:95,8,0,4
BRDA:95,8,1,4
BRDA:123,9,0,1
BRDA:123,9,1,3
BRDA:124,10,0,1
BRDA:124,10,1,0
BRDA:127,11,0,3
BRDA:127,11,1,0
BRDA:150,12,0,44
BRDA:150,12,1,1
BRDA:151,13,0,44
BRDA:151,13,1,3
BRDA:210,14,0,4
BRDA:210,14,1,40
BRF:30
BRH:28
end_of_record
TN:
SF:src/components/Login/page.jsx
FN:7,(anonymous_0)
FN:15,(anonymous_1)
FN:72,(anonymous_2)
FN:82,(anonymous_3)
FNF:4
FNH:4
FNDA:25,(anonymous_0)
FNDA:6,(anonymous_1)
FNDA:4,(anonymous_2)
FNDA:3,(anonymous_3)
DA:7,1
DA:8,25
DA:9,25
DA:10,25
DA:11,25
DA:12,25
DA:13,25
DA:15,25
DA:16,6
DA:17,6
DA:18,6
DA:19,6
DA:21,6
DA:22,6
DA:30,5
DA:32,5
DA:33,4
DA:34,1
DA:35,3
DA:36,1
DA:37,2
DA:38,1
DA:39,1
DA:41,1
DA:43,4
DA:46,1
DA:48,1
DA:49,1
DA:51,0
DA:54,1
DA:56,1
DA:58,1
DA:59,1
DA:63,25
DA:72,4
DA:82,3
DA:99,1
LF:37
LH:36
BRDA:32,0,0,4
BRDA:32,0,1,1
BRDA:33,1,0,1
BRDA:33,1,1,3
BRDA:35,2,0,1
BRDA:35,2,1,2
BRDA:37,3,0,1
BRDA:37,3,1,1
BRDA:41,4,0,1
BRDA:41,4,1,0
BRDA:48,5,0,1
BRDA:48,5,1,0
BRDA:54,6,0,1
BRDA:54,6,1,0
BRDA:59,7,0,1
BRDA:59,7,1,0
BRDA:66,8,0,25
BRDA:66,8,1,2
BRDA:75,9,0,25
BRDA:75,9,1,4
BRDA:85,10,0,25
BRDA:85,10,1,3
BRF:22
BRH:18
end_of_record
TN:
SF:src/components/PriorityFilterSidebar/page.jsx
FN:5,(anonymous_0)
FN:16,(anonymous_1)
FN:22,(anonymous_2)
FN:28,(anonymous_3)
FNF:4
FNH:3
FNDA:45,(anonymous_0)
FNDA:0,(anonymous_1)
FNDA:135,(anonymous_2)
FNDA:3,(anonymous_3)
DA:3,2
DA:5,2
DA:6,45
DA:16,0
DA:23,135
DA:28,3
DA:41,2
LF:7
LH:6
BRDA:14,0,0,42
BRDA:14,0,1,3
BRDA:26,1,0,3
BRDA:26,1,1,132
BRF:4
BRH:4
end_of_record
TN:
SF:src/components/Settings/page.jsx
FN:14,(anonymous_0)
FN:21,(anonymous_1)
FN:32,(anonymous_2)
FN:39,(anonymous_3)
FN:46,(anonymous_4)
FN:65,(anonymous_5)
FN:77,(anonymous_6)
FN:81,(anonymous_7)
FNF:8
FNH:0
FNDA:0,(anonymous_0)
FNDA:0,(anonymous_1)
FNDA:0,(anonymous_2)
FNDA:0,(anonymous_3)
FNDA:0,(anonymous_4)
FNDA:0,(anonymous_5)
FNDA:0,(anonymous_6)
FNDA:0,(anonymous_7)
DA:5,1
DA:14,1
DA:15,0
DA:16,0
DA:17,0
DA:18,0
DA:19,0
DA:21,0
DA:22,0
DA:23,0
DA:24,0
DA:25,0
DA:26,0
DA:27,0
DA:28,0
DA:32,0
DA:33,0
DA:34,0
DA:35,0
DA:36,0
DA:39,0
DA:40,0
DA:41,0
DA:42,0
DA:43,0
DA:46,0
DA:48,0
DA:50,0
DA:51,0
DA:60,0
DA:62,0
DA:63,0
DA:64,0
DA:65,0
DA:67,0
DA:68,0
DA:71,0
DA:72,0
DA:73,0
DA:77,0
DA:79,0
DA:81,0
DA:82,0
DA:83,0
DA:89,0
DA:90,0
DA:91,0
DA:92,0
DA:93,0
DA:94,0
DA:97,0
DA:99,0
DA:103,0
DA:105,0
DA:107,0
LF:55
LH:2
BRDA:23,0,0,0
BRDA:23,0,1,0
BRDA:48,1,0,0
BRDA:48,1,1,0
BRDA:62,2,0,0
BRDA:62,2,1,0
BRDA:67,3,0,0
BRDA:67,3,1,0
BRDA:79,4,0,0
BRDA:79,4,1,0
BRDA:90,5,0,0
BRDA:90,5,1,0
BRDA:91,6,0,0
BRDA:91,6,1,0
BRDA:92,7,0,0
BRDA:92,7,1,0
BRDA:93,8,0,0
BRDA:93,8,1,0
BRDA:94,9,0,0
BRDA:94,9,1,0
BRDA:105,10,0,0
BRDA:105,10,1,0
BRDA:136,11,0,0
BRDA:136,11,1,0
BRDA:137,12,0,0
BRDA:137,12,1,0
BRF:26
BRH:0
end_of_record
TN:
SF:src/components/SplitScreen/RightSide.jsx
FN:24,(anonymous_0)
FN:29,(anonymous_1)
FN:41,(anonymous_2)
FN:50,(anonymous_3)
FN:76,(anonymous_4)
FN:82,(anonymous_5)
FN:89,(anonymous_6)
FN:104,(anonymous_7)
FN:106,(anonymous_8)
FN:118,(anonymous_9)
FN:119,(anonymous_10)
FN:126,(anonymous_11)
FN:139,(anonymous_12)
FN:147,(anonymous_13)
FN:155,(anonymous_14)
FN:177,(anonymous_15)
FN:194,(anonymous_16)
FN:198,(anonymous_17)
FN:199,(anonymous_18)
FN:239,(anonymous_19)
FN:255,(anonymous_20)
FN:268,(anonymous_21)
FN:295,(anonymous_22)
FN:298,(anonymous_23)
FN:302,(anonymous_24)
FN:310,(anonymous_25)
FN:328,(anonymous_26)
FN:333,(anonymous_27)
FN:341,(anonymous_28)
FN:349,(anonymous_29)
FN:353,(anonymous_30)
FN:363,(anonymous_31)
FN:365,(anonymous_32)
FN:369,(anonymous_33)
FN:387,(anonymous_34)
FN:407,(anonymous_35)
FN:410,(anonymous_36)
FN:415,(anonymous_37)
FN:432,(anonymous_38)
FN:442,(anonymous_39)
FNF:40
FNH:0
FNDA:0,(anonymous_0)
FNDA:0,(anonymous_1)
FNDA:0,(anonymous_2)
FNDA:0,(anonymous_3)
FNDA:0,(anonymous_4)
FNDA:0,(anonymous_5)
FNDA:0,(anonymous_6)
FNDA:0,(anonymous_7)
FNDA:0,(anonymous_8)
FNDA:0,(anonymous_9)
FNDA:0,(anonymous_10)
FNDA:0,(anonymous_11)
FNDA:0,(anonymous_12)
FNDA:0,(anonymous_13)
FNDA:0,(anonymous_14)
FNDA:0,(anonymous_15)
FNDA:0,(anonymous_16)
FNDA:0,(anonymous_17)
FNDA:0,(anonymous_18)
FNDA:0,(anonymous_19)
FNDA:0,(anonymous_20)
FNDA:0,(anonymous_21)
FNDA:0,(anonymous_22)
FNDA:0,(anonymous_23)
FNDA:0,(anonymous_24)
FNDA:0,(anonymous_25)
FNDA:0,(anonymous_26)
FNDA:0,(anonymous_27)
FNDA:0,(anonymous_28)
FNDA:0,(anonymous_29)
FNDA:0,(anonymous_30)
FNDA:0,(anonymous_31)
FNDA:0,(anonymous_32)
FNDA:0,(anonymous_33)
FNDA:0,(anonymous_34)
FNDA:0,(anonymous_35)
FNDA:0,(anonymous_36)
FNDA:0,(anonymous_37)
FNDA:0,(anonymous_38)
FNDA:0,(anonymous_39)
DA:19,1
DA:21,1
DA:24,0
DA:29,1
DA:30,0
DA:35,1
DA:41,1
DA:50,0
DA:51,0
DA:53,0
DA:54,0
DA:55,0
DA:60,0
DA:66,0
DA:67,0
DA:70,0
DA:71,0
DA:76,0
DA:77,0
DA:78,0
DA:79,0
DA:82,0
DA:83,0
DA:84,0
DA:85,0
DA:86,0
DA:89,0
DA:90,0
DA:93,0
DA:104,0
DA:106,0
DA:118,0
DA:119,0
DA:127,0
DA:140,0
DA:141,0
DA:148,0
DA:149,0
DA:156,0
DA:157,0
DA:167,1
DA:177,1
DA:178,0
DA:179,0
DA:180,0
DA:181,0
DA:182,0
DA:183,0
DA:184,0
DA:185,0
DA:186,0
DA:187,0
DA:188,0
DA:190,0
DA:192,0
DA:194,0
DA:198,0
DA:199,0
DA:201,0
DA:202,0
DA:203,0
DA:204,0
DA:209,0
DA:214,0
DA:216,0
DA:223,0
DA:224,0
DA:226,0
DA:227,0
DA:228,0
DA:231,0
DA:232,0
DA:233,0
DA:236,0
DA:237,0
DA:239,0
DA:240,0
DA:248,0
DA:249,0
DA:251,0
DA:255,0
DA:267,0
DA:269,0
DA:270,0
DA:272,0
DA:273,0
DA:287,0
DA:288,0
DA:294,0
DA:295,0
DA:296,0
DA:298,0
DA:299,0
DA:302,0
DA:310,0
DA:311,0
DA:313,0
DA:319,0
DA:321,0
DA:325,0
DA:328,0
DA:329,0
DA:330,0
DA:333,0
DA:334,0
DA:335,0
DA:336,0
DA:337,0
DA:338,0
DA:339,0
DA:341,0
DA:342,0
DA:343,0
DA:345,0
DA:349,0
DA:350,0
DA:353,0
DA:354,0
DA:362,0
DA:363,0
DA:365,0
DA:368,0
DA:369,0
DA:372,0
DA:375,0
DA:388,0
DA:408,0
DA:411,0
DA:416,0
DA:417,0
DA:432,0
DA:443,0
DA:444,0
DA:446,0
LF:134
LH:7
BRDA:53,0,0,0
BRDA:53,0,1,0
BRDA:66,1,0,0
BRDA:66,1,1,0
BRDA:70,2,0,0
BRDA:70,2,1,0
BRDA:123,3,0,0
BRDA:123,3,1,0
BRDA:192,4,0,0
BRDA:192,4,1,0
BRDA:201,5,0,0
BRDA:201,5,1,0
BRDA:227,6,0,0
BRDA:227,6,1,0
BRDA:232,7,0,0
BRDA:232,7,1,0
BRDA:248,8,0,0
BRDA:248,8,1,0
BRDA:262,9,0,0
BRDA:262,9,1,0
BRDA:269,10,0,0
BRDA:269,10,1,0
BRDA:270,11,0,0
BRDA:270,11,1,0
BRDA:280,12,0,0
BRDA:280,12,1,0
BRDA:334,13,0,0
BRDA:334,13,1,0
BRDA:362,14,0,0
BRDA:362,14,1,0
BRDA:368,15,0,0
BRDA:368,15,1,0
BRDA:408,16,0,0
BRDA:408,16,1,0
BRDA:418,17,0,0
BRDA:418,17,1,0
BRDA:420,18,0,0
BRDA:420,18,1,0
BRDA:427,19,0,0
BRDA:427,19,1,0
BRDA:438,20,0,0
BRDA:438,20,1,0
BRDA:440,21,0,0
BRDA:440,21,1,0
BRDA:443,22,0,0
BRDA:443,22,1,0
BRDA:449,23,0,0
BRDA:449,23,1,0
BRDA:454,24,0,0
BRDA:454,24,1,0
BRDA:454,25,0,0
BRDA:454,25,1,0
BRDA:456,26,0,0
BRDA:456,26,1,0
BRDA:458,27,0,0
BRDA:458,27,1,0
BRDA:460,28,0,0
BRDA:460,28,1,0
BRDA:464,29,0,0
BRDA:464,29,1,0
BRDA:470,30,0,0
BRDA:470,30,1,0
BRF:62
BRH:0
end_of_record
TN:
SF:src/components/SplitScreen/page.jsx
FN:5,(anonymous_0)
FNF:1
FNH:0
FNDA:0,(anonymous_0)
DA:5,1
DA:6,0
LF:2
LH:1
BRF:0
BRH:0
end_of_record
TN:
SF:src/components/Table/page.jsx
FN:3,(anonymous_0)
FN:16,TableBody
FN:17,(anonymous_2)
FN:25,(anonymous_3)
FN:28,(anonymous_4)
FN:44,(anonymous_5)
FNF:6
FNH:6
FNDA:7,(anonymous_0)
FNDA:7,TableBody
FNDA:12,(anonymous_2)
FNDA:2,(anonymous_3)
FNDA:2,(anonymous_4)
FNDA:7,(anonymous_5)
DA:3,1
DA:4,7
DA:17,7
DA:18,12
DA:25,2
DA:28,2
DA:34,7
DA:37,1
DA:44,1
DA:45,7
DA:57,1
LF:11
LH:11
BRDA:17,0,0,7
BRDA:17,0,1,0
BRDA:26,1,0,6
BRDA:26,1,1,6
BRF:4
BRH:3
end_of_record
TN:
SF:src/components/UserProfile/page.jsx
FN:6,(anonymous_0)
FN:17,(anonymous_1)
FN:18,(anonymous_2)
FN:39,(anonymous_3)
FN:68,(anonymous_4)
FN:92,(anonymous_5)
FN:120,(anonymous_6)
FN:151,(anonymous_7)
FN:156,(anonymous_8)
FN:160,(anonymous_9)
FN:172,(anonymous_10)
FNF:11
FNH:0
FNDA:0,(anonymous_0)
FNDA:0,(anonymous_1)
FNDA:0,(anonymous_2)
FNDA:0,(anonymous_3)
FNDA:0,(anonymous_4)
FNDA:0,(anonymous_5)
FNDA:0,(anonymous_6)
FNDA:0,(anonymous_7)
FNDA:0,(anonymous_8)
FNDA:0,(anonymous_9)
FNDA:0,(anonymous_10)
DA:6,1
DA:7,0
DA:8,0
DA:9,0
DA:10,0
DA:11,0
DA:12,0
DA:15,0
DA:17,0
DA:18,0
DA:19,0
DA:20,0
DA:25,0
DA:26,0
DA:27,0
DA:28,0
DA:29,0
DA:30,0
DA:32,0
DA:33,0
DA:36,0
DA:39,0
DA:40,0
DA:41,0
DA:43,0
DA:44,0
DA:46,0
DA:47,0
DA:55,0
DA:56,0
DA:57,0
DA:58,0
DA:60,0
DA:63,0
DA:64,0
DA:68,0
DA:69,0
DA:70,0
DA:71,0
DA:80,0
DA:81,0
DA:82,0
DA:84,0
DA:87,0
DA:88,0
DA:92,0
DA:93,0
DA:96,0
DA:98,0
DA:99,0
DA:106,0
DA:107,0
DA:108,0
DA:109,0
DA:111,0
DA:112,0
DA:115,0
DA:116,0
DA:120,0
DA:121,0
DA:122,0
DA:125,0
DA:151,0
DA:156,0
DA:160,0
DA:172,0
DA:182,1
LF:67
LH:2
BRDA:15,0,0,0
BRDA:15,0,1,0
BRDA:25,1,0,0
BRDA:25,1,1,0
BRDA:41,2,0,0
BRDA:41,2,1,0
BRDA:56,3,0,0
BRDA:56,3,1,0
BRDA:60,4,0,0
BRDA:60,4,1,0
BRDA:81,5,0,0
BRDA:81,5,1,0
BRDA:84,6,0,0
BRDA:84,6,1,0
BRDA:96,7,0,0
BRDA:96,7,1,0
BRDA:106,8,0,0
BRDA:106,8,1,0
BRDA:112,9,0,0
BRDA:112,9,1,0
BRDA:131,10,0,0
BRDA:131,10,1,0
BRDA:176,11,0,0
BRDA:176,11,1,0
BRF:24
BRH:0
end_of_record
TN:
SF:src/components/todolist/addTask.jsx
FN:6,(anonymous_0)
FN:17,(anonymous_1)
FN:19,(anonymous_2)
FN:26,(anonymous_3)
FN:28,(anonymous_4)
FN:31,(anonymous_5)
FN:81,(anonymous_6)
FN:86,(anonymous_7)
FN:86,(anonymous_8)
FN:145,(anonymous_9)
FNF:10
FNH:0
FNDA:0,(anonymous_0)
FNDA:0,(anonymous_1)
FNDA:0,(anonymous_2)
FNDA:0,(anonymous_3)
FNDA:0,(anonymous_4)
FNDA:0,(anonymous_5)
FNDA:0,(anonymous_6)
FNDA:0,(anonymous_7)
FNDA:0,(anonymous_8)
FNDA:0,(anonymous_9)
DA:6,2
DA:7,0
DA:17,0
DA:18,0
DA:19,0
DA:26,0
DA:27,0
DA:28,0
DA:31,0
DA:32,0
DA:34,0
DA:36,0
DA:37,0
DA:38,0
DA:42,0
DA:44,0
DA:46,0
DA:48,0
DA:50,0
DA:59,0
DA:60,0
DA:61,0
DA:62,0
DA:65,0
DA:69,0
DA:82,0
DA:86,0
DA:146,0
DA:169,2
LF:29
LH:2
BRDA:18,0,0,0
BRDA:18,0,1,0
BRDA:36,1,0,0
BRDA:36,1,1,0
BRDA:36,2,0,0
BRDA:36,2,1,0
BRDA:36,2,2,0
BRDA:36,2,3,0
BRDA:42,3,0,0
BRDA:42,3,1,0
BRDA:48,4,0,0
BRDA:48,4,1,0
BRDA:60,5,0,0
BRDA:60,5,1,0
BRDA:85,6,0,0
BRDA:85,6,1,0
BRDA:113,7,0,0
BRDA:113,7,1,0
BRDA:131,8,0,0
BRDA:131,8,1,0
BRF:20
BRH:0
end_of_record
TN:
SF:src/navbar/Navbar.jsx
FN:5,(anonymous_0)
FNF:1
FNH:1
FNDA:3,(anonymous_0)
DA:5,1
DA:6,3
DA:15,1
LF:3
LH:3
BRF:0
BRH:0
end_of_record
TN:
SF:src/utils/theme.js
FN:12,(anonymous_0)
FNF:1
FNH:1
FNDA:4,(anonymous_0)
DA:3,1
DA:12,1
DA:13,4
DA:14,4
DA:15,4
DA:16,4
DA:17,4
DA:18,4
DA:19,4
LF:9
LH:9
BRDA:14,0,0,4
BRDA:14,0,1,0
BRF:2
BRH:1
end_of_record
