{"C:\\Users\\sgpie\\todo_list_app\\ToDo_List\\backend\\connection.js": {"path":"C:\\Users\\sgpie\\todo_list_app\\ToDo_List\\backend\\connection.js","statementMap":{"0":{"start":{"line":1,"column":17},"end":{"line":1,"column":36}},"1":{"start":{"line":4,"column":2},"end":{"line":11,"column":3}},"2":{"start":{"line":5,"column":4},"end":{"line":7,"column":5}},"3":{"start":{"line":6,"column":6},"end":{"line":6,"column":72}},"4":{"start":{"line":8,"column":4},"end":{"line":8,"column":72}},"5":{"start":{"line":9,"column":4},"end":{"line":9,"column":20}},"6":{"start":{"line":10,"column":4},"end":{"line":10,"column":11}},"7":{"start":{"line":13,"column":2},"end":{"line":19,"column":3}},"8":{"start":{"line":18,"column":4},"end":{"line":18,"column":65}},"9":{"start":{"line":22,"column":2},"end":{"line":26,"column":3}},"10":{"start":{"line":23,"column":4},"end":{"line":23,"column":65}},"11":{"start":{"line":25,"column":4},"end":{"line":25,"column":23}},"12":{"start":{"line":28,"column":21},"end":{"line":31,"column":4}},"13":{"start":{"line":33,"column":2},"end":{"line":43,"column":3}},"14":{"start":{"line":34,"column":4},"end":{"line":36,"column":7}},"15":{"start":{"line":35,"column":6},"end":{"line":35,"column":55}},"16":{"start":{"line":37,"column":4},"end":{"line":39,"column":7}},"17":{"start":{"line":38,"column":6},"end":{"line":38,"column":45}},"18":{"start":{"line":40,"column":4},"end":{"line":42,"column":7}},"19":{"start":{"line":41,"column":6},"end":{"line":41,"column":54}},"20":{"start":{"line":45,"column":2},"end":{"line":45,"column":20}},"21":{"start":{"line":48,"column":0},"end":{"line":48,"column":39}}},"fnMap":{"0":{"name":"makeNewConnection","decl":{"start":{"line":3,"column":9},"end":{"line":3,"column":26}},"loc":{"start":{"line":3,"column":32},"end":{"line":46,"column":1}},"line":3},"1":{"name":"(anonymous_1)","decl":{"start":{"line":34,"column":31},"end":{"line":34,"column":32}},"loc":{"start":{"line":34,"column":37},"end":{"line":36,"column":5}},"line":34},"2":{"name":"(anonymous_2)","decl":{"start":{"line":37,"column":34},"end":{"line":37,"column":35}},"loc":{"start":{"line":37,"column":40},"end":{"line":39,"column":5}},"line":37},"3":{"name":"(anonymous_3)","decl":{"start":{"line":40,"column":27},"end":{"line":40,"column":28}},"loc":{"start":{"line":40,"column":36},"end":{"line":42,"column":5}},"line":40}},"branchMap":{"0":{"loc":{"start":{"line":4,"column":2},"end":{"line":11,"column":3}},"type":"if","locations":[{"start":{"line":4,"column":2},"end":{"line":11,"column":3}},{"start":{},"end":{}}],"line":4},"1":{"loc":{"start":{"line":5,"column":4},"end":{"line":7,"column":5}},"type":"if","locations":[{"start":{"line":5,"column":4},"end":{"line":7,"column":5}},{"start":{},"end":{}}],"line":5},"2":{"loc":{"start":{"line":13,"column":2},"end":{"line":19,"column":3}},"type":"if","locations":[{"start":{"line":13,"column":2},"end":{"line":19,"column":3}},{"start":{},"end":{}}],"line":13},"3":{"loc":{"start":{"line":14,"column":4},"end":{"line":16,"column":75}},"type":"binary-expr","locations":[{"start":{"line":14,"column":4},"end":{"line":14,"column":35}},{"start":{"line":15,"column":5},"end":{"line":15,"column":28}},{"start":{"line":16,"column":7},"end":{"line":16,"column":36}},{"start":{"line":16,"column":40},"end":{"line":16,"column":73}}],"line":14},"4":{"loc":{"start":{"line":23,"column":13},"end":{"line":23,"column":64}},"type":"binary-expr","locations":[{"start":{"line":23,"column":13},"end":{"line":23,"column":51}},{"start":{"line":23,"column":55},"end":{"line":23,"column":64}}],"line":23},"5":{"loc":{"start":{"line":33,"column":2},"end":{"line":43,"column":3}},"type":"if","locations":[{"start":{"line":33,"column":2},"end":{"line":43,"column":3}},{"start":{},"end":{}}],"line":33}},"s":{"0":4,"1":13,"2":2,"3":1,"4":1,"5":1,"6":1,"7":11,"8":1,"9":10,"10":10,"11":0,"12":10,"13":10,"14":3,"15":3,"16":3,"17":1,"18":3,"19":1,"20":10,"21":4},"f":{"0":13,"1":3,"2":1,"3":1},"b":{"0":[2,11],"1":[1,1],"2":[1,10],"3":[11,4,4,1],"4":[10,3],"5":[3,7]},"_coverageSchema":"1a1c01bbd47fc00a2c39e90264f33305004495a9","hash":"687dac8b676fc9400b58d136d8e12cdbd00360ce"}
,"C:\\Users\\sgpie\\todo_list_app\\ToDo_List\\backend\\db.js": {"path":"C:\\Users\\sgpie\\todo_list_app\\ToDo_List\\backend\\db.js","statementMap":{"0":{"start":{"line":1,"column":17},"end":{"line":1,"column":36}},"1":{"start":{"line":2,"column":0},"end":{"line":2,"column":27}},"2":{"start":{"line":4,"column":18},"end":{"line":20,"column":1}},"3":{"start":{"line":5,"column":2},"end":{"line":7,"column":3}},"4":{"start":{"line":6,"column":4},"end":{"line":6,"column":11}},"5":{"start":{"line":9,"column":2},"end":{"line":12,"column":3}},"6":{"start":{"line":10,"column":4},"end":{"line":10,"column":68}},"7":{"start":{"line":11,"column":4},"end":{"line":11,"column":11}},"8":{"start":{"line":14,"column":2},"end":{"line":19,"column":3}},"9":{"start":{"line":15,"column":4},"end":{"line":15,"column":50}},"10":{"start":{"line":16,"column":4},"end":{"line":16,"column":38}},"11":{"start":{"line":18,"column":4},"end":{"line":18,"column":33}},"12":{"start":{"line":22,"column":0},"end":{"line":22,"column":27}}},"fnMap":{"0":{"name":"(anonymous_0)","decl":{"start":{"line":4,"column":18},"end":{"line":4,"column":19}},"loc":{"start":{"line":4,"column":30},"end":{"line":20,"column":1}},"line":4}},"branchMap":{"0":{"loc":{"start":{"line":5,"column":2},"end":{"line":7,"column":3}},"type":"if","locations":[{"start":{"line":5,"column":2},"end":{"line":7,"column":3}},{"start":{},"end":{}}],"line":5},"1":{"loc":{"start":{"line":9,"column":2},"end":{"line":12,"column":3}},"type":"if","locations":[{"start":{"line":9,"column":2},"end":{"line":12,"column":3}},{"start":{},"end":{}}],"line":9}},"s":{"0":3,"1":3,"2":3,"3":4,"4":1,"5":3,"6":1,"7":1,"8":2,"9":2,"10":1,"11":1,"12":3},"f":{"0":4},"b":{"0":[1,3],"1":[1,2]},"_coverageSchema":"1a1c01bbd47fc00a2c39e90264f33305004495a9","hash":"2a2bb675b01f8080d984c9f4ffe00c0e76852bf4"}
,"C:\\Users\\sgpie\\todo_list_app\\ToDo_List\\backend\\server.js": {"path":"C:\\Users\\sgpie\\todo_list_app\\ToDo_List\\backend\\server.js","statementMap":{"0":{"start":{"line":1,"column":0},"end":{"line":1,"column":56}},"1":{"start":{"line":3,"column":16},"end":{"line":3,"column":34}},"2":{"start":{"line":4,"column":13},"end":{"line":4,"column":28}},"3":{"start":{"line":5,"column":13},"end":{"line":5,"column":28}},"4":{"start":{"line":6,"column":16},"end":{"line":6,"column":42}},"5":{"start":{"line":8,"column":18},"end":{"line":8,"column":36}},"6":{"start":{"line":9,"column":19},"end":{"line":9,"column":52}},"7":{"start":{"line":10,"column":19},"end":{"line":10,"column":52}},"8":{"start":{"line":11,"column":20},"end":{"line":11,"column":54}},"9":{"start":{"line":12,"column":29},"end":{"line":12,"column":63}},"10":{"start":{"line":14,"column":12},"end":{"line":14,"column":21}},"11":{"start":{"line":15,"column":13},"end":{"line":15,"column":37}},"12":{"start":{"line":18,"column":0},"end":{"line":18,"column":70}},"13":{"start":{"line":19,"column":0},"end":{"line":19,"column":24}},"14":{"start":{"line":21,"column":0},"end":{"line":28,"column":2}},"15":{"start":{"line":30,"column":0},"end":{"line":38,"column":3}},"16":{"start":{"line":31,"column":2},"end":{"line":31,"column":69}},"17":{"start":{"line":32,"column":2},"end":{"line":35,"column":4}},"18":{"start":{"line":36,"column":2},"end":{"line":36,"column":80}},"19":{"start":{"line":37,"column":2},"end":{"line":37,"column":9}},"20":{"start":{"line":41,"column":0},"end":{"line":44,"column":3}},"21":{"start":{"line":42,"column":2},"end":{"line":42,"column":43}},"22":{"start":{"line":43,"column":2},"end":{"line":43,"column":9}},"23":{"start":{"line":47,"column":0},"end":{"line":47,"column":69}},"24":{"start":{"line":50,"column":0},"end":{"line":50,"column":33}},"25":{"start":{"line":51,"column":0},"end":{"line":51,"column":34}},"26":{"start":{"line":52,"column":0},"end":{"line":52,"column":35}},"27":{"start":{"line":53,"column":0},"end":{"line":53,"column":54}},"28":{"start":{"line":54,"column":0},"end":{"line":54,"column":34}},"29":{"start":{"line":55,"column":0},"end":{"line":55,"column":35}},"30":{"start":{"line":57,"column":0},"end":{"line":60,"column":3}},"31":{"start":{"line":58,"column":2},"end":{"line":58,"column":40}},"32":{"start":{"line":59,"column":2},"end":{"line":59,"column":42}},"33":{"start":{"line":63,"column":0},"end":{"line":67,"column":1}},"34":{"start":{"line":64,"column":2},"end":{"line":66,"column":5}},"35":{"start":{"line":65,"column":4},"end":{"line":65,"column":74}},"36":{"start":{"line":65,"column":27},"end":{"line":65,"column":72}},"37":{"start":{"line":69,"column":0},"end":{"line":69,"column":21}}},"fnMap":{"0":{"name":"(anonymous_0)","decl":{"start":{"line":30,"column":8},"end":{"line":30,"column":9}},"loc":{"start":{"line":30,"column":28},"end":{"line":38,"column":1}},"line":30},"1":{"name":"(anonymous_1)","decl":{"start":{"line":41,"column":8},"end":{"line":41,"column":9}},"loc":{"start":{"line":41,"column":28},"end":{"line":44,"column":1}},"line":41},"2":{"name":"(anonymous_2)","decl":{"start":{"line":57,"column":13},"end":{"line":57,"column":14}},"loc":{"start":{"line":57,"column":27},"end":{"line":60,"column":1}},"line":57},"3":{"name":"(anonymous_3)","decl":{"start":{"line":64,"column":19},"end":{"line":64,"column":20}},"loc":{"start":{"line":64,"column":25},"end":{"line":66,"column":3}},"line":64},"4":{"name":"(anonymous_4)","decl":{"start":{"line":65,"column":21},"end":{"line":65,"column":22}},"loc":{"start":{"line":65,"column":27},"end":{"line":65,"column":72}},"line":65}},"branchMap":{"0":{"loc":{"start":{"line":15,"column":13},"end":{"line":15,"column":37}},"type":"binary-expr","locations":[{"start":{"line":15,"column":13},"end":{"line":15,"column":29}},{"start":{"line":15,"column":33},"end":{"line":15,"column":37}}],"line":15},"1":{"loc":{"start":{"line":63,"column":0},"end":{"line":67,"column":1}},"type":"if","locations":[{"start":{"line":63,"column":0},"end":{"line":67,"column":1}},{"start":{},"end":{}}],"line":63}},"s":{"0":2,"1":2,"2":2,"3":2,"4":2,"5":2,"6":2,"7":2,"8":2,"9":2,"10":2,"11":2,"12":2,"13":2,"14":2,"15":2,"16":9,"17":9,"18":9,"19":9,"20":2,"21":9,"22":9,"23":2,"24":2,"25":2,"26":2,"27":2,"28":2,"29":2,"30":2,"31":1,"32":1,"33":2,"34":0,"35":0,"36":0,"37":2},"f":{"0":9,"1":9,"2":1,"3":0,"4":0},"b":{"0":[2,2],"1":[0,2]},"_coverageSchema":"1a1c01bbd47fc00a2c39e90264f33305004495a9","hash":"d3ea883da14add5ab7d372ab404dc6b2cbb28b3d"}
,"C:\\Users\\sgpie\\todo_list_app\\ToDo_List\\backend\\controllers\\authController.js": {"path":"C:\\Users\\sgpie\\todo_list_app\\ToDo_List\\backend\\controllers\\authController.js","statementMap":{"0":{"start":{"line":1,"column":15},"end":{"line":1,"column":34}},"1":{"start":{"line":2,"column":12},"end":{"line":2,"column":35}},"2":{"start":{"line":3,"column":17},"end":{"line":3,"column":51}},"3":{"start":{"line":4,"column":0},"end":{"line":4,"column":27}},"4":{"start":{"line":6,"column":28},"end":{"line":10,"column":1}},"5":{"start":{"line":7,"column":2},"end":{"line":9,"column":5}},"6":{"start":{"line":12,"column":17},"end":{"line":80,"column":1}},"7":{"start":{"line":13,"column":41},"end":{"line":13,"column":49}},"8":{"start":{"line":16,"column":2},"end":{"line":21,"column":3}},"9":{"start":{"line":17,"column":4},"end":{"line":20,"column":7}},"10":{"start":{"line":24,"column":21},"end":{"line":24,"column":49}},"11":{"start":{"line":25,"column":2},"end":{"line":30,"column":3}},"12":{"start":{"line":26,"column":4},"end":{"line":29,"column":7}},"13":{"start":{"line":33,"column":2},"end":{"line":38,"column":3}},"14":{"start":{"line":34,"column":4},"end":{"line":37,"column":7}},"15":{"start":{"line":40,"column":2},"end":{"line":79,"column":3}},"16":{"start":{"line":42,"column":25},"end":{"line":42,"column":79}},"17":{"start":{"line":43,"column":4},"end":{"line":51,"column":5}},"18":{"start":{"line":44,"column":6},"end":{"line":50,"column":9}},"19":{"start":{"line":54,"column":27},"end":{"line":54,"column":53}},"20":{"start":{"line":55,"column":20},"end":{"line":60,"column":6}},"21":{"start":{"line":62,"column":22},"end":{"line":62,"column":42}},"22":{"start":{"line":63,"column":18},"end":{"line":63,"column":72}},"23":{"start":{"line":65,"column":4},"end":{"line":71,"column":7}},"24":{"start":{"line":73,"column":4},"end":{"line":73,"column":46}},"25":{"start":{"line":74,"column":4},"end":{"line":78,"column":7}},"26":{"start":{"line":82,"column":14},"end":{"line":125,"column":1}},"27":{"start":{"line":83,"column":28},"end":{"line":83,"column":36}},"28":{"start":{"line":85,"column":2},"end":{"line":90,"column":3}},"29":{"start":{"line":86,"column":4},"end":{"line":89,"column":7}},"30":{"start":{"line":92,"column":2},"end":{"line":124,"column":3}},"31":{"start":{"line":93,"column":17},"end":{"line":93,"column":49}},"32":{"start":{"line":94,"column":4},"end":{"line":99,"column":5}},"33":{"start":{"line":95,"column":6},"end":{"line":98,"column":9}},"34":{"start":{"line":101,"column":20},"end":{"line":101,"column":60}},"35":{"start":{"line":102,"column":4},"end":{"line":107,"column":5}},"36":{"start":{"line":103,"column":6},"end":{"line":106,"column":9}},"37":{"start":{"line":109,"column":18},"end":{"line":109,"column":62}},"38":{"start":{"line":110,"column":4},"end":{"line":116,"column":7}},"39":{"start":{"line":118,"column":4},"end":{"line":118,"column":39}},"40":{"start":{"line":119,"column":4},"end":{"line":123,"column":7}},"41":{"start":{"line":126,"column":19},"end":{"line":151,"column":1}},"42":{"start":{"line":127,"column":2},"end":{"line":150,"column":3}},"43":{"start":{"line":128,"column":17},"end":{"line":130,"column":5}},"44":{"start":{"line":131,"column":4},"end":{"line":131,"column":70}},"45":{"start":{"line":131,"column":15},"end":{"line":131,"column":70}},"46":{"start":{"line":133,"column":17},"end":{"line":133,"column":21}},"47":{"start":{"line":134,"column":4},"end":{"line":136,"column":5}},"48":{"start":{"line":135,"column":6},"end":{"line":135,"column":93}},"49":{"start":{"line":138,"column":4},"end":{"line":146,"column":7}},"50":{"start":{"line":148,"column":4},"end":{"line":148,"column":47}},"51":{"start":{"line":149,"column":4},"end":{"line":149,"column":50}},"52":{"start":{"line":153,"column":27},"end":{"line":179,"column":1}},"53":{"start":{"line":154,"column":2},"end":{"line":154,"column":74}},"54":{"start":{"line":154,"column":17},"end":{"line":154,"column":74}},"55":{"start":{"line":156,"column":2},"end":{"line":178,"column":3}},"56":{"start":{"line":157,"column":24},"end":{"line":166,"column":5}},"57":{"start":{"line":168,"column":19},"end":{"line":168,"column":60}},"58":{"start":{"line":169,"column":21},"end":{"line":169,"column":50}},"59":{"start":{"line":171,"column":4},"end":{"line":174,"column":7}},"60":{"start":{"line":176,"column":4},"end":{"line":176,"column":44}},"61":{"start":{"line":177,"column":4},"end":{"line":177,"column":58}},"62":{"start":{"line":181,"column":22},"end":{"line":210,"column":1}},"63":{"start":{"line":182,"column":49},"end":{"line":182,"column":57}},"64":{"start":{"line":184,"column":2},"end":{"line":186,"column":3}},"65":{"start":{"line":185,"column":4},"end":{"line":185,"column":69}},"66":{"start":{"line":188,"column":2},"end":{"line":209,"column":3}},"67":{"start":{"line":189,"column":24},"end":{"line":199,"column":46}},"68":{"start":{"line":201,"column":4},"end":{"line":203,"column":5}},"69":{"start":{"line":202,"column":6},"end":{"line":202,"column":62}},"70":{"start":{"line":205,"column":4},"end":{"line":205,"column":26}},"71":{"start":{"line":207,"column":4},"end":{"line":207,"column":48}},"72":{"start":{"line":208,"column":4},"end":{"line":208,"column":63}},"73":{"start":{"line":212,"column":0},"end":{"line":218,"column":2}}},"fnMap":{"0":{"name":"(anonymous_0)","decl":{"start":{"line":6,"column":28},"end":{"line":6,"column":29}},"loc":{"start":{"line":6,"column":50},"end":{"line":10,"column":1}},"line":6},"1":{"name":"(anonymous_1)","decl":{"start":{"line":12,"column":17},"end":{"line":12,"column":18}},"loc":{"start":{"line":12,"column":37},"end":{"line":80,"column":1}},"line":12},"2":{"name":"(anonymous_2)","decl":{"start":{"line":82,"column":14},"end":{"line":82,"column":15}},"loc":{"start":{"line":82,"column":34},"end":{"line":125,"column":1}},"line":82},"3":{"name":"(anonymous_3)","decl":{"start":{"line":126,"column":19},"end":{"line":126,"column":20}},"loc":{"start":{"line":126,"column":39},"end":{"line":151,"column":1}},"line":126},"4":{"name":"(anonymous_4)","decl":{"start":{"line":153,"column":27},"end":{"line":153,"column":28}},"loc":{"start":{"line":153,"column":47},"end":{"line":179,"column":1}},"line":153},"5":{"name":"(anonymous_5)","decl":{"start":{"line":181,"column":22},"end":{"line":181,"column":23}},"loc":{"start":{"line":181,"column":42},"end":{"line":210,"column":1}},"line":181}},"branchMap":{"0":{"loc":{"start":{"line":16,"column":2},"end":{"line":21,"column":3}},"type":"if","locations":[{"start":{"line":16,"column":2},"end":{"line":21,"column":3}},{"start":{},"end":{}}],"line":16},"1":{"loc":{"start":{"line":16,"column":6},"end":{"line":16,"column":42}},"type":"binary-expr","locations":[{"start":{"line":16,"column":6},"end":{"line":16,"column":15}},{"start":{"line":16,"column":19},"end":{"line":16,"column":23}},{"start":{"line":16,"column":27},"end":{"line":16,"column":32}},{"start":{"line":16,"column":36},"end":{"line":16,"column":42}}],"line":16},"2":{"loc":{"start":{"line":25,"column":2},"end":{"line":30,"column":3}},"type":"if","locations":[{"start":{"line":25,"column":2},"end":{"line":30,"column":3}},{"start":{},"end":{}}],"line":25},"3":{"loc":{"start":{"line":33,"column":2},"end":{"line":38,"column":3}},"type":"if","locations":[{"start":{"line":33,"column":2},"end":{"line":38,"column":3}},{"start":{},"end":{}}],"line":33},"4":{"loc":{"start":{"line":43,"column":4},"end":{"line":51,"column":5}},"type":"if","locations":[{"start":{"line":43,"column":4},"end":{"line":51,"column":5}},{"start":{},"end":{}}],"line":43},"5":{"loc":{"start":{"line":47,"column":10},"end":{"line":49,"column":41}},"type":"cond-expr","locations":[{"start":{"line":48,"column":14},"end":{"line":48,"column":39}},{"start":{"line":49,"column":14},"end":{"line":49,"column":41}}],"line":47},"6":{"loc":{"start":{"line":85,"column":2},"end":{"line":90,"column":3}},"type":"if","locations":[{"start":{"line":85,"column":2},"end":{"line":90,"column":3}},{"start":{},"end":{}}],"line":85},"7":{"loc":{"start":{"line":85,"column":6},"end":{"line":85,"column":23}},"type":"binary-expr","locations":[{"start":{"line":85,"column":6},"end":{"line":85,"column":15}},{"start":{"line":85,"column":19},"end":{"line":85,"column":23}}],"line":85},"8":{"loc":{"start":{"line":94,"column":4},"end":{"line":99,"column":5}},"type":"if","locations":[{"start":{"line":94,"column":4},"end":{"line":99,"column":5}},{"start":{},"end":{}}],"line":94},"9":{"loc":{"start":{"line":102,"column":4},"end":{"line":107,"column":5}},"type":"if","locations":[{"start":{"line":102,"column":4},"end":{"line":107,"column":5}},{"start":{},"end":{}}],"line":102},"10":{"loc":{"start":{"line":131,"column":4},"end":{"line":131,"column":70}},"type":"if","locations":[{"start":{"line":131,"column":4},"end":{"line":131,"column":70}},{"start":{},"end":{}}],"line":131},"11":{"loc":{"start":{"line":134,"column":4},"end":{"line":136,"column":5}},"type":"if","locations":[{"start":{"line":134,"column":4},"end":{"line":136,"column":5}},{"start":{},"end":{}}],"line":134},"12":{"loc":{"start":{"line":134,"column":8},"end":{"line":134,"column":37}},"type":"binary-expr","locations":[{"start":{"line":134,"column":8},"end":{"line":134,"column":18}},{"start":{"line":134,"column":22},"end":{"line":134,"column":37}}],"line":134},"13":{"loc":{"start":{"line":144,"column":13},"end":{"line":144,"column":34}},"type":"binary-expr","locations":[{"start":{"line":144,"column":13},"end":{"line":144,"column":23}},{"start":{"line":144,"column":27},"end":{"line":144,"column":34}}],"line":144},"14":{"loc":{"start":{"line":145,"column":12},"end":{"line":145,"column":36}},"type":"binary-expr","locations":[{"start":{"line":145,"column":12},"end":{"line":145,"column":21}},{"start":{"line":145,"column":25},"end":{"line":145,"column":36}}],"line":145},"15":{"loc":{"start":{"line":154,"column":2},"end":{"line":154,"column":74}},"type":"if","locations":[{"start":{"line":154,"column":2},"end":{"line":154,"column":74}},{"start":{},"end":{}}],"line":154},"16":{"loc":{"start":{"line":184,"column":2},"end":{"line":186,"column":3}},"type":"if","locations":[{"start":{"line":184,"column":2},"end":{"line":186,"column":3}},{"start":{},"end":{}}],"line":184},"17":{"loc":{"start":{"line":184,"column":6},"end":{"line":184,"column":34}},"type":"binary-expr","locations":[{"start":{"line":184,"column":6},"end":{"line":184,"column":15}},{"start":{"line":184,"column":19},"end":{"line":184,"column":24}},{"start":{"line":184,"column":28},"end":{"line":184,"column":34}}],"line":184},"18":{"loc":{"start":{"line":195,"column":12},"end":{"line":195,"column":30}},"type":"binary-expr","locations":[{"start":{"line":195,"column":12},"end":{"line":195,"column":17}},{"start":{"line":195,"column":21},"end":{"line":195,"column":30}}],"line":195},"19":{"loc":{"start":{"line":196,"column":12},"end":{"line":196,"column":28}},"type":"binary-expr","locations":[{"start":{"line":196,"column":12},"end":{"line":196,"column":16}},{"start":{"line":196,"column":20},"end":{"line":196,"column":28}}],"line":196},"20":{"loc":{"start":{"line":201,"column":4},"end":{"line":203,"column":5}},"type":"if","locations":[{"start":{"line":201,"column":4},"end":{"line":203,"column":5}},{"start":{},"end":{}}],"line":201}},"s":{"0":4,"1":4,"2":4,"3":4,"4":4,"5":4,"6":4,"7":6,"8":6,"9":1,"10":5,"11":5,"12":1,"13":4,"14":1,"15":3,"16":3,"17":3,"18":1,"19":2,"20":2,"21":2,"22":2,"23":2,"24":0,"25":0,"26":4,"27":5,"28":5,"29":1,"30":4,"31":4,"32":4,"33":1,"34":3,"35":3,"36":1,"37":2,"38":2,"39":0,"40":0,"41":4,"42":2,"43":2,"44":2,"45":0,"46":2,"47":2,"48":1,"49":2,"50":0,"51":0,"52":4,"53":2,"54":1,"55":1,"56":1,"57":1,"58":1,"59":1,"60":0,"61":0,"62":4,"63":2,"64":2,"65":1,"66":1,"67":1,"68":1,"69":0,"70":1,"71":0,"72":0,"73":4},"f":{"0":4,"1":6,"2":5,"3":2,"4":2,"5":2},"b":{"0":[1,5],"1":[6,5,5,5],"2":[1,4],"3":[1,3],"4":[1,2],"5":[1,0],"6":[1,4],"7":[5,4],"8":[1,3],"9":[1,2],"10":[0,2],"11":[1,1],"12":[2,1],"13":[2,1],"14":[2,1],"15":[1,1],"16":[1,1],"17":[2,1,1],"18":[1,1],"19":[1,1],"20":[0,1]},"_coverageSchema":"1a1c01bbd47fc00a2c39e90264f33305004495a9","hash":"42214f0f6e3d59c31a1291bd983d3b511c72518f"}
,"C:\\Users\\sgpie\\todo_list_app\\ToDo_List\\backend\\middleware\\auth.js": {"path":"C:\\Users\\sgpie\\todo_list_app\\ToDo_List\\backend\\middleware\\auth.js","statementMap":{"0":{"start":{"line":2,"column":12},"end":{"line":2,"column":35}},"1":{"start":{"line":4,"column":26},"end":{"line":15,"column":1}},"2":{"start":{"line":5,"column":21},"end":{"line":5,"column":49}},"3":{"start":{"line":6,"column":16},"end":{"line":6,"column":54}},"4":{"start":{"line":8,"column":2},"end":{"line":8,"column":41}},"5":{"start":{"line":8,"column":14},"end":{"line":8,"column":41}},"6":{"start":{"line":10,"column":2},"end":{"line":14,"column":5}},"7":{"start":{"line":11,"column":4},"end":{"line":11,"column":40}},"8":{"start":{"line":11,"column":13},"end":{"line":11,"column":40}},"9":{"start":{"line":12,"column":4},"end":{"line":12,"column":20}},"10":{"start":{"line":13,"column":4},"end":{"line":13,"column":11}},"11":{"start":{"line":17,"column":0},"end":{"line":17,"column":35}}},"fnMap":{"0":{"name":"(anonymous_0)","decl":{"start":{"line":4,"column":26},"end":{"line":4,"column":27}},"loc":{"start":{"line":4,"column":46},"end":{"line":15,"column":1}},"line":4},"1":{"name":"(anonymous_1)","decl":{"start":{"line":10,"column":50},"end":{"line":10,"column":51}},"loc":{"start":{"line":10,"column":65},"end":{"line":14,"column":3}},"line":10}},"branchMap":{"0":{"loc":{"start":{"line":6,"column":16},"end":{"line":6,"column":54}},"type":"binary-expr","locations":[{"start":{"line":6,"column":16},"end":{"line":6,"column":26}},{"start":{"line":6,"column":30},"end":{"line":6,"column":54}}],"line":6},"1":{"loc":{"start":{"line":8,"column":2},"end":{"line":8,"column":41}},"type":"if","locations":[{"start":{"line":8,"column":2},"end":{"line":8,"column":41}},{"start":{},"end":{}}],"line":8},"2":{"loc":{"start":{"line":11,"column":4},"end":{"line":11,"column":40}},"type":"if","locations":[{"start":{"line":11,"column":4},"end":{"line":11,"column":40}},{"start":{},"end":{}}],"line":11}},"s":{"0":2,"1":2,"2":9,"3":9,"4":9,"5":2,"6":7,"7":7,"8":1,"9":6,"10":6,"11":2},"f":{"0":9,"1":7},"b":{"0":[9,8],"1":[2,7],"2":[1,6]},"_coverageSchema":"1a1c01bbd47fc00a2c39e90264f33305004495a9","hash":"a4e1b5cb18167160d2796eb2e9fee3edc3fe4105"}
,"C:\\Users\\sgpie\\todo_list_app\\ToDo_List\\backend\\models\\initModels.js": {"path":"C:\\Users\\sgpie\\todo_list_app\\ToDo_List\\backend\\models\\initModels.js","statementMap":{"0":{"start":{"line":1,"column":30},"end":{"line":1,"column":54}},"1":{"start":{"line":2,"column":19},"end":{"line":2,"column":42}},"2":{"start":{"line":3,"column":19},"end":{"line":3,"column":42}},"3":{"start":{"line":5,"column":24},"end":{"line":5,"column":62}},"4":{"start":{"line":6,"column":13},"end":{"line":6,"column":54}},"5":{"start":{"line":8,"column":23},"end":{"line":8,"column":60}},"6":{"start":{"line":9,"column":13},"end":{"line":9,"column":53}},"7":{"start":{"line":11,"column":0},"end":{"line":11,"column":32}}},"fnMap":{},"branchMap":{},"s":{"0":4,"1":4,"2":4,"3":4,"4":4,"5":4,"6":4,"7":4},"f":{},"b":{},"_coverageSchema":"1a1c01bbd47fc00a2c39e90264f33305004495a9","hash":"f05bbe7a2705c1d321bcfa8fb90ad22a1bb04029"}
,"C:\\Users\\sgpie\\todo_list_app\\ToDo_List\\backend\\models\\taskSchema.js": {"path":"C:\\Users\\sgpie\\todo_list_app\\ToDo_List\\backend\\models\\taskSchema.js","statementMap":{"0":{"start":{"line":1,"column":17},"end":{"line":1,"column":36}},"1":{"start":{"line":2,"column":19},"end":{"line":17,"column":1}},"2":{"start":{"line":19,"column":0},"end":{"line":19,"column":28}}},"fnMap":{},"branchMap":{},"s":{"0":4,"1":4,"2":4},"f":{},"b":{},"_coverageSchema":"1a1c01bbd47fc00a2c39e90264f33305004495a9","hash":"016be9c1e9bc2884d7825666419e7d5718bf933d"}
,"C:\\Users\\sgpie\\todo_list_app\\ToDo_List\\backend\\models\\userSchema.js": {"path":"C:\\Users\\sgpie\\todo_list_app\\ToDo_List\\backend\\models\\userSchema.js","statementMap":{"0":{"start":{"line":1,"column":17},"end":{"line":1,"column":36}},"1":{"start":{"line":3,"column":19},"end":{"line":17,"column":1}},"2":{"start":{"line":19,"column":0},"end":{"line":19,"column":28}}},"fnMap":{},"branchMap":{},"s":{"0":4,"1":4,"2":4},"f":{},"b":{},"_coverageSchema":"1a1c01bbd47fc00a2c39e90264f33305004495a9","hash":"156b15e5c67e23acd2dc9455ae5a6517e6bdf56d"}
,"C:\\Users\\sgpie\\todo_list_app\\ToDo_List\\backend\\routes\\authRoutes.js": {"path":"C:\\Users\\sgpie\\todo_list_app\\ToDo_List\\backend\\routes\\authRoutes.js","statementMap":{"0":{"start":{"line":1,"column":16},"end":{"line":1,"column":34}},"1":{"start":{"line":2,"column":15},"end":{"line":2,"column":31}},"2":{"start":{"line":3,"column":15},"end":{"line":3,"column":32}},"3":{"start":{"line":4,"column":13},"end":{"line":4,"column":45}},"4":{"start":{"line":11,"column":4},"end":{"line":11,"column":47}},"5":{"start":{"line":12,"column":17},"end":{"line":12,"column":51}},"6":{"start":{"line":15,"column":16},"end":{"line":15,"column":38}},"7":{"start":{"line":16,"column":15},"end":{"line":16,"column":34}},"8":{"start":{"line":18,"column":0},"end":{"line":18,"column":35}},"9":{"start":{"line":19,"column":0},"end":{"line":19,"column":29}},"10":{"start":{"line":21,"column":0},"end":{"line":23,"column":3}},"11":{"start":{"line":22,"column":2},"end":{"line":22,"column":58}},"12":{"start":{"line":25,"column":0},"end":{"line":25,"column":41}},"13":{"start":{"line":26,"column":0},"end":{"line":26,"column":44}},"14":{"start":{"line":29,"column":0},"end":{"line":29,"column":79}},"15":{"start":{"line":31,"column":0},"end":{"line":39,"column":3}},"16":{"start":{"line":32,"column":2},"end":{"line":38,"column":3}},"17":{"start":{"line":33,"column":4},"end":{"line":33,"column":46}},"18":{"start":{"line":34,"column":4},"end":{"line":34,"column":54}},"19":{"start":{"line":36,"column":4},"end":{"line":36,"column":47}},"20":{"start":{"line":37,"column":4},"end":{"line":37,"column":73}},"21":{"start":{"line":41,"column":0},"end":{"line":64,"column":3}},"22":{"start":{"line":42,"column":26},"end":{"line":42,"column":34}},"23":{"start":{"line":43,"column":2},"end":{"line":45,"column":3}},"24":{"start":{"line":44,"column":4},"end":{"line":44,"column":73}},"25":{"start":{"line":46,"column":2},"end":{"line":63,"column":3}},"26":{"start":{"line":47,"column":24},"end":{"line":51,"column":5}},"27":{"start":{"line":52,"column":4},"end":{"line":54,"column":5}},"28":{"start":{"line":53,"column":6},"end":{"line":53,"column":61}},"29":{"start":{"line":55,"column":4},"end":{"line":59,"column":7}},"30":{"start":{"line":61,"column":4},"end":{"line":61,"column":51}},"31":{"start":{"line":62,"column":4},"end":{"line":62,"column":50}},"32":{"start":{"line":66,"column":0},"end":{"line":77,"column":3}},"33":{"start":{"line":67,"column":2},"end":{"line":76,"column":3}},"34":{"start":{"line":68,"column":17},"end":{"line":68,"column":49}},"35":{"start":{"line":69,"column":4},"end":{"line":72,"column":7}},"36":{"start":{"line":74,"column":4},"end":{"line":74,"column":51}},"37":{"start":{"line":75,"column":4},"end":{"line":75,"column":50}},"38":{"start":{"line":79,"column":0},"end":{"line":79,"column":24}}},"fnMap":{"0":{"name":"(anonymous_0)","decl":{"start":{"line":21,"column":31},"end":{"line":21,"column":32}},"loc":{"start":{"line":21,"column":45},"end":{"line":23,"column":1}},"line":21},"1":{"name":"(anonymous_1)","decl":{"start":{"line":31,"column":31},"end":{"line":31,"column":32}},"loc":{"start":{"line":31,"column":51},"end":{"line":39,"column":1}},"line":31},"2":{"name":"(anonymous_2)","decl":{"start":{"line":41,"column":30},"end":{"line":41,"column":31}},"loc":{"start":{"line":41,"column":50},"end":{"line":64,"column":1}},"line":41},"3":{"name":"(anonymous_3)","decl":{"start":{"line":66,"column":30},"end":{"line":66,"column":31}},"loc":{"start":{"line":66,"column":50},"end":{"line":77,"column":1}},"line":66}},"branchMap":{"0":{"loc":{"start":{"line":43,"column":2},"end":{"line":45,"column":3}},"type":"if","locations":[{"start":{"line":43,"column":2},"end":{"line":45,"column":3}},{"start":{},"end":{}}],"line":43},"1":{"loc":{"start":{"line":43,"column":6},"end":{"line":43,"column":21}},"type":"binary-expr","locations":[{"start":{"line":43,"column":6},"end":{"line":43,"column":12}},{"start":{"line":43,"column":16},"end":{"line":43,"column":21}}],"line":43},"2":{"loc":{"start":{"line":52,"column":4},"end":{"line":54,"column":5}},"type":"if","locations":[{"start":{"line":52,"column":4},"end":{"line":54,"column":5}},{"start":{},"end":{}}],"line":52},"3":{"loc":{"start":{"line":70,"column":13},"end":{"line":70,"column":34}},"type":"binary-expr","locations":[{"start":{"line":70,"column":13},"end":{"line":70,"column":23}},{"start":{"line":70,"column":27},"end":{"line":70,"column":34}}],"line":70},"4":{"loc":{"start":{"line":71,"column":12},"end":{"line":71,"column":36}},"type":"binary-expr","locations":[{"start":{"line":71,"column":12},"end":{"line":71,"column":21}},{"start":{"line":71,"column":25},"end":{"line":71,"column":36}}],"line":71}},"s":{"0":3,"1":3,"2":3,"3":3,"4":3,"5":3,"6":3,"7":3,"8":3,"9":3,"10":3,"11":1,"12":3,"13":3,"14":3,"15":3,"16":1,"17":1,"18":1,"19":0,"20":0,"21":3,"22":0,"23":0,"24":0,"25":0,"26":0,"27":0,"28":0,"29":0,"30":0,"31":0,"32":3,"33":0,"34":0,"35":0,"36":0,"37":0,"38":3},"f":{"0":1,"1":1,"2":0,"3":0},"b":{"0":[0,0],"1":[0,0],"2":[0,0],"3":[0,0],"4":[0,0]},"_coverageSchema":"1a1c01bbd47fc00a2c39e90264f33305004495a9","hash":"c007adc691a28a93b658f0dac54fdefaff41d0cc"}
,"C:\\Users\\sgpie\\todo_list_app\\ToDo_List\\backend\\routes\\googleCalendar.js": {"path":"C:\\Users\\sgpie\\todo_list_app\\ToDo_List\\backend\\routes\\googleCalendar.js","statementMap":{"0":{"start":{"line":1,"column":16},"end":{"line":1,"column":34}},"1":{"start":{"line":2,"column":19},"end":{"line":2,"column":40}},"2":{"start":{"line":3,"column":15},"end":{"line":3,"column":31}},"3":{"start":{"line":5,"column":21},"end":{"line":9,"column":1}},"4":{"start":{"line":11,"column":15},"end":{"line":15,"column":1}},"5":{"start":{"line":17,"column":0},"end":{"line":24,"column":3}},"6":{"start":{"line":18,"column":18},"end":{"line":22,"column":4}},"7":{"start":{"line":23,"column":2},"end":{"line":23,"column":24}},"8":{"start":{"line":26,"column":0},"end":{"line":32,"column":3}},"9":{"start":{"line":27,"column":2},"end":{"line":31,"column":3}},"10":{"start":{"line":28,"column":4},"end":{"line":28,"column":34}},"11":{"start":{"line":30,"column":4},"end":{"line":30,"column":35}},"12":{"start":{"line":34,"column":0},"end":{"line":47,"column":3}},"13":{"start":{"line":35,"column":2},"end":{"line":46,"column":3}},"14":{"start":{"line":36,"column":21},"end":{"line":36,"column":30}},"15":{"start":{"line":37,"column":23},"end":{"line":37,"column":56}},"16":{"start":{"line":38,"column":4},"end":{"line":38,"column":40}},"17":{"start":{"line":40,"column":4},"end":{"line":40,"column":32}},"18":{"start":{"line":42,"column":4},"end":{"line":42,"column":51}},"19":{"start":{"line":44,"column":4},"end":{"line":44,"column":50}},"20":{"start":{"line":45,"column":4},"end":{"line":45,"column":63}},"21":{"start":{"line":49,"column":0},"end":{"line":83,"column":3}},"22":{"start":{"line":50,"column":17},"end":{"line":50,"column":35}},"23":{"start":{"line":51,"column":2},"end":{"line":51,"column":73}},"24":{"start":{"line":51,"column":15},"end":{"line":51,"column":73}},"25":{"start":{"line":52,"column":2},"end":{"line":52,"column":38}},"26":{"start":{"line":53,"column":19},"end":{"line":53,"column":73}},"27":{"start":{"line":54,"column":2},"end":{"line":82,"column":3}},"28":{"start":{"line":55,"column":20},"end":{"line":55,"column":22}},"29":{"start":{"line":56,"column":24},"end":{"line":56,"column":28}},"30":{"start":{"line":57,"column":4},"end":{"line":68,"column":28}},"31":{"start":{"line":58,"column":23},"end":{"line":64,"column":8}},"32":{"start":{"line":66,"column":6},"end":{"line":66,"column":56}},"33":{"start":{"line":67,"column":6},"end":{"line":67,"column":50}},"34":{"start":{"line":70,"column":28},"end":{"line":76,"column":7}},"35":{"start":{"line":70,"column":54},"end":{"line":76,"column":5}},"36":{"start":{"line":78,"column":4},"end":{"line":78,"column":30}},"37":{"start":{"line":80,"column":4},"end":{"line":80,"column":25}},"38":{"start":{"line":81,"column":4},"end":{"line":81,"column":51}},"39":{"start":{"line":85,"column":0},"end":{"line":121,"column":3}},"40":{"start":{"line":86,"column":17},"end":{"line":86,"column":35}},"41":{"start":{"line":87,"column":2},"end":{"line":87,"column":73}},"42":{"start":{"line":87,"column":15},"end":{"line":87,"column":73}},"43":{"start":{"line":88,"column":2},"end":{"line":88,"column":38}},"44":{"start":{"line":90,"column":2},"end":{"line":120,"column":3}},"45":{"start":{"line":91,"column":21},"end":{"line":91,"column":72}},"46":{"start":{"line":93,"column":32},"end":{"line":93,"column":63}},"47":{"start":{"line":94,"column":21},"end":{"line":94,"column":23}},"48":{"start":{"line":96,"column":4},"end":{"line":114,"column":5}},"49":{"start":{"line":97,"column":34},"end":{"line":101,"column":8}},"50":{"start":{"line":103,"column":6},"end":{"line":113,"column":7}},"51":{"start":{"line":104,"column":8},"end":{"line":112,"column":11}},"52":{"start":{"line":105,"column":10},"end":{"line":111,"column":13}},"53":{"start":{"line":116,"column":4},"end":{"line":116,"column":23}},"54":{"start":{"line":118,"column":4},"end":{"line":118,"column":57}},"55":{"start":{"line":119,"column":4},"end":{"line":119,"column":57}},"56":{"start":{"line":123,"column":0},"end":{"line":123,"column":24}}},"fnMap":{"0":{"name":"(anonymous_0)","decl":{"start":{"line":17,"column":20},"end":{"line":17,"column":21}},"loc":{"start":{"line":17,"column":34},"end":{"line":24,"column":1}},"line":17},"1":{"name":"(anonymous_1)","decl":{"start":{"line":26,"column":22},"end":{"line":26,"column":23}},"loc":{"start":{"line":26,"column":36},"end":{"line":32,"column":1}},"line":26},"2":{"name":"(anonymous_2)","decl":{"start":{"line":34,"column":24},"end":{"line":34,"column":25}},"loc":{"start":{"line":34,"column":44},"end":{"line":47,"column":1}},"line":34},"3":{"name":"(anonymous_3)","decl":{"start":{"line":49,"column":22},"end":{"line":49,"column":23}},"loc":{"start":{"line":49,"column":42},"end":{"line":83,"column":1}},"line":49},"4":{"name":"(anonymous_4)","decl":{"start":{"line":70,"column":42},"end":{"line":70,"column":43}},"loc":{"start":{"line":70,"column":54},"end":{"line":76,"column":5}},"line":70},"5":{"name":"(anonymous_5)","decl":{"start":{"line":85,"column":21},"end":{"line":85,"column":22}},"loc":{"start":{"line":85,"column":41},"end":{"line":121,"column":1}},"line":85},"6":{"name":"(anonymous_6)","decl":{"start":{"line":104,"column":32},"end":{"line":104,"column":33}},"loc":{"start":{"line":104,"column":42},"end":{"line":112,"column":9}},"line":104}},"branchMap":{"0":{"loc":{"start":{"line":27,"column":2},"end":{"line":31,"column":3}},"type":"if","locations":[{"start":{"line":27,"column":2},"end":{"line":31,"column":3}},{"start":{"line":29,"column":9},"end":{"line":31,"column":3}}],"line":27},"1":{"loc":{"start":{"line":51,"column":2},"end":{"line":51,"column":73}},"type":"if","locations":[{"start":{"line":51,"column":2},"end":{"line":51,"column":73}},{"start":{},"end":{}}],"line":51},"2":{"loc":{"start":{"line":72,"column":13},"end":{"line":72,"column":42}},"type":"binary-expr","locations":[{"start":{"line":72,"column":13},"end":{"line":72,"column":26}},{"start":{"line":72,"column":30},"end":{"line":72,"column":42}}],"line":72},"3":{"loc":{"start":{"line":73,"column":19},"end":{"line":73,"column":42}},"type":"binary-expr","locations":[{"start":{"line":73,"column":19},"end":{"line":73,"column":36}},{"start":{"line":73,"column":40},"end":{"line":73,"column":42}}],"line":73},"4":{"loc":{"start":{"line":74,"column":13},"end":{"line":74,"column":53}},"type":"binary-expr","locations":[{"start":{"line":74,"column":13},"end":{"line":74,"column":33}},{"start":{"line":74,"column":37},"end":{"line":74,"column":53}}],"line":74},"5":{"loc":{"start":{"line":75,"column":11},"end":{"line":75,"column":47}},"type":"binary-expr","locations":[{"start":{"line":75,"column":11},"end":{"line":75,"column":29}},{"start":{"line":75,"column":33},"end":{"line":75,"column":47}}],"line":75},"6":{"loc":{"start":{"line":87,"column":2},"end":{"line":87,"column":73}},"type":"if","locations":[{"start":{"line":87,"column":2},"end":{"line":87,"column":73}},{"start":{},"end":{}}],"line":87},"7":{"loc":{"start":{"line":103,"column":6},"end":{"line":113,"column":7}},"type":"if","locations":[{"start":{"line":103,"column":6},"end":{"line":113,"column":7}},{"start":{},"end":{}}],"line":103}},"s":{"0":3,"1":3,"2":3,"3":3,"4":3,"5":3,"6":1,"7":1,"8":3,"9":2,"10":1,"11":1,"12":3,"13":2,"14":2,"15":2,"16":1,"17":1,"18":1,"19":1,"20":1,"21":3,"22":2,"23":2,"24":1,"25":1,"26":1,"27":1,"28":1,"29":1,"30":1,"31":1,"32":1,"33":1,"34":1,"35":2,"36":1,"37":0,"38":0,"39":3,"40":3,"41":3,"42":1,"43":2,"44":2,"45":2,"46":2,"47":1,"48":1,"49":2,"50":2,"51":2,"52":2,"53":1,"54":1,"55":1,"56":3},"f":{"0":1,"1":2,"2":2,"3":2,"4":2,"5":3,"6":2},"b":{"0":[1,1],"1":[1,1],"2":[2,1],"3":[2,1],"4":[2,1],"5":[2,1],"6":[1,2],"7":[2,0]},"_coverageSchema":"1a1c01bbd47fc00a2c39e90264f33305004495a9","hash":"f427f805195ca3eb59db63ef63bd7ad46e4ce5e1"}
,"C:\\Users\\sgpie\\todo_list_app\\ToDo_List\\backend\\routes\\tasksRoutes.js": {"path":"C:\\Users\\sgpie\\todo_list_app\\ToDo_List\\backend\\routes\\tasksRoutes.js","statementMap":{"0":{"start":{"line":2,"column":16},"end":{"line":2,"column":34}},"1":{"start":{"line":3,"column":15},"end":{"line":3,"column":31}},"2":{"start":{"line":4,"column":17},"end":{"line":4,"column":48}},"3":{"start":{"line":5,"column":13},"end":{"line":5,"column":42}},"4":{"start":{"line":8,"column":0},"end":{"line":8,"column":17}},"5":{"start":{"line":11,"column":0},"end":{"line":33,"column":3}},"6":{"start":{"line":12,"column":2},"end":{"line":32,"column":3}},"7":{"start":{"line":13,"column":19},"end":{"line":13,"column":30}},"8":{"start":{"line":14,"column":21},"end":{"line":14,"column":30}},"9":{"start":{"line":15,"column":16},"end":{"line":15,"column":26}},"10":{"start":{"line":17,"column":4},"end":{"line":25,"column":5}},"11":{"start":{"line":18,"column":33},"end":{"line":18,"column":48}},"12":{"start":{"line":19,"column":25},"end":{"line":19,"column":55}},"13":{"start":{"line":20,"column":23},"end":{"line":20,"column":53}},"14":{"start":{"line":21,"column":6},"end":{"line":21,"column":41}},"15":{"start":{"line":23,"column":6},"end":{"line":23,"column":43}},"16":{"start":{"line":24,"column":6},"end":{"line":24,"column":43}},"17":{"start":{"line":27,"column":18},"end":{"line":27,"column":40}},"18":{"start":{"line":28,"column":4},"end":{"line":28,"column":32}},"19":{"start":{"line":30,"column":4},"end":{"line":30,"column":50}},"20":{"start":{"line":31,"column":4},"end":{"line":31,"column":56}},"21":{"start":{"line":36,"column":0},"end":{"line":47,"column":3}},"22":{"start":{"line":37,"column":2},"end":{"line":46,"column":3}},"23":{"start":{"line":38,"column":20},"end":{"line":38,"column":66}},"24":{"start":{"line":39,"column":4},"end":{"line":39,"column":25}},"25":{"start":{"line":40,"column":4},"end":{"line":42,"column":76}},"26":{"start":{"line":44,"column":4},"end":{"line":44,"column":49}},"27":{"start":{"line":45,"column":4},"end":{"line":45,"column":51}},"28":{"start":{"line":50,"column":0},"end":{"line":68,"column":3}},"29":{"start":{"line":51,"column":2},"end":{"line":67,"column":3}},"30":{"start":{"line":52,"column":19},"end":{"line":52,"column":32}},"31":{"start":{"line":53,"column":20},"end":{"line":53,"column":28}},"32":{"start":{"line":55,"column":24},"end":{"line":57,"column":6}},"33":{"start":{"line":59,"column":4},"end":{"line":61,"column":5}},"34":{"start":{"line":60,"column":6},"end":{"line":60,"column":65}},"35":{"start":{"line":63,"column":4},"end":{"line":63,"column":26}},"36":{"start":{"line":65,"column":4},"end":{"line":65,"column":49}},"37":{"start":{"line":66,"column":4},"end":{"line":66,"column":54}},"38":{"start":{"line":71,"column":0},"end":{"line":82,"column":3}},"39":{"start":{"line":72,"column":2},"end":{"line":81,"column":3}},"40":{"start":{"line":73,"column":17},"end":{"line":73,"column":60}},"41":{"start":{"line":74,"column":4},"end":{"line":76,"column":5}},"42":{"start":{"line":75,"column":6},"end":{"line":75,"column":65}},"43":{"start":{"line":77,"column":4},"end":{"line":77,"column":67}},"44":{"start":{"line":79,"column":4},"end":{"line":79,"column":49}},"45":{"start":{"line":80,"column":4},"end":{"line":80,"column":54}},"46":{"start":{"line":84,"column":0},"end":{"line":84,"column":24}}},"fnMap":{"0":{"name":"(anonymous_0)","decl":{"start":{"line":11,"column":16},"end":{"line":11,"column":17}},"loc":{"start":{"line":11,"column":36},"end":{"line":33,"column":1}},"line":11},"1":{"name":"(anonymous_1)","decl":{"start":{"line":36,"column":17},"end":{"line":36,"column":18}},"loc":{"start":{"line":36,"column":37},"end":{"line":47,"column":1}},"line":36},"2":{"name":"(anonymous_2)","decl":{"start":{"line":50,"column":19},"end":{"line":50,"column":20}},"loc":{"start":{"line":50,"column":39},"end":{"line":68,"column":1}},"line":50},"3":{"name":"(anonymous_3)","decl":{"start":{"line":71,"column":22},"end":{"line":71,"column":23}},"loc":{"start":{"line":71,"column":42},"end":{"line":82,"column":1}},"line":71}},"branchMap":{"0":{"loc":{"start":{"line":17,"column":4},"end":{"line":25,"column":5}},"type":"if","locations":[{"start":{"line":17,"column":4},"end":{"line":25,"column":5}},{"start":{},"end":{}}],"line":17},"1":{"loc":{"start":{"line":59,"column":4},"end":{"line":61,"column":5}},"type":"if","locations":[{"start":{"line":59,"column":4},"end":{"line":61,"column":5}},{"start":{},"end":{}}],"line":59},"2":{"loc":{"start":{"line":74,"column":4},"end":{"line":76,"column":5}},"type":"if","locations":[{"start":{"line":74,"column":4},"end":{"line":76,"column":5}},{"start":{},"end":{}}],"line":74}},"s":{"0":3,"1":3,"2":3,"3":3,"4":3,"5":3,"6":3,"7":3,"8":3,"9":3,"10":3,"11":1,"12":1,"13":1,"14":1,"15":1,"16":1,"17":3,"18":3,"19":0,"20":0,"21":3,"22":2,"23":2,"24":2,"25":2,"26":0,"27":0,"28":3,"29":2,"30":2,"31":2,"32":2,"33":2,"34":0,"35":2,"36":0,"37":0,"38":3,"39":3,"40":3,"41":3,"42":1,"43":2,"44":0,"45":0,"46":3},"f":{"0":3,"1":2,"2":2,"3":3},"b":{"0":[1,2],"1":[0,2],"2":[1,2]},"_coverageSchema":"1a1c01bbd47fc00a2c39e90264f33305004495a9","hash":"5190b463e0844b0e5ca82ac2783237445b1b5a41"}
,"C:\\Users\\sgpie\\todo_list_app\\ToDo_List\\backend\\routes\\userRoutes.js": {"path":"C:\\Users\\sgpie\\todo_list_app\\ToDo_List\\backend\\routes\\userRoutes.js","statementMap":{"0":{"start":{"line":1,"column":16},"end":{"line":1,"column":34}},"1":{"start":{"line":2,"column":15},"end":{"line":2,"column":31}},"2":{"start":{"line":3,"column":15},"end":{"line":3,"column":34}},"3":{"start":{"line":4,"column":12},"end":{"line":4,"column":35}},"4":{"start":{"line":5,"column":17},"end":{"line":5,"column":48}},"5":{"start":{"line":8,"column":0},"end":{"line":15,"column":3}},"6":{"start":{"line":9,"column":2},"end":{"line":14,"column":3}},"7":{"start":{"line":10,"column":18},"end":{"line":10,"column":37}},"8":{"start":{"line":11,"column":4},"end":{"line":11,"column":20}},"9":{"start":{"line":13,"column":4},"end":{"line":13,"column":53}},"10":{"start":{"line":18,"column":0},"end":{"line":80,"column":3}},"11":{"start":{"line":19,"column":2},"end":{"line":19,"column":48}},"12":{"start":{"line":21,"column":28},"end":{"line":21,"column":36}},"13":{"start":{"line":23,"column":2},"end":{"line":28,"column":3}},"14":{"start":{"line":24,"column":4},"end":{"line":27,"column":7}},"15":{"start":{"line":30,"column":2},"end":{"line":35,"column":3}},"16":{"start":{"line":31,"column":4},"end":{"line":34,"column":7}},"17":{"start":{"line":37,"column":2},"end":{"line":42,"column":3}},"18":{"start":{"line":38,"column":4},"end":{"line":41,"column":7}},"19":{"start":{"line":44,"column":2},"end":{"line":79,"column":3}},"20":{"start":{"line":45,"column":17},"end":{"line":45,"column":49}},"21":{"start":{"line":46,"column":4},"end":{"line":51,"column":5}},"22":{"start":{"line":47,"column":6},"end":{"line":50,"column":9}},"23":{"start":{"line":53,"column":20},"end":{"line":53,"column":60}},"24":{"start":{"line":54,"column":4},"end":{"line":59,"column":5}},"25":{"start":{"line":55,"column":6},"end":{"line":58,"column":9}},"26":{"start":{"line":61,"column":18},"end":{"line":65,"column":5}},"27":{"start":{"line":67,"column":4},"end":{"line":71,"column":7}},"28":{"start":{"line":73,"column":4},"end":{"line":73,"column":39}},"29":{"start":{"line":74,"column":4},"end":{"line":78,"column":7}},"30":{"start":{"line":83,"column":0},"end":{"line":91,"column":3}},"31":{"start":{"line":84,"column":2},"end":{"line":90,"column":3}},"32":{"start":{"line":85,"column":17},"end":{"line":85,"column":70}},"33":{"start":{"line":86,"column":4},"end":{"line":86,"column":74}},"34":{"start":{"line":86,"column":15},"end":{"line":86,"column":74}},"35":{"start":{"line":87,"column":4},"end":{"line":87,"column":19}},"36":{"start":{"line":89,"column":4},"end":{"line":89,"column":53}},"37":{"start":{"line":93,"column":0},"end":{"line":93,"column":24}}},"fnMap":{"0":{"name":"(anonymous_0)","decl":{"start":{"line":8,"column":16},"end":{"line":8,"column":17}},"loc":{"start":{"line":8,"column":36},"end":{"line":15,"column":1}},"line":8},"1":{"name":"(anonymous_1)","decl":{"start":{"line":18,"column":22},"end":{"line":18,"column":23}},"loc":{"start":{"line":18,"column":42},"end":{"line":80,"column":1}},"line":18},"2":{"name":"(anonymous_2)","decl":{"start":{"line":83,"column":25},"end":{"line":83,"column":26}},"loc":{"start":{"line":83,"column":45},"end":{"line":91,"column":1}},"line":83}},"branchMap":{"0":{"loc":{"start":{"line":23,"column":2},"end":{"line":28,"column":3}},"type":"if","locations":[{"start":{"line":23,"column":2},"end":{"line":28,"column":3}},{"start":{},"end":{}}],"line":23},"1":{"loc":{"start":{"line":23,"column":6},"end":{"line":23,"column":23}},"type":"binary-expr","locations":[{"start":{"line":23,"column":6},"end":{"line":23,"column":15}},{"start":{"line":23,"column":19},"end":{"line":23,"column":23}}],"line":23},"2":{"loc":{"start":{"line":30,"column":2},"end":{"line":35,"column":3}},"type":"if","locations":[{"start":{"line":30,"column":2},"end":{"line":35,"column":3}},{"start":{},"end":{}}],"line":30},"3":{"loc":{"start":{"line":37,"column":2},"end":{"line":42,"column":3}},"type":"if","locations":[{"start":{"line":37,"column":2},"end":{"line":42,"column":3}},{"start":{},"end":{}}],"line":37},"4":{"loc":{"start":{"line":46,"column":4},"end":{"line":51,"column":5}},"type":"if","locations":[{"start":{"line":46,"column":4},"end":{"line":51,"column":5}},{"start":{},"end":{}}],"line":46},"5":{"loc":{"start":{"line":54,"column":4},"end":{"line":59,"column":5}},"type":"if","locations":[{"start":{"line":54,"column":4},"end":{"line":59,"column":5}},{"start":{},"end":{}}],"line":54},"6":{"loc":{"start":{"line":86,"column":4},"end":{"line":86,"column":74}},"type":"if","locations":[{"start":{"line":86,"column":4},"end":{"line":86,"column":74}},{"start":{},"end":{}}],"line":86}},"s":{"0":3,"1":3,"2":3,"3":3,"4":3,"5":3,"6":3,"7":3,"8":2,"9":1,"10":3,"11":7,"12":7,"13":7,"14":1,"15":6,"16":1,"17":5,"18":1,"19":4,"20":4,"21":3,"22":1,"23":2,"24":2,"25":1,"26":1,"27":1,"28":1,"29":1,"30":3,"31":3,"32":3,"33":2,"34":1,"35":1,"36":1,"37":3},"f":{"0":3,"1":7,"2":3},"b":{"0":[1,6],"1":[7,2],"2":[1,5],"3":[1,4],"4":[1,2],"5":[1,1],"6":[1,1]},"_coverageSchema":"1a1c01bbd47fc00a2c39e90264f33305004495a9","hash":"da34b700a037d78a66cc082f633013a2731696e8"}
,"C:\\Users\\sgpie\\todo_list_app\\ToDo_List\\frontend\\src\\api\\tasks.js": {"path":"C:\\Users\\sgpie\\todo_list_app\\ToDo_List\\frontend\\src\\api\\tasks.js","statementMap":{"0":{"start":{"line":1,"column":17},"end":{"line":1,"column":50}},"1":{"start":{"line":3,"column":19},"end":{"line":5,"column":1}},"2":{"start":{"line":4,"column":2},"end":{"line":4,"column":42}},"3":{"start":{"line":7,"column":17},"end":{"line":20,"column":1}},"4":{"start":{"line":8,"column":2},"end":{"line":19,"column":3}},"5":{"start":{"line":9,"column":16},"end":{"line":13,"column":6}},"6":{"start":{"line":14,"column":4},"end":{"line":14,"column":70}},"7":{"start":{"line":14,"column":17},"end":{"line":14,"column":70}},"8":{"start":{"line":15,"column":4},"end":{"line":15,"column":28}},"9":{"start":{"line":17,"column":4},"end":{"line":17,"column":50}},"10":{"start":{"line":18,"column":4},"end":{"line":18,"column":16}},"11":{"start":{"line":22,"column":35},"end":{"line":37,"column":1}},"12":{"start":{"line":23,"column":2},"end":{"line":36,"column":3}},"13":{"start":{"line":24,"column":20},"end":{"line":24,"column":36}},"14":{"start":{"line":25,"column":16},"end":{"line":29,"column":6}},"15":{"start":{"line":31,"column":4},"end":{"line":31,"column":70}},"16":{"start":{"line":31,"column":17},"end":{"line":31,"column":70}},"17":{"start":{"line":32,"column":4},"end":{"line":32,"column":28}},"18":{"start":{"line":34,"column":4},"end":{"line":34,"column":58}},"19":{"start":{"line":35,"column":4},"end":{"line":35,"column":16}},"20":{"start":{"line":39,"column":25},"end":{"line":58,"column":1}},"21":{"start":{"line":40,"column":2},"end":{"line":57,"column":3}},"22":{"start":{"line":41,"column":21},"end":{"line":41,"column":42}},"23":{"start":{"line":42,"column":19},"end":{"line":42,"column":38}},"24":{"start":{"line":43,"column":16},"end":{"line":50,"column":5}},"25":{"start":{"line":52,"column":4},"end":{"line":52,"column":70}},"26":{"start":{"line":52,"column":17},"end":{"line":52,"column":70}},"27":{"start":{"line":53,"column":4},"end":{"line":53,"column":28}},"28":{"start":{"line":55,"column":4},"end":{"line":55,"column":56}},"29":{"start":{"line":56,"column":4},"end":{"line":56,"column":16}},"30":{"start":{"line":60,"column":16},"end":{"line":78,"column":1}},"31":{"start":{"line":61,"column":2},"end":{"line":77,"column":3}},"32":{"start":{"line":62,"column":16},"end":{"line":70,"column":6}},"33":{"start":{"line":72,"column":4},"end":{"line":72,"column":74}},"34":{"start":{"line":72,"column":17},"end":{"line":72,"column":74}},"35":{"start":{"line":73,"column":4},"end":{"line":73,"column":28}},"36":{"start":{"line":75,"column":4},"end":{"line":75,"column":47}},"37":{"start":{"line":76,"column":4},"end":{"line":76,"column":16}},"38":{"start":{"line":80,"column":19},"end":{"line":96,"column":1}},"39":{"start":{"line":81,"column":2},"end":{"line":95,"column":3}},"40":{"start":{"line":82,"column":16},"end":{"line":89,"column":6}},"41":{"start":{"line":90,"column":4},"end":{"line":90,"column":70}},"42":{"start":{"line":90,"column":17},"end":{"line":90,"column":70}},"43":{"start":{"line":91,"column":4},"end":{"line":91,"column":16}},"44":{"start":{"line":93,"column":4},"end":{"line":93,"column":59}},"45":{"start":{"line":94,"column":4},"end":{"line":94,"column":17}},"46":{"start":{"line":98,"column":26},"end":{"line":119,"column":1}},"47":{"start":{"line":99,"column":2},"end":{"line":118,"column":3}},"48":{"start":{"line":100,"column":16},"end":{"line":107,"column":6}},"49":{"start":{"line":109,"column":4},"end":{"line":112,"column":5}},"50":{"start":{"line":110,"column":27},"end":{"line":110,"column":43}},"51":{"start":{"line":111,"column":6},"end":{"line":111,"column":75}},"52":{"start":{"line":114,"column":4},"end":{"line":114,"column":28}},"53":{"start":{"line":116,"column":4},"end":{"line":116,"column":67}},"54":{"start":{"line":117,"column":4},"end":{"line":117,"column":16}},"55":{"start":{"line":121,"column":32},"end":{"line":135,"column":1}},"56":{"start":{"line":122,"column":2},"end":{"line":134,"column":3}},"57":{"start":{"line":123,"column":16},"end":{"line":128,"column":5}},"58":{"start":{"line":129,"column":4},"end":{"line":129,"column":75}},"59":{"start":{"line":129,"column":17},"end":{"line":129,"column":75}},"60":{"start":{"line":130,"column":4},"end":{"line":130,"column":28}},"61":{"start":{"line":132,"column":4},"end":{"line":132,"column":67}},"62":{"start":{"line":133,"column":4},"end":{"line":133,"column":14}},"63":{"start":{"line":137,"column":23},"end":{"line":143,"column":1}},"64":{"start":{"line":138,"column":14},"end":{"line":140,"column":4}},"65":{"start":{"line":141,"column":2},"end":{"line":141,"column":63}},"66":{"start":{"line":141,"column":15},"end":{"line":141,"column":63}},"67":{"start":{"line":142,"column":2},"end":{"line":142,"column":20}}},"fnMap":{"0":{"name":"(anonymous_0)","decl":{"start":{"line":3,"column":19},"end":{"line":3,"column":20}},"loc":{"start":{"line":3,"column":29},"end":{"line":5,"column":1}},"line":3},"1":{"name":"(anonymous_1)","decl":{"start":{"line":7,"column":17},"end":{"line":7,"column":18}},"loc":{"start":{"line":7,"column":34},"end":{"line":20,"column":1}},"line":7},"2":{"name":"(anonymous_2)","decl":{"start":{"line":22,"column":35},"end":{"line":22,"column":36}},"loc":{"start":{"line":22,"column":58},"end":{"line":37,"column":1}},"line":22},"3":{"name":"(anonymous_3)","decl":{"start":{"line":39,"column":25},"end":{"line":39,"column":26}},"loc":{"start":{"line":39,"column":62},"end":{"line":58,"column":1}},"line":39},"4":{"name":"(anonymous_4)","decl":{"start":{"line":60,"column":16},"end":{"line":60,"column":17}},"loc":{"start":{"line":60,"column":39},"end":{"line":78,"column":1}},"line":60},"5":{"name":"(anonymous_5)","decl":{"start":{"line":80,"column":19},"end":{"line":80,"column":20}},"loc":{"start":{"line":80,"column":44},"end":{"line":96,"column":1}},"line":80},"6":{"name":"(anonymous_6)","decl":{"start":{"line":98,"column":26},"end":{"line":98,"column":27}},"loc":{"start":{"line":98,"column":60},"end":{"line":119,"column":1}},"line":98},"7":{"name":"(anonymous_7)","decl":{"start":{"line":121,"column":32},"end":{"line":121,"column":33}},"loc":{"start":{"line":121,"column":44},"end":{"line":135,"column":1}},"line":121},"8":{"name":"(anonymous_8)","decl":{"start":{"line":137,"column":23},"end":{"line":137,"column":24}},"loc":{"start":{"line":137,"column":35},"end":{"line":143,"column":1}},"line":137}},"branchMap":{"0":{"loc":{"start":{"line":14,"column":4},"end":{"line":14,"column":70}},"type":"if","locations":[{"start":{"line":14,"column":4},"end":{"line":14,"column":70}},{"start":{},"end":{}}],"line":14},"1":{"loc":{"start":{"line":31,"column":4},"end":{"line":31,"column":70}},"type":"if","locations":[{"start":{"line":31,"column":4},"end":{"line":31,"column":70}},{"start":{},"end":{}}],"line":31},"2":{"loc":{"start":{"line":52,"column":4},"end":{"line":52,"column":70}},"type":"if","locations":[{"start":{"line":52,"column":4},"end":{"line":52,"column":70}},{"start":{},"end":{}}],"line":52},"3":{"loc":{"start":{"line":72,"column":4},"end":{"line":72,"column":74}},"type":"if","locations":[{"start":{"line":72,"column":4},"end":{"line":72,"column":74}},{"start":{},"end":{}}],"line":72},"4":{"loc":{"start":{"line":90,"column":4},"end":{"line":90,"column":70}},"type":"if","locations":[{"start":{"line":90,"column":4},"end":{"line":90,"column":70}},{"start":{},"end":{}}],"line":90},"5":{"loc":{"start":{"line":109,"column":4},"end":{"line":112,"column":5}},"type":"if","locations":[{"start":{"line":109,"column":4},"end":{"line":112,"column":5}},{"start":{},"end":{}}],"line":109},"6":{"loc":{"start":{"line":111,"column":22},"end":{"line":111,"column":73}},"type":"binary-expr","locations":[{"start":{"line":111,"column":22},"end":{"line":111,"column":34}},{"start":{"line":111,"column":38},"end":{"line":111,"column":73}}],"line":111},"7":{"loc":{"start":{"line":129,"column":4},"end":{"line":129,"column":75}},"type":"if","locations":[{"start":{"line":129,"column":4},"end":{"line":129,"column":75}},{"start":{},"end":{}}],"line":129},"8":{"loc":{"start":{"line":141,"column":2},"end":{"line":141,"column":63}},"type":"if","locations":[{"start":{"line":141,"column":2},"end":{"line":141,"column":63}},{"start":{},"end":{}}],"line":141}},"s":{"0":1,"1":1,"2":6,"3":1,"4":2,"5":2,"6":2,"7":1,"8":1,"9":1,"10":1,"11":1,"12":2,"13":2,"14":2,"15":2,"16":1,"17":1,"18":1,"19":1,"20":1,"21":2,"22":2,"23":2,"24":2,"25":2,"26":1,"27":1,"28":1,"29":1,"30":1,"31":2,"32":2,"33":2,"34":1,"35":1,"36":1,"37":1,"38":1,"39":2,"40":2,"41":2,"42":1,"43":1,"44":1,"45":1,"46":1,"47":2,"48":2,"49":2,"50":1,"51":1,"52":1,"53":1,"54":1,"55":1,"56":2,"57":2,"58":2,"59":1,"60":1,"61":1,"62":1,"63":1,"64":2,"65":2,"66":1,"67":1},"f":{"0":6,"1":2,"2":2,"3":2,"4":2,"5":2,"6":2,"7":2,"8":2},"b":{"0":[1,1],"1":[1,1],"2":[1,1],"3":[1,1],"4":[1,1],"5":[1,1],"6":[1,0],"7":[1,1],"8":[1,1]},"_coverageSchema":"1a1c01bbd47fc00a2c39e90264f33305004495a9","hash":"e11be617ed08560a51fca07f0f0a78b808e10859"}
,"C:\\Users\\sgpie\\todo_list_app\\ToDo_List\\frontend\\src\\api\\users.js": {"path":"C:\\Users\\sgpie\\todo_list_app\\ToDo_List\\frontend\\src\\api\\users.js","statementMap":{"0":{"start":{"line":1,"column":16},"end":{"line":1,"column":49}},"1":{"start":{"line":3,"column":24},"end":{"line":22,"column":1}},"2":{"start":{"line":4,"column":2},"end":{"line":21,"column":3}},"3":{"start":{"line":5,"column":16},"end":{"line":10,"column":6}},"4":{"start":{"line":12,"column":4},"end":{"line":14,"column":5}},"5":{"start":{"line":13,"column":6},"end":{"line":13,"column":59}},"6":{"start":{"line":16,"column":18},"end":{"line":16,"column":34}},"7":{"start":{"line":17,"column":4},"end":{"line":17,"column":23}},"8":{"start":{"line":18,"column":4},"end":{"line":18,"column":17}},"9":{"start":{"line":20,"column":4},"end":{"line":20,"column":35}}},"fnMap":{"0":{"name":"(anonymous_0)","decl":{"start":{"line":3,"column":24},"end":{"line":3,"column":25}},"loc":{"start":{"line":3,"column":36},"end":{"line":22,"column":1}},"line":3}},"branchMap":{"0":{"loc":{"start":{"line":12,"column":4},"end":{"line":14,"column":5}},"type":"if","locations":[{"start":{"line":12,"column":4},"end":{"line":14,"column":5}},{"start":{},"end":{}}],"line":12}},"s":{"0":1,"1":1,"2":3,"3":3,"4":2,"5":1,"6":1,"7":1,"8":1,"9":2},"f":{"0":3},"b":{"0":[1,1]},"_coverageSchema":"1a1c01bbd47fc00a2c39e90264f33305004495a9","hash":"6cdd2c1f8407209d2222d4a5ce078b722127486a"}
}
