{"C:\\Users\\manme\\CSC308\\ToDoList\\backend\\connection.js": {"path":"C:\\Users\\manme\\CSC308\\ToDoList\\backend\\connection.js","statementMap":{"0":{"start":{"line":1,"column":15},"end":{"line":1,"column":32}},"1":{"start":{"line":2,"column":17},"end":{"line":2,"column":36}},"2":{"start":{"line":4,"column":0},"end":{"line":4,"column":16}},"3":{"start":{"line":7,"column":2},"end":{"line":13,"column":3}},"4":{"start":{"line":8,"column":4},"end":{"line":8,"column":72}},"5":{"start":{"line":9,"column":4},"end":{"line":11,"column":5}},"6":{"start":{"line":10,"column":6},"end":{"line":10,"column":22}},"7":{"start":{"line":12,"column":4},"end":{"line":12,"column":11}},"8":{"start":{"line":15,"column":21},"end":{"line":18,"column":4}},"9":{"start":{"line":21,"column":2},"end":{"line":25,"column":3}},"10":{"start":{"line":22,"column":4},"end":{"line":22,"column":48}},"11":{"start":{"line":24,"column":4},"end":{"line":24,"column":78}},"12":{"start":{"line":27,"column":2},"end":{"line":39,"column":3}},"13":{"start":{"line":28,"column":4},"end":{"line":30,"column":7}},"14":{"start":{"line":29,"column":6},"end":{"line":29,"column":55}},"15":{"start":{"line":32,"column":4},"end":{"line":34,"column":7}},"16":{"start":{"line":33,"column":6},"end":{"line":33,"column":45}},"17":{"start":{"line":36,"column":4},"end":{"line":38,"column":7}},"18":{"start":{"line":37,"column":6},"end":{"line":37,"column":23}},"19":{"start":{"line":41,"column":2},"end":{"line":41,"column":20}},"20":{"start":{"line":46,"column":0},"end":{"line":46,"column":39}}},"fnMap":{"0":{"name":"makeNewConnection","decl":{"start":{"line":6,"column":9},"end":{"line":6,"column":26}},"loc":{"start":{"line":6,"column":32},"end":{"line":42,"column":1}},"line":6},"1":{"name":"(anonymous_1)","decl":{"start":{"line":28,"column":31},"end":{"line":28,"column":32}},"loc":{"start":{"line":28,"column":37},"end":{"line":30,"column":5}},"line":28},"2":{"name":"(anonymous_2)","decl":{"start":{"line":32,"column":34},"end":{"line":32,"column":35}},"loc":{"start":{"line":32,"column":40},"end":{"line":34,"column":5}},"line":32},"3":{"name":"(anonymous_3)","decl":{"start":{"line":36,"column":36},"end":{"line":36,"column":37}},"loc":{"start":{"line":36,"column":45},"end":{"line":38,"column":5}},"line":36}},"branchMap":{"0":{"loc":{"start":{"line":7,"column":2},"end":{"line":13,"column":3}},"type":"if","locations":[{"start":{"line":7,"column":2},"end":{"line":13,"column":3}},{"start":{},"end":{}}],"line":7},"1":{"loc":{"start":{"line":9,"column":4},"end":{"line":11,"column":5}},"type":"if","locations":[{"start":{"line":9,"column":4},"end":{"line":11,"column":5}},{"start":{},"end":{}}],"line":9},"2":{"loc":{"start":{"line":21,"column":2},"end":{"line":25,"column":3}},"type":"if","locations":[{"start":{"line":21,"column":2},"end":{"line":25,"column":3}},{"start":{"line":23,"column":9},"end":{"line":25,"column":3}}],"line":21},"3":{"loc":{"start":{"line":27,"column":2},"end":{"line":39,"column":3}},"type":"if","locations":[{"start":{"line":27,"column":2},"end":{"line":39,"column":3}},{"start":{},"end":{}}],"line":27}},"s":{"0":2,"1":2,"2":2,"3":2,"4":2,"5":2,"6":0,"7":2,"8":0,"9":0,"10":0,"11":0,"12":0,"13":0,"14":0,"15":0,"16":0,"17":0,"18":0,"19":0,"20":2},"f":{"0":2,"1":0,"2":0,"3":0},"b":{"0":[2,0],"1":[0,2],"2":[0,0],"3":[0,0]},"_coverageSchema":"1a1c01bbd47fc00a2c39e90264f33305004495a9","hash":"88833be1b9218d5e61240b97ceea8c104f08217a"}
,"C:\\Users\\manme\\CSC308\\ToDoList\\backend\\middleware\\auth.js": {"path":"C:\\Users\\manme\\CSC308\\ToDoList\\backend\\middleware\\auth.js","statementMap":{"0":{"start":{"line":2,"column":12},"end":{"line":2,"column":35}},"1":{"start":{"line":4,"column":26},"end":{"line":15,"column":1}},"2":{"start":{"line":5,"column":21},"end":{"line":5,"column":49}},"3":{"start":{"line":6,"column":16},"end":{"line":6,"column":54}},"4":{"start":{"line":8,"column":2},"end":{"line":8,"column":41}},"5":{"start":{"line":8,"column":14},"end":{"line":8,"column":41}},"6":{"start":{"line":10,"column":2},"end":{"line":14,"column":5}},"7":{"start":{"line":11,"column":4},"end":{"line":11,"column":40}},"8":{"start":{"line":11,"column":13},"end":{"line":11,"column":40}},"9":{"start":{"line":12,"column":4},"end":{"line":12,"column":20}},"10":{"start":{"line":13,"column":4},"end":{"line":13,"column":11}},"11":{"start":{"line":17,"column":0},"end":{"line":17,"column":35}}},"fnMap":{"0":{"name":"(anonymous_0)","decl":{"start":{"line":4,"column":26},"end":{"line":4,"column":27}},"loc":{"start":{"line":4,"column":46},"end":{"line":15,"column":1}},"line":4},"1":{"name":"(anonymous_1)","decl":{"start":{"line":10,"column":50},"end":{"line":10,"column":51}},"loc":{"start":{"line":10,"column":65},"end":{"line":14,"column":3}},"line":10}},"branchMap":{"0":{"loc":{"start":{"line":6,"column":16},"end":{"line":6,"column":54}},"type":"binary-expr","locations":[{"start":{"line":6,"column":16},"end":{"line":6,"column":26}},{"start":{"line":6,"column":30},"end":{"line":6,"column":54}}],"line":6},"1":{"loc":{"start":{"line":8,"column":2},"end":{"line":8,"column":41}},"type":"if","locations":[{"start":{"line":8,"column":2},"end":{"line":8,"column":41}},{"start":{},"end":{}}],"line":8},"2":{"loc":{"start":{"line":11,"column":4},"end":{"line":11,"column":40}},"type":"if","locations":[{"start":{"line":11,"column":4},"end":{"line":11,"column":40}},{"start":{},"end":{}}],"line":11}},"s":{"0":1,"1":1,"2":0,"3":0,"4":0,"5":0,"6":0,"7":0,"8":0,"9":0,"10":0,"11":1},"f":{"0":0,"1":0},"b":{"0":[0,0],"1":[0,0],"2":[0,0]},"_coverageSchema":"1a1c01bbd47fc00a2c39e90264f33305004495a9","hash":"9360131e186af04b5fa12667fa7eef38440df118"}
,"C:\\Users\\manme\\CSC308\\ToDoList\\backend\\models\\taskSchema.js": {"path":"C:\\Users\\manme\\CSC308\\ToDoList\\backend\\models\\taskSchema.js","statementMap":{"0":{"start":{"line":2,"column":17},"end":{"line":2,"column":36}},"1":{"start":{"line":3,"column":30},"end":{"line":3,"column":54}},"2":{"start":{"line":4,"column":24},"end":{"line":4,"column":62}},"3":{"start":{"line":5,"column":19},"end":{"line":20,"column":1}},"4":{"start":{"line":24,"column":0},"end":{"line":28,"column":1}},"5":{"start":{"line":25,"column":2},"end":{"line":25,"column":52}},"6":{"start":{"line":27,"column":2},"end":{"line":27,"column":45}},"7":{"start":{"line":30,"column":0},"end":{"line":30,"column":22}}},"fnMap":{},"branchMap":{"0":{"loc":{"start":{"line":24,"column":0},"end":{"line":28,"column":1}},"type":"if","locations":[{"start":{"line":24,"column":0},"end":{"line":28,"column":1}},{"start":{"line":26,"column":7},"end":{"line":28,"column":1}}],"line":24}},"s":{"0":2,"1":2,"2":2,"3":2,"4":2,"5":0,"6":2,"7":2},"f":{},"b":{"0":[0,2]},"_coverageSchema":"1a1c01bbd47fc00a2c39e90264f33305004495a9","hash":"27cd3e5ee04fd913220be279ef9d2c837ccfb6b5"}
,"C:\\Users\\manme\\CSC308\\ToDoList\\backend\\routes\\tasksRoutes.js": {"path":"C:\\Users\\manme\\CSC308\\ToDoList\\backend\\routes\\tasksRoutes.js","statementMap":{"0":{"start":{"line":2,"column":16},"end":{"line":2,"column":34}},"1":{"start":{"line":3,"column":15},"end":{"line":3,"column":31}},"2":{"start":{"line":4,"column":13},"end":{"line":4,"column":44}},"3":{"start":{"line":5,"column":13},"end":{"line":5,"column":42}},"4":{"start":{"line":8,"column":0},"end":{"line":8,"column":17}},"5":{"start":{"line":11,"column":0},"end":{"line":33,"column":3}},"6":{"start":{"line":12,"column":2},"end":{"line":32,"column":3}},"7":{"start":{"line":13,"column":19},"end":{"line":13,"column":30}},"8":{"start":{"line":14,"column":21},"end":{"line":14,"column":30}},"9":{"start":{"line":15,"column":16},"end":{"line":15,"column":26}},"10":{"start":{"line":17,"column":4},"end":{"line":25,"column":5}},"11":{"start":{"line":18,"column":33},"end":{"line":18,"column":48}},"12":{"start":{"line":19,"column":25},"end":{"line":19,"column":55}},"13":{"start":{"line":20,"column":23},"end":{"line":20,"column":53}},"14":{"start":{"line":21,"column":6},"end":{"line":21,"column":41}},"15":{"start":{"line":23,"column":6},"end":{"line":23,"column":43}},"16":{"start":{"line":24,"column":6},"end":{"line":24,"column":43}},"17":{"start":{"line":27,"column":18},"end":{"line":27,"column":40}},"18":{"start":{"line":28,"column":4},"end":{"line":28,"column":32}},"19":{"start":{"line":30,"column":4},"end":{"line":30,"column":50}},"20":{"start":{"line":31,"column":4},"end":{"line":31,"column":56}},"21":{"start":{"line":36,"column":0},"end":{"line":47,"column":3}},"22":{"start":{"line":37,"column":2},"end":{"line":46,"column":3}},"23":{"start":{"line":38,"column":20},"end":{"line":38,"column":66}},"24":{"start":{"line":39,"column":4},"end":{"line":39,"column":25}},"25":{"start":{"line":40,"column":4},"end":{"line":42,"column":76}},"26":{"start":{"line":44,"column":4},"end":{"line":44,"column":49}},"27":{"start":{"line":45,"column":4},"end":{"line":45,"column":51}},"28":{"start":{"line":50,"column":0},"end":{"line":68,"column":3}},"29":{"start":{"line":51,"column":2},"end":{"line":67,"column":3}},"30":{"start":{"line":52,"column":19},"end":{"line":52,"column":32}},"31":{"start":{"line":53,"column":20},"end":{"line":53,"column":28}},"32":{"start":{"line":55,"column":24},"end":{"line":57,"column":6}},"33":{"start":{"line":59,"column":4},"end":{"line":61,"column":5}},"34":{"start":{"line":60,"column":6},"end":{"line":60,"column":65}},"35":{"start":{"line":63,"column":4},"end":{"line":63,"column":26}},"36":{"start":{"line":65,"column":4},"end":{"line":65,"column":49}},"37":{"start":{"line":66,"column":4},"end":{"line":66,"column":54}},"38":{"start":{"line":71,"column":0},"end":{"line":82,"column":3}},"39":{"start":{"line":72,"column":2},"end":{"line":81,"column":3}},"40":{"start":{"line":73,"column":17},"end":{"line":73,"column":60}},"41":{"start":{"line":74,"column":4},"end":{"line":76,"column":5}},"42":{"start":{"line":75,"column":6},"end":{"line":75,"column":65}},"43":{"start":{"line":77,"column":4},"end":{"line":77,"column":67}},"44":{"start":{"line":79,"column":4},"end":{"line":79,"column":49}},"45":{"start":{"line":80,"column":4},"end":{"line":80,"column":54}},"46":{"start":{"line":84,"column":0},"end":{"line":84,"column":24}}},"fnMap":{"0":{"name":"(anonymous_0)","decl":{"start":{"line":11,"column":16},"end":{"line":11,"column":17}},"loc":{"start":{"line":11,"column":36},"end":{"line":33,"column":1}},"line":11},"1":{"name":"(anonymous_1)","decl":{"start":{"line":36,"column":17},"end":{"line":36,"column":18}},"loc":{"start":{"line":36,"column":37},"end":{"line":47,"column":1}},"line":36},"2":{"name":"(anonymous_2)","decl":{"start":{"line":50,"column":19},"end":{"line":50,"column":20}},"loc":{"start":{"line":50,"column":39},"end":{"line":68,"column":1}},"line":50},"3":{"name":"(anonymous_3)","decl":{"start":{"line":71,"column":22},"end":{"line":71,"column":23}},"loc":{"start":{"line":71,"column":42},"end":{"line":82,"column":1}},"line":71}},"branchMap":{"0":{"loc":{"start":{"line":17,"column":4},"end":{"line":25,"column":5}},"type":"if","locations":[{"start":{"line":17,"column":4},"end":{"line":25,"column":5}},{"start":{},"end":{}}],"line":17},"1":{"loc":{"start":{"line":59,"column":4},"end":{"line":61,"column":5}},"type":"if","locations":[{"start":{"line":59,"column":4},"end":{"line":61,"column":5}},{"start":{},"end":{}}],"line":59},"2":{"loc":{"start":{"line":74,"column":4},"end":{"line":76,"column":5}},"type":"if","locations":[{"start":{"line":74,"column":4},"end":{"line":76,"column":5}},{"start":{},"end":{}}],"line":74}},"s":{"0":2,"1":2,"2":2,"3":2,"4":2,"5":2,"6":1,"7":1,"8":1,"9":1,"10":1,"11":1,"12":1,"13":1,"14":1,"15":1,"16":1,"17":1,"18":1,"19":0,"20":0,"21":2,"22":0,"23":0,"24":0,"25":0,"26":0,"27":0,"28":2,"29":0,"30":0,"31":0,"32":0,"33":0,"34":0,"35":0,"36":0,"37":0,"38":2,"39":0,"40":0,"41":0,"42":0,"43":0,"44":0,"45":0,"46":2},"f":{"0":1,"1":0,"2":0,"3":0},"b":{"0":[1,0],"1":[0,0],"2":[0,0]},"_coverageSchema":"1a1c01bbd47fc00a2c39e90264f33305004495a9","hash":"2df6ffd832983fd0612f5213c0c450a2b24515dc"}
,"C:\\Users\\manme\\CSC308\\ToDoList\\frontend\\src\\api\\users.ts": {"path":"C:\\Users\\manme\\CSC308\\ToDoList\\frontend\\src\\api\\users.ts","statementMap":{"0":{"start":{"line":1,"column":16},"end":{"line":1,"column":49}},"1":{"start":{"line":3,"column":24},"end":{"line":22,"column":2}},"2":{"start":{"line":3,"column":35},"end":{"line":22,"column":2}},"3":{"start":{"line":4,"column":2},"end":{"line":21,"column":3}},"4":{"start":{"line":5,"column":16},"end":{"line":10,"column":6}},"5":{"start":{"line":12,"column":4},"end":{"line":14,"column":5}},"6":{"start":{"line":13,"column":6},"end":{"line":13,"column":59}},"7":{"start":{"line":16,"column":18},"end":{"line":16,"column":34}},"8":{"start":{"line":17,"column":4},"end":{"line":17,"column":23}},"9":{"start":{"line":18,"column":4},"end":{"line":18,"column":17}},"10":{"start":{"line":20,"column":4},"end":{"line":20,"column":35}},"11":{"start":{"line":3,"column":13},"end":{"line":3,"column":24}}},"fnMap":{"0":{"name":"(anonymous_7)","decl":{"start":{"line":3,"column":24},"end":{"line":3,"column":33}},"loc":{"start":{"line":3,"column":35},"end":{"line":22,"column":2}}},"1":{"name":"(anonymous_8)","decl":{"start":{"line":3,"column":35},"end":{"line":3,"column":null}},"loc":{"start":{"line":3,"column":35},"end":{"line":22,"column":1}}}},"branchMap":{"0":{"loc":{"start":{"line":12,"column":4},"end":{"line":14,"column":5}},"type":"if","locations":[{"start":{"line":12,"column":4},"end":{"line":14,"column":5}}]}},"s":{"0":1,"1":1,"2":3,"3":3,"4":3,"5":2,"6":1,"7":1,"8":1,"9":1,"10":2,"11":1},"f":{"0":3,"1":3},"b":{"0":[1]}}
}
