TN:
SF:backend\connection.js
FN:6,makeNewConnection
FN:28,(anonymous_1)
FN:32,(anonymous_2)
FN:36,(anonymous_3)
FNF:4
FNH:1
FNDA:2,makeNewConnection
FNDA:0,(anonymous_1)
FNDA:0,(anonymous_2)
FNDA:0,(anonymous_3)
DA:1,2
DA:2,2
DA:4,2
DA:7,2
DA:8,2
DA:9,2
DA:10,0
DA:12,2
DA:15,0
DA:21,0
DA:22,0
DA:24,0
DA:27,0
DA:28,0
DA:29,0
DA:32,0
DA:33,0
DA:36,0
DA:37,0
DA:41,0
DA:46,2
LF:21
LH:8
BRDA:7,0,0,2
BRDA:7,0,1,0
BRDA:9,1,0,0
BRDA:9,1,1,2
BRDA:21,2,0,0
BRDA:21,2,1,0
BRDA:27,3,0,0
BRDA:27,3,1,0
BRF:8
BRH:2
end_of_record
TN:
SF:backend\middleware\auth.js
FN:4,(anonymous_0)
FN:10,(anonymous_1)
FNF:2
FNH:0
FNDA:0,(anonymous_0)
FNDA:0,(anonymous_1)
DA:2,1
DA:4,1
DA:5,0
DA:6,0
DA:8,0
DA:10,0
DA:11,0
DA:12,0
DA:13,0
DA:17,1
LF:10
LH:3
BRDA:6,0,0,0
BRDA:6,0,1,0
BRDA:8,1,0,0
BRDA:8,1,1,0
BRDA:11,2,0,0
BRDA:11,2,1,0
BRF:6
BRH:0
end_of_record
TN:
SF:backend\models\taskSchema.js
FNF:0
FNH:0
DA:2,2
DA:3,2
DA:4,2
DA:5,2
DA:24,2
DA:25,0
DA:27,2
DA:30,2
LF:8
LH:7
BRDA:24,0,0,0
BRDA:24,0,1,2
BRF:2
BRH:1
end_of_record
TN:
SF:backend\routes\tasksRoutes.js
FN:11,(anonymous_0)
FN:36,(anonymous_1)
FN:50,(anonymous_2)
FN:71,(anonymous_3)
FNF:4
FNH:1
FNDA:1,(anonymous_0)
FNDA:0,(anonymous_1)
FNDA:0,(anonymous_2)
FNDA:0,(anonymous_3)
DA:2,2
DA:3,2
DA:4,2
DA:5,2
DA:8,2
DA:11,2
DA:12,1
DA:13,1
DA:14,1
DA:15,1
DA:17,1
DA:18,1
DA:19,1
DA:20,1
DA:21,1
DA:23,1
DA:24,1
DA:27,1
DA:28,1
DA:30,0
DA:31,0
DA:36,2
DA:37,0
DA:38,0
DA:39,0
DA:40,0
DA:44,0
DA:45,0
DA:50,2
DA:51,0
DA:52,0
DA:53,0
DA:55,0
DA:59,0
DA:60,0
DA:63,0
DA:65,0
DA:66,0
DA:71,2
DA:72,0
DA:73,0
DA:74,0
DA:75,0
DA:77,0
DA:79,0
DA:80,0
DA:84,2
LF:47
LH:23
BRDA:17,0,0,1
BRDA:17,0,1,0
BRDA:59,1,0,0
BRDA:59,1,1,0
BRDA:74,2,0,0
BRDA:74,2,1,0
BRF:6
BRH:1
end_of_record
TN:
SF:frontend\src\api\users.ts
FN:3,(anonymous_7)
FN:3,(anonymous_8)
FNF:2
FNH:2
FNDA:3,(anonymous_7)
FNDA:3,(anonymous_8)
DA:1,1
DA:3,3
DA:4,3
DA:5,3
DA:12,2
DA:13,1
DA:16,1
DA:17,1
DA:18,1
DA:20,2
LF:10
LH:10
BRDA:12,0,0,1
BRF:1
BRH:1
end_of_record
