TN:
SF:backend\connection.js
FN:3,makeNewConnection
FN:34,(anonymous_1)
FN:37,(anonymous_2)
FN:40,(anonymous_3)
FNF:4
FNH:4
FNDA:13,makeNewConnection
FNDA:3,(anonymous_1)
FNDA:1,(anonymous_2)
FNDA:1,(anonymous_3)
DA:1,4
DA:4,13
DA:5,2
DA:6,1
DA:8,1
DA:9,1
DA:10,1
DA:13,11
DA:18,1
DA:22,10
DA:23,10
DA:25,0
DA:28,10
DA:33,10
DA:34,3
DA:35,3
DA:37,3
DA:38,1
DA:40,3
DA:41,1
DA:45,10
DA:48,4
LF:22
LH:21
BRDA:4,0,0,2
BRDA:4,0,1,11
BRDA:5,1,0,1
BRDA:5,1,1,1
BRDA:13,2,0,1
BRDA:13,2,1,10
BRDA:14,3,0,11
BRDA:14,3,1,4
BRDA:14,3,2,4
BRDA:14,3,3,1
BRDA:23,4,0,10
BRDA:23,4,1,3
BRDA:33,5,0,3
BRDA:33,5,1,7
BRF:14
BRH:14
end_of_record
TN:
SF:backend\db.js
FN:4,(anonymous_0)
FNF:1
FNH:1
FNDA:4,(anonymous_0)
DA:1,3
DA:2,3
DA:4,3
DA:5,4
DA:6,1
DA:9,3
DA:10,1
DA:11,1
DA:14,2
DA:15,2
DA:16,1
DA:18,1
DA:22,3
LF:13
LH:13
BRDA:5,0,0,1
BRDA:5,0,1,3
BRDA:9,1,0,1
BRDA:9,1,1,2
BRF:4
BRH:4
end_of_record
TN:
SF:backend\server.js
FN:30,(anonymous_0)
FN:41,(anonymous_1)
FN:57,(anonymous_2)
FN:64,(anonymous_3)
FN:65,(anonymous_4)
FNF:5
FNH:3
FNDA:9,(anonymous_0)
FNDA:9,(anonymous_1)
FNDA:1,(anonymous_2)
FNDA:0,(anonymous_3)
FNDA:0,(anonymous_4)
DA:1,2
DA:3,2
DA:4,2
DA:5,2
DA:6,2
DA:8,2
DA:9,2
DA:10,2
DA:11,2
DA:12,2
DA:14,2
DA:15,2
DA:18,2
DA:19,2
DA:21,2
DA:30,2
DA:31,9
DA:32,9
DA:36,9
DA:37,9
DA:41,2
DA:42,9
DA:43,9
DA:47,2
DA:50,2
DA:51,2
DA:52,2
DA:53,2
DA:54,2
DA:55,2
DA:57,2
DA:58,1
DA:59,1
DA:63,2
DA:64,0
DA:65,0
DA:69,2
LF:37
LH:35
BRDA:15,0,0,2
BRDA:15,0,1,2
BRDA:63,1,0,0
BRDA:63,1,1,2
BRF:4
BRH:3
end_of_record
TN:
SF:backend\controllers\authController.js
FN:6,(anonymous_0)
FN:12,(anonymous_1)
FN:82,(anonymous_2)
FN:126,(anonymous_3)
FN:153,(anonymous_4)
FN:181,(anonymous_5)
FNF:6
FNH:6
FNDA:4,(anonymous_0)
FNDA:6,(anonymous_1)
FNDA:5,(anonymous_2)
FNDA:2,(anonymous_3)
FNDA:2,(anonymous_4)
FNDA:2,(anonymous_5)
DA:1,4
DA:2,4
DA:3,4
DA:4,4
DA:6,4
DA:7,4
DA:12,4
DA:13,6
DA:16,6
DA:17,1
DA:24,5
DA:25,5
DA:26,1
DA:33,4
DA:34,1
DA:40,3
DA:42,3
DA:43,3
DA:44,1
DA:54,2
DA:55,2
DA:62,2
DA:63,2
DA:65,2
DA:73,0
DA:74,0
DA:82,4
DA:83,5
DA:85,5
DA:86,1
DA:92,4
DA:93,4
DA:94,4
DA:95,1
DA:101,3
DA:102,3
DA:103,1
DA:109,2
DA:110,2
DA:118,0
DA:119,0
DA:126,4
DA:127,2
DA:128,2
DA:131,2
DA:133,2
DA:134,2
DA:135,1
DA:138,2
DA:148,0
DA:149,0
DA:153,4
DA:154,2
DA:156,1
DA:157,1
DA:168,1
DA:169,1
DA:171,1
DA:176,0
DA:177,0
DA:181,4
DA:182,2
DA:184,2
DA:185,1
DA:188,1
DA:189,1
DA:201,1
DA:202,0
DA:205,1
DA:207,0
DA:208,0
DA:212,4
LF:72
LH:61
BRDA:16,0,0,1
BRDA:16,0,1,5
BRDA:16,1,0,6
BRDA:16,1,1,5
BRDA:16,1,2,5
BRDA:16,1,3,5
BRDA:25,2,0,1
BRDA:25,2,1,4
BRDA:33,3,0,1
BRDA:33,3,1,3
BRDA:43,4,0,1
BRDA:43,4,1,2
BRDA:47,5,0,1
BRDA:47,5,1,0
BRDA:85,6,0,1
BRDA:85,6,1,4
BRDA:85,7,0,5
BRDA:85,7,1,4
BRDA:94,8,0,1
BRDA:94,8,1,3
BRDA:102,9,0,1
BRDA:102,9,1,2
BRDA:131,10,0,0
BRDA:131,10,1,2
BRDA:134,11,0,1
BRDA:134,11,1,1
BRDA:134,12,0,2
BRDA:134,12,1,1
BRDA:144,13,0,2
BRDA:144,13,1,1
BRDA:145,14,0,2
BRDA:145,14,1,1
BRDA:154,15,0,1
BRDA:154,15,1,1
BRDA:184,16,0,1
BRDA:184,16,1,1
BRDA:184,17,0,2
BRDA:184,17,1,1
BRDA:184,17,2,1
BRDA:195,18,0,1
BRDA:195,18,1,1
BRDA:196,19,0,1
BRDA:196,19,1,1
BRDA:201,20,0,0
BRDA:201,20,1,1
BRF:45
BRH:42
end_of_record
TN:
SF:backend\middleware\auth.js
FN:4,(anonymous_0)
FN:10,(anonymous_1)
FNF:2
FNH:2
FNDA:9,(anonymous_0)
FNDA:7,(anonymous_1)
DA:2,2
DA:4,2
DA:5,9
DA:6,9
DA:8,9
DA:10,7
DA:11,7
DA:12,6
DA:13,6
DA:17,2
LF:10
LH:10
BRDA:6,0,0,9
BRDA:6,0,1,8
BRDA:8,1,0,2
BRDA:8,1,1,7
BRDA:11,2,0,1
BRDA:11,2,1,6
BRF:6
BRH:6
end_of_record
TN:
SF:backend\models\initModels.js
FNF:0
FNH:0
DA:1,4
DA:2,4
DA:3,4
DA:5,4
DA:6,4
DA:8,4
DA:9,4
DA:11,4
LF:8
LH:8
BRF:0
BRH:0
end_of_record
TN:
SF:backend\models\taskSchema.js
FNF:0
FNH:0
DA:1,4
DA:2,4
DA:19,4
LF:3
LH:3
BRF:0
BRH:0
end_of_record
TN:
SF:backend\models\userSchema.js
FNF:0
FNH:0
DA:1,5
DA:3,5
DA:19,5
LF:3
LH:3
BRF:0
BRH:0
end_of_record
TN:
SF:backend\routes\authRoutes.js
FN:21,(anonymous_0)
FN:31,(anonymous_1)
FN:41,(anonymous_2)
FN:66,(anonymous_3)
FNF:4
FNH:1
FNDA:1,(anonymous_0)
FNDA:0,(anonymous_1)
FNDA:0,(anonymous_2)
FNDA:0,(anonymous_3)
DA:1,3
DA:2,3
DA:3,3
DA:4,3
DA:11,3
DA:12,3
DA:15,3
DA:16,3
DA:18,3
DA:19,3
DA:21,3
DA:22,1
DA:25,3
DA:26,3
DA:29,3
DA:31,3
DA:32,0
DA:33,0
DA:34,0
DA:36,0
DA:37,0
DA:41,3
DA:42,0
DA:43,0
DA:44,0
DA:46,0
DA:47,0
DA:52,0
DA:53,0
DA:55,0
DA:61,0
DA:62,0
DA:66,3
DA:67,0
DA:68,0
DA:69,0
DA:74,0
DA:75,0
DA:79,3
LF:39
LH:19
BRDA:43,0,0,0
BRDA:43,0,1,0
BRDA:43,1,0,0
BRDA:43,1,1,0
BRDA:52,2,0,0
BRDA:52,2,1,0
BRDA:70,3,0,0
BRDA:70,3,1,0
BRDA:71,4,0,0
BRDA:71,4,1,0
BRF:10
BRH:0
end_of_record
TN:
SF:backend\routes\googleCalendar.js
FN:17,(anonymous_0)
FN:26,(anonymous_1)
FN:34,(anonymous_2)
FN:49,(anonymous_3)
FN:70,(anonymous_4)
FN:85,(anonymous_5)
FN:104,(anonymous_6)
FNF:7
FNH:7
FNDA:1,(anonymous_0)
FNDA:2,(anonymous_1)
FNDA:2,(anonymous_2)
FNDA:2,(anonymous_3)
FNDA:2,(anonymous_4)
FNDA:3,(anonymous_5)
FNDA:2,(anonymous_6)
DA:1,3
DA:2,3
DA:3,3
DA:5,3
DA:11,3
DA:17,3
DA:18,1
DA:23,1
DA:26,3
DA:27,2
DA:28,1
DA:30,1
DA:34,3
DA:35,2
DA:36,2
DA:37,2
DA:38,1
DA:40,1
DA:42,1
DA:44,1
DA:45,1
DA:49,3
DA:50,2
DA:51,2
DA:52,1
DA:53,1
DA:54,1
DA:55,1
DA:56,1
DA:57,1
DA:58,1
DA:66,1
DA:67,1
DA:70,2
DA:78,1
DA:80,0
DA:81,0
DA:85,3
DA:86,3
DA:87,3
DA:88,2
DA:90,2
DA:91,2
DA:93,2
DA:94,1
DA:96,1
DA:97,2
DA:103,2
DA:104,2
DA:105,2
DA:116,1
DA:118,1
DA:119,1
DA:123,3
LF:54
LH:52
BRDA:27,0,0,1
BRDA:27,0,1,1
BRDA:51,1,0,1
BRDA:51,1,1,1
BRDA:72,2,0,2
BRDA:72,2,1,1
BRDA:73,3,0,2
BRDA:73,3,1,1
BRDA:74,4,0,2
BRDA:74,4,1,1
BRDA:75,5,0,2
BRDA:75,5,1,1
BRDA:87,6,0,1
BRDA:87,6,1,2
BRDA:103,7,0,2
BRDA:103,7,1,0
BRF:16
BRH:15
end_of_record
TN:
SF:backend\routes\tasksRoutes.js
FN:11,(anonymous_0)
FN:36,(anonymous_1)
FN:50,(anonymous_2)
FN:71,(anonymous_3)
FNF:4
FNH:4
FNDA:3,(anonymous_0)
FNDA:2,(anonymous_1)
FNDA:2,(anonymous_2)
FNDA:3,(anonymous_3)
DA:2,3
DA:3,3
DA:4,3
DA:5,3
DA:8,3
DA:11,3
DA:12,3
DA:13,3
DA:14,3
DA:15,3
DA:17,3
DA:18,1
DA:19,1
DA:20,1
DA:21,1
DA:23,1
DA:24,1
DA:27,3
DA:28,3
DA:30,0
DA:31,0
DA:36,3
DA:37,2
DA:38,2
DA:39,2
DA:40,2
DA:44,0
DA:45,0
DA:50,3
DA:51,2
DA:52,2
DA:53,2
DA:55,2
DA:59,2
DA:60,0
DA:63,2
DA:65,0
DA:66,0
DA:71,3
DA:72,3
DA:73,3
DA:74,3
DA:75,1
DA:77,2
DA:79,0
DA:80,0
DA:84,3
LF:47
LH:38
BRDA:17,0,0,1
BRDA:17,0,1,2
BRDA:59,1,0,0
BRDA:59,1,1,2
BRDA:74,2,0,1
BRDA:74,2,1,2
BRF:6
BRH:5
end_of_record
TN:
SF:backend\routes\userRoutes.js
FN:8,(anonymous_0)
FN:18,(anonymous_1)
FN:83,(anonymous_2)
FNF:3
FNH:3
FNDA:3,(anonymous_0)
FNDA:7,(anonymous_1)
FNDA:3,(anonymous_2)
DA:1,3
DA:2,3
DA:3,3
DA:4,3
DA:5,3
DA:8,3
DA:9,3
DA:10,3
DA:11,2
DA:13,1
DA:18,3
DA:19,7
DA:21,7
DA:23,7
DA:24,1
DA:30,6
DA:31,1
DA:37,5
DA:38,1
DA:44,4
DA:45,4
DA:46,3
DA:47,1
DA:53,2
DA:54,2
DA:55,1
DA:61,1
DA:67,1
DA:73,1
DA:74,1
DA:83,3
DA:84,3
DA:85,3
DA:86,2
DA:87,1
DA:89,1
DA:93,3
LF:37
LH:37
BRDA:23,0,0,1
BRDA:23,0,1,6
BRDA:23,1,0,7
BRDA:23,1,1,2
BRDA:30,2,0,1
BRDA:30,2,1,5
BRDA:37,3,0,1
BRDA:37,3,1,4
BRDA:46,4,0,1
BRDA:46,4,1,2
BRDA:54,5,0,1
BRDA:54,5,1,1
BRDA:86,6,0,1
BRDA:86,6,1,1
BRF:14
BRH:14
end_of_record
TN:
SF:frontend\src\api\tasks.js
FN:3,(anonymous_0)
FN:7,(anonymous_1)
FN:22,(anonymous_2)
FN:39,(anonymous_3)
FN:60,(anonymous_4)
FN:80,(anonymous_5)
FN:98,(anonymous_6)
FN:121,(anonymous_7)
FN:137,(anonymous_8)
FNF:9
FNH:3
FNDA:0,(anonymous_0)
FNDA:2,(anonymous_1)
FNDA:0,(anonymous_2)
FNDA:0,(anonymous_3)
FNDA:2,(anonymous_4)
FNDA:2,(anonymous_5)
FNDA:0,(anonymous_6)
FNDA:0,(anonymous_7)
FNDA:0,(anonymous_8)
DA:1,1
DA:3,1
DA:4,0
DA:7,1
DA:8,2
DA:9,2
DA:14,2
DA:15,1
DA:17,1
DA:18,1
DA:22,1
DA:23,0
DA:24,0
DA:25,0
DA:31,0
DA:32,0
DA:34,0
DA:35,0
DA:39,1
DA:40,0
DA:41,0
DA:42,0
DA:43,0
DA:52,0
DA:53,0
DA:55,0
DA:56,0
DA:60,1
DA:61,2
DA:62,2
DA:72,2
DA:73,1
DA:75,1
DA:76,1
DA:80,1
DA:81,2
DA:82,2
DA:90,2
DA:91,1
DA:93,1
DA:94,1
DA:98,1
DA:99,0
DA:100,0
DA:109,0
DA:110,0
DA:111,0
DA:114,0
DA:116,0
DA:117,0
DA:121,1
DA:122,0
DA:123,0
DA:129,0
DA:130,0
DA:132,0
DA:133,0
DA:137,1
DA:138,0
DA:141,0
DA:142,0
LF:61
LH:28
BRDA:14,0,0,1
BRDA:14,0,1,1
BRDA:31,1,0,0
BRDA:31,1,1,0
BRDA:52,2,0,0
BRDA:52,2,1,0
BRDA:72,3,0,1
BRDA:72,3,1,1
BRDA:90,4,0,1
BRDA:90,4,1,1
BRDA:109,5,0,0
BRDA:109,5,1,0
BRDA:111,6,0,0
BRDA:111,6,1,0
BRDA:129,7,0,0
BRDA:129,7,1,0
BRDA:141,8,0,0
BRDA:141,8,1,0
BRF:18
BRH:6
end_of_record
TN:
SF:frontend\src\api\users.js
FN:3,(anonymous_0)
FNF:1
FNH:1
FNDA:3,(anonymous_0)
DA:1,1
DA:3,1
DA:4,3
DA:5,3
DA:12,2
DA:13,1
DA:16,1
DA:17,1
DA:18,1
DA:20,2
LF:10
LH:10
BRDA:12,0,0,1
BRDA:12,0,1,1
BRF:2
BRH:2
end_of_record
